Conflicting CPU frequency values detected: 2450.006000 != 3700.685000. CPU Frequency is not max.
---------------------------------------------------------------------------------------
                    RDMA_Write_imm BW Test
 Dual-port       : OFF		Device         : mlx5_0
 Number of qps   : 1		Transport type : IB
 Connection type : RC		Using SRQ      : OFF
 PCIe relax order: ON
 ibv_wr* API     : ON
 TX depth        : 128
 CQ Moderation   : 100
 Mtu             : 4096[B]
 Link type       : IB
 Max inline data : 0[B]
 rdma_cm QPs	 : OFF
 Data ex. method : Ethernet
---------------------------------------------------------------------------------------
 local address: LID 0x65a QPN 0x1b8e PSN 0x775c8e RKey 0x383130 VAddr 0x00000000685000
 remote address: LID 0x659 QPN 0x035d PSN 0xe88364 RKey 0x3831f0 VAddr 0x00000001a14000
---------------------------------------------------------------------------------------
 #bytes     #iterations    BW peak[MB/sec]    BW average[MB/sec]   MsgRate[Mpps]
 2          5000             10.07              9.84   		   5.158800
---------------------------------------------------------------------------------------
---------------------------------------------------------------------------------------
RVMA Testing Results for machine type: CLIENT
Total RDMA Cold Start Elapsed time: 1033563 microseconds
Total RDMA Elapsed time: 7838 microseconds
Total RVMA Elapsed time: 969 microseconds
