Conflicting CPU frequency values detected: 2450.006000 != 3700.020000. CPU Frequency is not max.
---------------------------------------------------------------------------------------
                    RDMA_Write_imm BW Test
 Dual-port       : OFF		Device         : mlx5_0
 Number of qps   : 1		Transport type : IB
 Connection type : RC		Using SRQ      : OFF
 PCIe relax order: ON
 ibv_wr* API     : ON
 TX depth        : 128
 CQ Moderation   : 100
 Mtu             : 4096[B]
 Link type       : IB
 Max inline data : 0[B]
 rdma_cm QPs	 : OFF
 Data ex. method : Ethernet
---------------------------------------------------------------------------------------
 local address: LID 0x65a QPN 0x1ba1 PSN 0x746ea RKey 0x383141 VAddr 0x00000001bea000
 remote address: LID 0x659 QPN 0x036e PSN 0xbb9c28 RKey 0x383101 VAddr 0x00000001596000
---------------------------------------------------------------------------------------
 #bytes     #iterations    BW peak[MB/sec]    BW average[MB/sec]   MsgRate[Mpps]
 4          5000             20.23              20.10  		   5.269161
---------------------------------------------------------------------------------------
---------------------------------------------------------------------------------------
RVMA Testing Results for machine type: CLIENT
Total RDMA Cold Start Elapsed time: 1024271 microseconds
Total RDMA Elapsed time: 5688 microseconds
Total RVMA Elapsed time: 949 microseconds
