Conflicting CPU frequency values detected: 3210.290000 != 2395.393000. CPU Frequency is not max.
---------------------------------------------------------------------------------------
                    RDMA_Write_imm Latency Test
 Dual-port       : OFF		Device         : mlx5_0
 Number of qps   : 1		Transport type : IB
 Connection type : RC		Using SRQ      : OFF
 PCIe relax order: OFF
 ibv_wr* API     : ON
 TX depth        : 1
 Mtu             : 4096[B]
 Link type       : IB
 Max inline data : 220[B]
 rdma_cm QPs	 : OFF
 Data ex. method : Ethernet
---------------------------------------------------------------------------------------
 local address: LID 0x316 QPN 0x0688 PSN 0xbf4bfb RKey 0x16d797 VAddr 0x0000000048e000
 remote address: LID 0x29f QPN 0x0688 PSN 0xed28d9 RKey 0x17c686 VAddr 0x00000001293000
---------------------------------------------------------------------------------------
 #bytes #iterations    t_min[usec]    t_max[usec]  t_typical[usec]    t_avg[usec]    t_stdev[usec]   99% percentile[usec]   99.9% percentile[usec] 
---------------------------------------------------------------------------------------
RVMA Testing Results for machine type: CLIENT
Total RDMA Cold Start Elapsed time: 257344 microseconds
Total RDMA Elapsed time: 240114 microseconds
Total RVMA Elapsed time: 8 microseconds
