Conflicting CPU frequency values detected: 2395.471000 != 1841.218000. CPU Frequency is not max.
---------------------------------------------------------------------------------------
                    RDMA_Write_imm BW Test
 Dual-port       : OFF		Device         : mlx5_0
 Number of qps   : 1		Transport type : IB
 Connection type : RC		Using SRQ      : OFF
 PCIe relax order: ON
 ibv_wr* API     : ON
 TX depth        : 128
 CQ Moderation   : 100
 Mtu             : 4096[B]
 Link type       : IB
 Max inline data : 0[B]
 rdma_cm QPs	 : OFF
 Data ex. method : Ethernet
---------------------------------------------------------------------------------------
 local address: LID 0x2c9 QPN 0x02bf PSN 0xbd3640 RKey 0x203152 VAddr 0x0000000044b000
 remote address: LID 0x214 QPN 0x02bf PSN 0xba8c5a RKey 0x203152 VAddr 0x00000001dd5000
---------------------------------------------------------------------------------------
 #bytes     #iterations    BW peak[MB/sec]    BW average[MB/sec]   MsgRate[Mpps]
 16         5000             42.35              42.10  		   2.759261
---------------------------------------------------------------------------------------
---------------------------------------------------------------------------------------
RVMA Testing Results for machine type: CLIENT
Total RDMA Cold Start Elapsed time: 1027056 microseconds
Total RDMA Elapsed time: 9434 microseconds
Total RVMA Elapsed time: 1812 microseconds
