Conflicting CPU frequency values detected: 2395.393000 != 3254.849000. CPU Frequency is not max.
After local write: buf[4098] = 0x5A
---------------------------------------------------------------------------------------
                    RDMA_Write_imm Latency Test
 Dual-port       : OFF		Device         : mlx5_0
 Number of qps   : 1		Transport type : IB
 Connection type : RC		Using SRQ      : OFF
 PCIe relax order: OFF
 ibv_wr* API     : ON
 TX depth        : 1
 Mtu             : 4096[B]
 Link type       : IB
 Max inline data : 220[B]
 rdma_cm QPs	 : OFF
 Data ex. method : Ethernet
---------------------------------------------------------------------------------------
 local address: LID 0x316 QPN 0x2b5c PSN 0xf38159 RKey 0x12eaaa VAddr 0x0000000208d000
 remote address: LID 0x25b QPN 0x3eb2 PSN 0x5389a6 RKey 0x2385fa VAddr 0x00000001c0a000
---------------------------------------------------------------------------------------
 #bytes #iterations    t_min[usec]    t_max[usec]  t_typical[usec]    t_avg[usec]    t_stdev[usec]   99% percentile[usec]   99.9% percentile[usec] 
---------------------------------------------------------------------------------------
RVMA Testing Results for machine type: CLIENT
Total RDMA Cold Start Elapsed time: 245014 microseconds
Total RDMA Elapsed time: 239346 microseconds
Total RVMA Elapsed time: 6 microseconds
