Conflicting CPU frequency values detected: 2395.581000 != 3210.537000. CPU Frequency is not max.
---------------------------------------------------------------------------------------
                    RDMA_Write_imm Latency Test
 Dual-port       : OFF		Device         : mlx5_0
 Number of qps   : 1		Transport type : IB
 Connection type : RC		Using SRQ      : OFF
 PCIe relax order: OFF
 ibv_wr* API     : ON
 TX depth        : 1
 Mtu             : 4096[B]
 Link type       : IB
 Max inline data : 220[B]
 rdma_cm QPs	 : OFF
 Data ex. method : Ethernet
---------------------------------------------------------------------------------------
 local address: LID 0x48b QPN 0x0406 PSN 0xe42c4b RKey 0x14b879 VAddr 0x000000023cb000
 remote address: LID 0x477 QPN 0x038e PSN 0x93dd4b RKey 0x147d3d VAddr 0x00000000c77000
---------------------------------------------------------------------------------------
 #bytes #iterations    t_min[usec]    t_max[usec]  t_typical[usec]    t_avg[usec]    t_stdev[usec]   99% percentile[usec]   99.9% percentile[usec] 
---------------------------------------------------------------------------------------
RVMA Testing Results for machine type: CLIENT
Total RDMA Cold Start Elapsed time: 257174 microseconds
Total RDMA Elapsed time: 240547 microseconds
Total RVMA Elapsed time: 9 microseconds
