Conflicting CPU frequency values detected: 2450.006000 != 3699.715000. CPU Frequency is not max.
---------------------------------------------------------------------------------------
                    RDMA_Write_imm BW Test
 Dual-port       : OFF		Device         : mlx5_0
 Number of qps   : 1		Transport type : IB
 Connection type : RC		Using SRQ      : OFF
 PCIe relax order: ON
 ibv_wr* API     : ON
 TX depth        : 128
 CQ Moderation   : 100
 Mtu             : 4096[B]
 Link type       : IB
 Max inline data : 0[B]
 rdma_cm QPs	 : OFF
 Data ex. method : Ethernet
---------------------------------------------------------------------------------------
 local address: LID 0x65a QPN 0x1ba5 PSN 0x27fd98 RKey 0x383145 VAddr 0x0000000242a000
 remote address: LID 0x659 QPN 0x0372 PSN 0x7ce3af RKey 0x383105 VAddr 0x00000000634000
---------------------------------------------------------------------------------------
 #bytes     #iterations    BW peak[MB/sec]    BW average[MB/sec]   MsgRate[Mpps]
 8          5000             41.35              41.06  		   5.381161
---------------------------------------------------------------------------------------
---------------------------------------------------------------------------------------
RVMA Testing Results for machine type: CLIENT
Total RDMA Cold Start Elapsed time: 1023333 microseconds
Total RDMA Elapsed time: 5731 microseconds
Total RVMA Elapsed time: 929 microseconds
