Conflicting CPU frequency values detected: 2450.006000 != 3701.980000. CPU Frequency is not max.
---------------------------------------------------------------------------------------
                    RDMA_Write_imm BW Test
 Dual-port       : OFF		Device         : mlx5_0
 Number of qps   : 1		Transport type : IB
 Connection type : RC		Using SRQ      : OFF
 PCIe relax order: ON
 ibv_wr* API     : ON
 TX depth        : 128
 CQ Moderation   : 100
 Mtu             : 4096[B]
 Link type       : IB
 Max inline data : 0[B]
 rdma_cm QPs	 : OFF
 Data ex. method : Ethernet
---------------------------------------------------------------------------------------
 local address: LID 0x65a QPN 0x1baa PSN 0x35604c RKey 0x38314a VAddr 0x00000001026000
 remote address: LID 0x659 QPN 0x0377 PSN 0x3f0eab RKey 0x38310a VAddr 0x0000000163c000
---------------------------------------------------------------------------------------
 #bytes     #iterations    BW peak[MB/sec]    BW average[MB/sec]   MsgRate[Mpps]
 8          5000             39.86              39.48  		   5.175032
---------------------------------------------------------------------------------------
---------------------------------------------------------------------------------------
RVMA Testing Results for machine type: CLIENT
Total RDMA Cold Start Elapsed time: 1024040 microseconds
Total RDMA Elapsed time: 6199 microseconds
Total RVMA Elapsed time: 966 microseconds
