Conflicting CPU frequency values detected: 2450.006000 != 3700.018000. CPU Frequency is not max.
---------------------------------------------------------------------------------------
                    RDMA_Write_imm BW Test
 Dual-port       : OFF		Device         : mlx5_0
 Number of qps   : 1		Transport type : IB
 Connection type : RC		Using SRQ      : OFF
 PCIe relax order: ON
 ibv_wr* API     : ON
 TX depth        : 128
 CQ Moderation   : 100
 Mtu             : 4096[B]
 Link type       : IB
 Max inline data : 0[B]
 rdma_cm QPs	 : OFF
 Data ex. method : Ethernet
---------------------------------------------------------------------------------------
 local address: LID 0x65a QPN 0x1ba2 PSN 0x4fe9db RKey 0x383142 VAddr 0x000000010c0000
 remote address: LID 0x659 QPN 0x036f PSN 0x1bb0e6 RKey 0x383102 VAddr 0x0000000127f000
---------------------------------------------------------------------------------------
 #bytes     #iterations    BW peak[MB/sec]    BW average[MB/sec]   MsgRate[Mpps]
 4          5000             20.36              20.18  		   5.290177
---------------------------------------------------------------------------------------
---------------------------------------------------------------------------------------
RVMA Testing Results for machine type: CLIENT
Total RDMA Cold Start Elapsed time: 1011536 microseconds
Total RDMA Elapsed time: 5700 microseconds
Total RVMA Elapsed time: 945 microseconds
