Conflicting CPU frequency values detected: 2395.480000 != 3217.674000. CPU Frequency is not max.
Z set at index 4098
---------------------------------------------------------------------------------------
                    RDMA_Write_imm Latency Test
 Dual-port       : OFF		Device         : mlx5_0
 Number of qps   : 1		Transport type : IB
 Connection type : RC		Using SRQ      : OFF
 PCIe relax order: OFF
 ibv_wr* API     : ON
 TX depth        : 1
 Mtu             : 4096[B]
 Link type       : IB
 Max inline data : 220[B]
 rdma_cm QPs	 : OFF
 Data ex. method : Ethernet
---------------------------------------------------------------------------------------
 local address: LID 0x4a1 QPN 0x0413 PSN 0x22976a RKey 0x125111 VAddr 0x00000000c69000
 remote address: LID 0x477 QPN 0x0962 PSN 0x99b86c RKey 0x168d4d VAddr 0x000000006ce000
---------------------------------------------------------------------------------------
 #bytes #iterations    t_min[usec]    t_max[usec]  t_typical[usec]    t_avg[usec]    t_stdev[usec]   99% percentile[usec]   99.9% percentile[usec] 
---------------------------------------------------------------------------------------
RVMA Testing Results for machine type: CLIENT
Total RDMA Cold Start Elapsed time: 257283 microseconds
Total RDMA Elapsed time: 239801 microseconds
Total RVMA Elapsed time: 7 microseconds
