Conflicting CPU frequency values detected: 2450.006000 != 3700.059000. CPU Frequency is not max.
---------------------------------------------------------------------------------------
                    RDMA_Write_imm BW Test
 Dual-port       : OFF		Device         : mlx5_0
 Number of qps   : 1		Transport type : IB
 Connection type : RC		Using SRQ      : OFF
 PCIe relax order: ON
 ibv_wr* API     : ON
 TX depth        : 128
 CQ Moderation   : 100
 Mtu             : 4096[B]
 Link type       : IB
 Max inline data : 0[B]
 rdma_cm QPs	 : OFF
 Data ex. method : Ethernet
---------------------------------------------------------------------------------------
 local address: LID 0x65a QPN 0x1bba PSN 0x3f8ebb RKey 0x38315a VAddr 0x0000000162c000
 remote address: LID 0x659 QPN 0x0387 PSN 0x8804b1 RKey 0x38311a VAddr 0x00000000583000
---------------------------------------------------------------------------------------
 #bytes     #iterations    BW peak[MB/sec]    BW average[MB/sec]   MsgRate[Mpps]
 32         5000             167.27             166.01 		   5.439821
---------------------------------------------------------------------------------------
---------------------------------------------------------------------------------------
RVMA Testing Results for machine type: CLIENT
Total RDMA Cold Start Elapsed time: 1022908 microseconds
Total RDMA Elapsed time: 5660 microseconds
Total RVMA Elapsed time: 919 microseconds
