Conflicting CPU frequency values detected: 2395.471000 != 3292.858000. CPU Frequency is not max.
---------------------------------------------------------------------------------------
                    RDMA_Write_imm BW Test
 Dual-port       : OFF		Device         : mlx5_0
 Number of qps   : 1		Transport type : IB
 Connection type : RC		Using SRQ      : OFF
 PCIe relax order: ON
 ibv_wr* API     : ON
 TX depth        : 128
 CQ Moderation   : 100
 Mtu             : 4096[B]
 Link type       : IB
 Max inline data : 0[B]
 rdma_cm QPs	 : OFF
 Data ex. method : Ethernet
---------------------------------------------------------------------------------------
 local address: LID 0x2c9 QPN 0x02ac PSN 0x7b5223 RKey 0x20313f VAddr 0x00000002193000
 remote address: LID 0x214 QPN 0x02ac PSN 0x167ebb RKey 0x20313f VAddr 0x00000001497000
---------------------------------------------------------------------------------------
 #bytes     #iterations    BW peak[MB/sec]    BW average[MB/sec]   MsgRate[Mpps]
 4          5000             10.43              10.34  		   2.710451
---------------------------------------------------------------------------------------
---------------------------------------------------------------------------------------
RVMA Testing Results for machine type: CLIENT
Total RDMA Cold Start Elapsed time: 1027063 microseconds
Total RDMA Elapsed time: 9812 microseconds
Total RVMA Elapsed time: 1845 microseconds
