Conflicting CPU frequency values detected: 2395.554000 != 3293.925000. CPU Frequency is not max.
---------------------------------------------------------------------------------------
                    RDMA_Write_imm BW Test
 Dual-port       : OFF		Device         : mlx5_0
 Number of qps   : 1		Transport type : IB
 Connection type : RC		Using SRQ      : OFF
 PCIe relax order: ON
 ibv_wr* API     : ON
 TX depth        : 128
 CQ Moderation   : 100
 Mtu             : 4096[B]
 Link type       : IB
 Max inline data : 0[B]
 rdma_cm QPs	 : OFF
 Data ex. method : Ethernet
---------------------------------------------------------------------------------------
 local address: LID 0x285 QPN 0x3731 PSN 0x475d3e RKey 0x004535 VAddr 0x00000001c17000
 remote address: LID 0x23d QPN 0x219f PSN 0x599b8e RKey 0x004587 VAddr 0x00000000e91000
---------------------------------------------------------------------------------------
 #bytes     #iterations    BW peak[MB/sec]    BW average[MB/sec]   MsgRate[Mpps]
 2          5000             5.30               5.26   		   2.758853
---------------------------------------------------------------------------------------
---------------------------------------------------------------------------------------
RVMA Testing Results for machine type: CLIENT
Total RDMA Cold Start Elapsed time: 1027321 microseconds
Total RDMA Elapsed time: 9786 microseconds
Total RVMA Elapsed time: 1812 microseconds
