Conflicting CPU frequency values detected: 2395.554000 != 3278.200000. CPU Frequency is not max.
---------------------------------------------------------------------------------------
                    RDMA_Write_imm BW Test
 Dual-port       : OFF		Device         : mlx5_0
 Number of qps   : 1		Transport type : IB
 Connection type : RC		Using SRQ      : OFF
 PCIe relax order: ON
 ibv_wr* API     : ON
 TX depth        : 128
 CQ Moderation   : 100
 Mtu             : 4096[B]
 Link type       : IB
 Max inline data : 0[B]
 rdma_cm QPs	 : OFF
 Data ex. method : Ethernet
---------------------------------------------------------------------------------------
 local address: LID 0x285 QPN 0x374b PSN 0x925a02 RKey 0x004541 VAddr 0x00000000b78000
 remote address: LID 0x23d QPN 0x21b0 PSN 0xa7dc97 RKey 0x004593 VAddr 0x00000001d42000
---------------------------------------------------------------------------------------
 #bytes     #iterations    BW peak[MB/sec]    BW average[MB/sec]   MsgRate[Mpps]
 4          5000             10.70              10.65  		   2.791349
---------------------------------------------------------------------------------------
---------------------------------------------------------------------------------------
RVMA Testing Results for machine type: CLIENT
Total RDMA Cold Start Elapsed time: 1015831 microseconds
Total RDMA Elapsed time: 9859 microseconds
Total RVMA Elapsed time: 1791 microseconds
