Conflicting CPU frequency values detected: 2450.006000 != 3699.980000. CPU Frequency is not max.
---------------------------------------------------------------------------------------
                    RDMA_Write_imm BW Test
 Dual-port       : OFF		Device         : mlx5_0
 Number of qps   : 1		Transport type : IB
 Connection type : RC		Using SRQ      : OFF
 PCIe relax order: ON
 ibv_wr* API     : ON
 TX depth        : 128
 CQ Moderation   : 100
 Mtu             : 4096[B]
 Link type       : IB
 Max inline data : 0[B]
 rdma_cm QPs	 : OFF
 Data ex. method : Ethernet
---------------------------------------------------------------------------------------
 local address: LID 0x65a QPN 0x1b93 PSN 0x95268d RKey 0x383133 VAddr 0x00000001e9f000
 remote address: LID 0x659 QPN 0x0360 PSN 0x30adf8 RKey 0x3831f3 VAddr 0x00000000ec5000
---------------------------------------------------------------------------------------
 #bytes     #iterations    BW peak[MB/sec]    BW average[MB/sec]   MsgRate[Mpps]
 2          5000             10.25              10.18  		   5.339269
---------------------------------------------------------------------------------------
---------------------------------------------------------------------------------------
RVMA Testing Results for machine type: CLIENT
Total RDMA Cold Start Elapsed time: 1022613 microseconds
Total RDMA Elapsed time: 5663 microseconds
Total RVMA Elapsed time: 937 microseconds
