Conflicting CPU frequency values detected: 2395.471000 != 1827.262000. CPU Frequency is not max.
---------------------------------------------------------------------------------------
                    RDMA_Write_imm BW Test
 Dual-port       : OFF		Device         : mlx5_0
 Number of qps   : 1		Transport type : IB
 Connection type : RC		Using SRQ      : OFF
 PCIe relax order: ON
 ibv_wr* API     : ON
 TX depth        : 128
 CQ Moderation   : 100
 Mtu             : 4096[B]
 Link type       : IB
 Max inline data : 0[B]
 rdma_cm QPs	 : OFF
 Data ex. method : Ethernet
---------------------------------------------------------------------------------------
 local address: LID 0x2c9 QPN 0x02bd PSN 0x3faa78 RKey 0x203150 VAddr 0x000000019c2000
 remote address: LID 0x214 QPN 0x02bd PSN 0x1aeade RKey 0x203150 VAddr 0x00000001de8000
---------------------------------------------------------------------------------------
 #bytes     #iterations    BW peak[MB/sec]    BW average[MB/sec]   MsgRate[Mpps]
 16         5000             42.40              41.97  		   2.750471
---------------------------------------------------------------------------------------
---------------------------------------------------------------------------------------
RVMA Testing Results for machine type: CLIENT
Total RDMA Cold Start Elapsed time: 1026745 microseconds
Total RDMA Elapsed time: 9439 microseconds
Total RVMA Elapsed time: 1818 microseconds
