Conflicting CPU frequency values detected: 2395.471000 != 2131.663000. CPU Frequency is not max.
---------------------------------------------------------------------------------------
                    RDMA_Write_imm BW Test
 Dual-port       : OFF		Device         : mlx5_0
 Number of qps   : 1		Transport type : IB
 Connection type : RC		Using SRQ      : OFF
 PCIe relax order: ON
 ibv_wr* API     : ON
 TX depth        : 128
 CQ Moderation   : 100
 Mtu             : 4096[B]
 Link type       : IB
 Max inline data : 0[B]
 rdma_cm QPs	 : OFF
 Data ex. method : Ethernet
---------------------------------------------------------------------------------------
 local address: LID 0x2c9 QPN 0x02d8 PSN 0x1f66d7 RKey 0x20316b VAddr 0x00000002064000
 remote address: LID 0x214 QPN 0x02d8 PSN 0x87ffe3 RKey 0x20316b VAddr 0x0000000162c000
---------------------------------------------------------------------------------------
 #bytes     #iterations    BW peak[MB/sec]    BW average[MB/sec]   MsgRate[Mpps]
 64         5000             226.33             224.29 		   3.674748
---------------------------------------------------------------------------------------
---------------------------------------------------------------------------------------
RVMA Testing Results for machine type: CLIENT
Total RDMA Cold Start Elapsed time: 1026581 microseconds
Total RDMA Elapsed time: 9370 microseconds
Total RVMA Elapsed time: 1361 microseconds
