Conflicting CPU frequency values detected: 2450.006000 != 3700.009000. CPU Frequency is not max.
---------------------------------------------------------------------------------------
                    RDMA_Write_imm BW Test
 Dual-port       : OFF		Device         : mlx5_0
 Number of qps   : 1		Transport type : IB
 Connection type : RC		Using SRQ      : OFF
 PCIe relax order: ON
 ibv_wr* API     : ON
 TX depth        : 128
 CQ Moderation   : 100
 Mtu             : 4096[B]
 Link type       : IB
 Max inline data : 0[B]
 rdma_cm QPs	 : OFF
 Data ex. method : Ethernet
---------------------------------------------------------------------------------------
 local address: LID 0x65a QPN 0x1ba8 PSN 0x3bdbee RKey 0x383148 VAddr 0x000000008c9000
 remote address: LID 0x659 QPN 0x0375 PSN 0x46046e RKey 0x383108 VAddr 0x00000001b40000
---------------------------------------------------------------------------------------
 #bytes     #iterations    BW peak[MB/sec]    BW average[MB/sec]   MsgRate[Mpps]
 8          5000             40.46              40.20  		   5.268882
---------------------------------------------------------------------------------------
---------------------------------------------------------------------------------------
RVMA Testing Results for machine type: CLIENT
Total RDMA Cold Start Elapsed time: 1022655 microseconds
Total RDMA Elapsed time: 5693 microseconds
Total RVMA Elapsed time: 949 microseconds
