Conflicting CPU frequency values detected: 2450.006000 != 3700.021000. CPU Frequency is not max.
---------------------------------------------------------------------------------------
                    RDMA_Write_imm BW Test
 Dual-port       : OFF		Device         : mlx5_0
 Number of qps   : 1		Transport type : IB
 Connection type : RC		Using SRQ      : OFF
 PCIe relax order: ON
 ibv_wr* API     : ON
 TX depth        : 128
 CQ Moderation   : 100
 Mtu             : 4096[B]
 Link type       : IB
 Max inline data : 0[B]
 rdma_cm QPs	 : OFF
 Data ex. method : Ethernet
---------------------------------------------------------------------------------------
 local address: LID 0x65a QPN 0x1baf PSN 0xbbf82c RKey 0x38314f VAddr 0x0000000154d000
 remote address: LID 0x659 QPN 0x037c PSN 0x58dede RKey 0x38310f VAddr 0x00000002252000
---------------------------------------------------------------------------------------
 #bytes     #iterations    BW peak[MB/sec]    BW average[MB/sec]   MsgRate[Mpps]
 16         5000             80.57              79.99  		   5.242148
---------------------------------------------------------------------------------------
---------------------------------------------------------------------------------------
RVMA Testing Results for machine type: CLIENT
Total RDMA Cold Start Elapsed time: 1022870 microseconds
Total RDMA Elapsed time: 5740 microseconds
Total RVMA Elapsed time: 954 microseconds
