Conflicting CPU frequency values detected: 2450.006000 != 3699.722000. CPU Frequency is not max.
---------------------------------------------------------------------------------------
                    RDMA_Write_imm BW Test
 Dual-port       : OFF		Device         : mlx5_0
 Number of qps   : 1		Transport type : IB
 Connection type : RC		Using SRQ      : OFF
 PCIe relax order: ON
 ibv_wr* API     : ON
 TX depth        : 128
 CQ Moderation   : 100
 Mtu             : 4096[B]
 Link type       : IB
 Max inline data : 0[B]
 rdma_cm QPs	 : OFF
 Data ex. method : Ethernet
---------------------------------------------------------------------------------------
 local address: LID 0x65a QPN 0x1bb7 PSN 0x932dab RKey 0x383157 VAddr 0x000000012dc000
 remote address: LID 0x659 QPN 0x0384 PSN 0xef55f5 RKey 0x383117 VAddr 0x000000021d0000
---------------------------------------------------------------------------------------
 #bytes     #iterations    BW peak[MB/sec]    BW average[MB/sec]   MsgRate[Mpps]
 32         5000             165.42             163.59 		   5.360505
---------------------------------------------------------------------------------------
---------------------------------------------------------------------------------------
RVMA Testing Results for machine type: CLIENT
Total RDMA Cold Start Elapsed time: 1022774 microseconds
Total RDMA Elapsed time: 5934 microseconds
Total RVMA Elapsed time: 933 microseconds
