Conflicting CPU frequency values detected: 2450.006000 != 3700.095000. CPU Frequency is not max.
---------------------------------------------------------------------------------------
                    RDMA_Write_imm BW Test
 Dual-port       : OFF		Device         : mlx5_0
 Number of qps   : 1		Transport type : IB
 Connection type : RC		Using SRQ      : OFF
 PCIe relax order: ON
 ibv_wr* API     : ON
 TX depth        : 128
 CQ Moderation   : 100
 Mtu             : 4096[B]
 Link type       : IB
 Max inline data : 0[B]
 rdma_cm QPs	 : OFF
 Data ex. method : Ethernet
---------------------------------------------------------------------------------------
 local address: LID 0x65a QPN 0x1bb9 PSN 0x6e4970 RKey 0x383159 VAddr 0x0000000101b000
 remote address: LID 0x659 QPN 0x0386 PSN 0x4d6bcc RKey 0x383119 VAddr 0x00000000eee000
---------------------------------------------------------------------------------------
 #bytes     #iterations    BW peak[MB/sec]    BW average[MB/sec]   MsgRate[Mpps]
 32         5000             162.19             160.45 		   5.257693
---------------------------------------------------------------------------------------
---------------------------------------------------------------------------------------
RVMA Testing Results for machine type: CLIENT
Total RDMA Cold Start Elapsed time: 1022946 microseconds
Total RDMA Elapsed time: 5677 microseconds
Total RVMA Elapsed time: 952 microseconds
