Conflicting CPU frequency values detected: 2395.471000 != 3293.753000. CPU Frequency is not max.
---------------------------------------------------------------------------------------
                    RDMA_Write_imm BW Test
 Dual-port       : OFF		Device         : mlx5_0
 Number of qps   : 1		Transport type : IB
 Connection type : RC		Using SRQ      : OFF
 PCIe relax order: ON
 ibv_wr* API     : ON
 TX depth        : 128
 CQ Moderation   : 100
 Mtu             : 4096[B]
 Link type       : IB
 Max inline data : 0[B]
 rdma_cm QPs	 : OFF
 Data ex. method : Ethernet
---------------------------------------------------------------------------------------
 local address: LID 0x2c9 QPN 0x02a2 PSN 0x58eab1 RKey 0x203135 VAddr 0x000000017f4000
 remote address: LID 0x214 QPN 0x02a2 PSN 0x108eab RKey 0x203135 VAddr 0x00000000efa000
---------------------------------------------------------------------------------------
 #bytes     #iterations    BW peak[MB/sec]    BW average[MB/sec]   MsgRate[Mpps]
 2          5000             7.33               7.20   		   3.772728
---------------------------------------------------------------------------------------
---------------------------------------------------------------------------------------
RVMA Testing Results for machine type: CLIENT
Total RDMA Cold Start Elapsed time: 1026416 microseconds
Total RDMA Elapsed time: 9401 microseconds
Total RVMA Elapsed time: 1326 microseconds
