Conflicting CPU frequency values detected: 2395.554000 != 2000.165000. CPU Frequency is not max.
---------------------------------------------------------------------------------------
                    RDMA_Write_imm BW Test
 Dual-port       : OFF		Device         : mlx5_0
 Number of qps   : 1		Transport type : IB
 Connection type : RC		Using SRQ      : OFF
 PCIe relax order: ON
 ibv_wr* API     : ON
 TX depth        : 128
 CQ Moderation   : 100
 Mtu             : 4096[B]
 Link type       : IB
 Max inline data : 0[B]
 rdma_cm QPs	 : OFF
 Data ex. method : Ethernet
---------------------------------------------------------------------------------------
 local address: LID 0x285 QPN 0x3732 PSN 0x34e2c0 RKey 0x004536 VAddr 0x00000001ae2000
 remote address: LID 0x23d QPN 0x21a0 PSN 0xd93482 RKey 0x004588 VAddr 0x00000000957000
---------------------------------------------------------------------------------------
 #bytes     #iterations    BW peak[MB/sec]    BW average[MB/sec]   MsgRate[Mpps]
 2          5000             5.28               5.24   		   2.748960
---------------------------------------------------------------------------------------
---------------------------------------------------------------------------------------
RVMA Testing Results for machine type: CLIENT
Total RDMA Cold Start Elapsed time: 1026789 microseconds
Total RDMA Elapsed time: 9791 microseconds
Total RVMA Elapsed time: 1819 microseconds
