Conflicting CPU frequency values detected: 2395.541000 != 3202.101000. CPU Frequency is not max.
Z set at index 4097
---------------------------------------------------------------------------------------
                    RDMA_Write_imm Latency Test
 Dual-port       : OFF		Device         : mlx5_0
 Number of qps   : 1		Transport type : IB
 Connection type : RC		Using SRQ      : OFF
 PCIe relax order: OFF
 ibv_wr* API     : ON
 TX depth        : 1
 Mtu             : 4096[B]
 Link type       : IB
 Max inline data : 220[B]
 rdma_cm QPs	 : OFF
 Data ex. method : Ethernet
---------------------------------------------------------------------------------------
 local address: LID 0x5f0 QPN 0x0683 PSN 0x7fe95d RKey 0x175818 VAddr 0x00000001182000
 remote address: LID 0x5e1 QPN 0x0983 PSN 0xe925a4 RKey 0x15e4a4 VAddr 0x00000002348000
---------------------------------------------------------------------------------------
 #bytes #iterations    t_min[usec]    t_max[usec]  t_typical[usec]    t_avg[usec]    t_stdev[usec]   99% percentile[usec]   99.9% percentile[usec] 
---------------------------------------------------------------------------------------
RVMA Testing Results for machine type: CLIENT
Total RDMA Cold Start Elapsed time: 256469 microseconds
Total RDMA Elapsed time: 239510 microseconds
Total RVMA Elapsed time: 8 microseconds
