Conflicting CPU frequency values detected: 2450.006000 != 3699.935000. CPU Frequency is not max.
---------------------------------------------------------------------------------------
                    RDMA_Write_imm BW Test
 Dual-port       : OFF		Device         : mlx5_0
 Number of qps   : 1		Transport type : IB
 Connection type : RC		Using SRQ      : OFF
 PCIe relax order: ON
 ibv_wr* API     : ON
 TX depth        : 128
 CQ Moderation   : 100
 Mtu             : 4096[B]
 Link type       : IB
 Max inline data : 0[B]
 rdma_cm QPs	 : OFF
 Data ex. method : Ethernet
---------------------------------------------------------------------------------------
 local address: LID 0x65a QPN 0x1b9c PSN 0xea2c50 RKey 0x38313c VAddr 0x0000000077c000
 remote address: LID 0x659 QPN 0x0369 PSN 0x76ec3a RKey 0x3831fc VAddr 0x00000000740000
---------------------------------------------------------------------------------------
 #bytes     #iterations    BW peak[MB/sec]    BW average[MB/sec]   MsgRate[Mpps]
 4          5000             19.89              19.74  		   5.173961
---------------------------------------------------------------------------------------
---------------------------------------------------------------------------------------
RVMA Testing Results for machine type: CLIENT
Total RDMA Cold Start Elapsed time: 1023208 microseconds
Total RDMA Elapsed time: 5682 microseconds
Total RVMA Elapsed time: 967 microseconds
