Conflicting CPU frequency values detected: 2395.554000 != 1754.275000. CPU Frequency is not max.
---------------------------------------------------------------------------------------
                    RDMA_Write_imm BW Test
 Dual-port       : OFF		Device         : mlx5_0
 Number of qps   : 1		Transport type : IB
 Connection type : RC		Using SRQ      : OFF
 PCIe relax order: ON
 ibv_wr* API     : ON
 TX depth        : 128
 CQ Moderation   : 100
 Mtu             : 4096[B]
 Link type       : IB
 Max inline data : 0[B]
 rdma_cm QPs	 : OFF
 Data ex. method : Ethernet
---------------------------------------------------------------------------------------
 local address: LID 0x285 QPN 0x374c PSN 0xe1e89b RKey 0x004542 VAddr 0x000000008ef000
 remote address: LID 0x23d QPN 0x21b1 PSN 0x61cda0 RKey 0x004594 VAddr 0x00000001b54000
---------------------------------------------------------------------------------------
 #bytes     #iterations    BW peak[MB/sec]    BW average[MB/sec]   MsgRate[Mpps]
 4          5000             10.56              10.52  		   2.757923
---------------------------------------------------------------------------------------
---------------------------------------------------------------------------------------
RVMA Testing Results for machine type: CLIENT
Total RDMA Cold Start Elapsed time: 1015574 microseconds
Total RDMA Elapsed time: 9877 microseconds
Total RVMA Elapsed time: 1813 microseconds
