Conflicting CPU frequency values detected: 2450.006000 != 3699.967000. CPU Frequency is not max.
---------------------------------------------------------------------------------------
                    RDMA_Write_imm BW Test
 Dual-port       : OFF		Device         : mlx5_0
 Number of qps   : 1		Transport type : IB
 Connection type : RC		Using SRQ      : OFF
 PCIe relax order: ON
 ibv_wr* API     : ON
 TX depth        : 128
 CQ Moderation   : 100
 Mtu             : 4096[B]
 Link type       : IB
 Max inline data : 0[B]
 rdma_cm QPs	 : OFF
 Data ex. method : Ethernet
---------------------------------------------------------------------------------------
 local address: LID 0x65a QPN 0x1b98 PSN 0x71ea41 RKey 0x383138 VAddr 0x00000001a56000
 remote address: LID 0x659 QPN 0x0365 PSN 0xc5c855 RKey 0x3831f8 VAddr 0x000000017c2000
---------------------------------------------------------------------------------------
 #bytes     #iterations    BW peak[MB/sec]    BW average[MB/sec]   MsgRate[Mpps]
 2          5000             9.94               9.83   		   5.154864
---------------------------------------------------------------------------------------
---------------------------------------------------------------------------------------
RVMA Testing Results for machine type: CLIENT
Total RDMA Cold Start Elapsed time: 1023382 microseconds
Total RDMA Elapsed time: 6119 microseconds
Total RVMA Elapsed time: 971 microseconds
