Conflicting CPU frequency values detected: 2450.006000 != 3700.002000. CPU Frequency is not max.
After local write: buf[4097] = 0x5A
---------------------------------------------------------------------------------------
                    RDMA_Write_imm Latency Test
 Dual-port       : OFF		Device         : mlx5_0
 Number of qps   : 1		Transport type : IB
 Connection type : RC		Using SRQ      : OFF
 PCIe relax order: OFF
 ibv_wr* API     : ON
 TX depth        : 1
 Mtu             : 4096[B]
 Link type       : IB
 Max inline data : 220[B]
 rdma_cm QPs	 : OFF
 Data ex. method : Ethernet
---------------------------------------------------------------------------------------
 local address: LID 0x667 QPN 0x851d PSN 0x5ae8a4 RKey 0x0f8445 VAddr 0x00000000e9f000
 remote address: LID 0x662 QPN 0x1005d PSN 0xa61bc0 RKey 0x1318d8 VAddr 0x00000000d44000
---------------------------------------------------------------------------------------
 #bytes #iterations    t_min[usec]    t_max[usec]  t_typical[usec]    t_avg[usec]    t_stdev[usec]   99% percentile[usec]   99.9% percentile[usec] 
---------------------------------------------------------------------------------------
RVMA Testing Results for machine type: CLIENT
Total RDMA Cold Start Elapsed time: 292151 microseconds
Total RDMA Elapsed time: 238447 microseconds
Total RVMA Elapsed time: 27 microseconds
