Conflicting CPU frequency values detected: 2395.554000 != 2136.966000. CPU Frequency is not max.
---------------------------------------------------------------------------------------
                    RDMA_Write_imm BW Test
 Dual-port       : OFF		Device         : mlx5_0
 Number of qps   : 1		Transport type : IB
 Connection type : RC		Using SRQ      : OFF
 PCIe relax order: ON
 ibv_wr* API     : ON
 TX depth        : 128
 CQ Moderation   : 100
 Mtu             : 4096[B]
 Link type       : IB
 Max inline data : 0[B]
 rdma_cm QPs	 : OFF
 Data ex. method : Ethernet
---------------------------------------------------------------------------------------
 local address: LID 0x285 QPN 0x3767 PSN 0xe3c6c8 RKey 0x004552 VAddr 0x000000009bf000
 remote address: LID 0x23d QPN 0x21cf PSN 0x35c6d8 RKey 0x0045a4 VAddr 0x0000000126b000
---------------------------------------------------------------------------------------
 #bytes     #iterations    BW peak[MB/sec]    BW average[MB/sec]   MsgRate[Mpps]
 16         5000             42.31              42.14  		   2.761418
---------------------------------------------------------------------------------------
---------------------------------------------------------------------------------------
RVMA Testing Results for machine type: CLIENT
Total RDMA Cold Start Elapsed time: 1015491 microseconds
Total RDMA Elapsed time: 9766 microseconds
Total RVMA Elapsed time: 1811 microseconds
