Conflicting CPU frequency values detected: 2450.006000 != 3700.009000. CPU Frequency is not max.
---------------------------------------------------------------------------------------
                    RDMA_Write_imm BW Test
 Dual-port       : OFF		Device         : mlx5_0
 Number of qps   : 1		Transport type : IB
 Connection type : RC		Using SRQ      : OFF
 PCIe relax order: ON
 ibv_wr* API     : ON
 TX depth        : 128
 CQ Moderation   : 100
 Mtu             : 4096[B]
 Link type       : IB
 Max inline data : 0[B]
 rdma_cm QPs	 : OFF
 Data ex. method : Ethernet
---------------------------------------------------------------------------------------
 local address: LID 0x65a QPN 0x1ba4 PSN 0xb4d6a4 RKey 0x383144 VAddr 0x00000001fea000
 remote address: LID 0x659 QPN 0x0371 PSN 0x4bcab0 RKey 0x383104 VAddr 0x00000000d6c000
---------------------------------------------------------------------------------------
 #bytes     #iterations    BW peak[MB/sec]    BW average[MB/sec]   MsgRate[Mpps]
 8          5000             41.26              40.95  		   5.367469
---------------------------------------------------------------------------------------
---------------------------------------------------------------------------------------
RVMA Testing Results for machine type: CLIENT
Total RDMA Cold Start Elapsed time: 1023300 microseconds
Total RDMA Elapsed time: 5727 microseconds
Total RVMA Elapsed time: 931 microseconds
