Conflicting CPU frequency values detected: 2450.006000 != 3700.079000. CPU Frequency is not max.
---------------------------------------------------------------------------------------
                    RDMA_Write_imm BW Test
 Dual-port       : OFF		Device         : mlx5_0
 Number of qps   : 1		Transport type : IB
 Connection type : RC		Using SRQ      : OFF
 PCIe relax order: ON
 ibv_wr* API     : ON
 TX depth        : 128
 CQ Moderation   : 100
 Mtu             : 4096[B]
 Link type       : IB
 Max inline data : 0[B]
 rdma_cm QPs	 : OFF
 Data ex. method : Ethernet
---------------------------------------------------------------------------------------
 local address: LID 0x65a QPN 0x1bb1 PSN 0xc735b1 RKey 0x383151 VAddr 0x0000000230c000
 remote address: LID 0x659 QPN 0x037e PSN 0x22a9aa RKey 0x383111 VAddr 0x000000020db000
---------------------------------------------------------------------------------------
 #bytes     #iterations    BW peak[MB/sec]    BW average[MB/sec]   MsgRate[Mpps]
 16         5000             79.71              78.87  		   5.168988
---------------------------------------------------------------------------------------
---------------------------------------------------------------------------------------
RVMA Testing Results for machine type: CLIENT
Total RDMA Cold Start Elapsed time: 1023896 microseconds
Total RDMA Elapsed time: 5594 microseconds
Total RVMA Elapsed time: 967 microseconds
