Conflicting CPU frequency values detected: 2395.554000 != 3293.861000. CPU Frequency is not max.
---------------------------------------------------------------------------------------
                    RDMA_Write_imm BW Test
 Dual-port       : OFF		Device         : mlx5_0
 Number of qps   : 1		Transport type : IB
 Connection type : RC		Using SRQ      : OFF
 PCIe relax order: ON
 ibv_wr* API     : ON
 TX depth        : 128
 CQ Moderation   : 100
 Mtu             : 4096[B]
 Link type       : IB
 Max inline data : 0[B]
 rdma_cm QPs	 : OFF
 Data ex. method : Ethernet
---------------------------------------------------------------------------------------
 local address: LID 0x285 QPN 0x3754 PSN 0xc2da16 RKey 0x004545 VAddr 0x00000000fda000
 remote address: LID 0x23d QPN 0x21b4 PSN 0x95f974 RKey 0x004597 VAddr 0x00000000c08000
---------------------------------------------------------------------------------------
 #bytes     #iterations    BW peak[MB/sec]    BW average[MB/sec]   MsgRate[Mpps]
 4          5000             10.64              10.57  		   2.770985
---------------------------------------------------------------------------------------
---------------------------------------------------------------------------------------
RVMA Testing Results for machine type: CLIENT
Total RDMA Cold Start Elapsed time: 1027110 microseconds
Total RDMA Elapsed time: 9807 microseconds
Total RVMA Elapsed time: 1804 microseconds
