Conflicting CPU frequency values detected: 2450.006000 != 3700.060000. CPU Frequency is not max.
---------------------------------------------------------------------------------------
                    RDMA_Write_imm BW Test
 Dual-port       : OFF		Device         : mlx5_0
 Number of qps   : 1		Transport type : IB
 Connection type : RC		Using SRQ      : OFF
 PCIe relax order: ON
 ibv_wr* API     : ON
 TX depth        : 128
 CQ Moderation   : 100
 Mtu             : 4096[B]
 Link type       : IB
 Max inline data : 0[B]
 rdma_cm QPs	 : OFF
 Data ex. method : Ethernet
---------------------------------------------------------------------------------------
 local address: LID 0x65a QPN 0x1b9d PSN 0x4d5e6e RKey 0x38313d VAddr 0x00000001732000
 remote address: LID 0x659 QPN 0x036a PSN 0x8098ee RKey 0x3831fd VAddr 0x00000000a61000
---------------------------------------------------------------------------------------
 #bytes     #iterations    BW peak[MB/sec]    BW average[MB/sec]   MsgRate[Mpps]
 4          5000             20.63              20.45  		   5.360852
---------------------------------------------------------------------------------------
---------------------------------------------------------------------------------------
RVMA Testing Results for machine type: CLIENT
Total RDMA Cold Start Elapsed time: 1011605 microseconds
Total RDMA Elapsed time: 5771 microseconds
Total RVMA Elapsed time: 933 microseconds
