Conflicting CPU frequency values detected: 2395.471000 != 2922.263000. CPU Frequency is not max.
---------------------------------------------------------------------------------------
                    RDMA_Write_imm BW Test
 Dual-port       : OFF		Device         : mlx5_0
 Number of qps   : 1		Transport type : IB
 Connection type : RC		Using SRQ      : OFF
 PCIe relax order: ON
 ibv_wr* API     : ON
 TX depth        : 128
 CQ Moderation   : 100
 Mtu             : 4096[B]
 Link type       : IB
 Max inline data : 0[B]
 rdma_cm QPs	 : OFF
 Data ex. method : Ethernet
---------------------------------------------------------------------------------------
 local address: LID 0x2c9 QPN 0x02d6 PSN 0x92850 RKey 0x203169 VAddr 0x00000000449000
 remote address: LID 0x214 QPN 0x02d6 PSN 0x9f0175 RKey 0x203169 VAddr 0x00000001b3c000
---------------------------------------------------------------------------------------
 #bytes     #iterations    BW peak[MB/sec]    BW average[MB/sec]   MsgRate[Mpps]
 64         5000             226.68             225.53 		   3.695154
---------------------------------------------------------------------------------------
---------------------------------------------------------------------------------------
RVMA Testing Results for machine type: CLIENT
Total RDMA Cold Start Elapsed time: 1015001 microseconds
Total RDMA Elapsed time: 9456 microseconds
Total RVMA Elapsed time: 1354 microseconds
