Conflicting CPU frequency values detected: 2450.006000 != 3700.678000. CPU Frequency is not max.
---------------------------------------------------------------------------------------
                    RDMA_Write_imm BW Test
 Dual-port       : OFF		Device         : mlx5_0
 Number of qps   : 1		Transport type : IB
 Connection type : RC		Using SRQ      : OFF
 PCIe relax order: ON
 ibv_wr* API     : ON
 TX depth        : 128
 CQ Moderation   : 100
 Mtu             : 4096[B]
 Link type       : IB
 Max inline data : 0[B]
 rdma_cm QPs	 : OFF
 Data ex. method : Ethernet
---------------------------------------------------------------------------------------
 local address: LID 0x65a QPN 0x1bb2 PSN 0x6aa56e RKey 0x383152 VAddr 0x00000000c52000
 remote address: LID 0x659 QPN 0x037f PSN 0x6d266e RKey 0x383112 VAddr 0x000000005ca000
---------------------------------------------------------------------------------------
 #bytes     #iterations    BW peak[MB/sec]    BW average[MB/sec]   MsgRate[Mpps]
 16         5000             80.74              80.22  		   5.257084
---------------------------------------------------------------------------------------
---------------------------------------------------------------------------------------
RVMA Testing Results for machine type: CLIENT
Total RDMA Cold Start Elapsed time: 1022646 microseconds
Total RDMA Elapsed time: 5676 microseconds
Total RVMA Elapsed time: 951 microseconds
