Conflicting CPU frequency values detected: 2395.471000 != 1919.091000. CPU Frequency is not max.
---------------------------------------------------------------------------------------
                    RDMA_Write_imm BW Test
 Dual-port       : OFF		Device         : mlx5_0
 Number of qps   : 1		Transport type : IB
 Connection type : RC		Using SRQ      : OFF
 PCIe relax order: ON
 ibv_wr* API     : ON
 TX depth        : 128
 CQ Moderation   : 100
 Mtu             : 4096[B]
 Link type       : IB
 Max inline data : 0[B]
 rdma_cm QPs	 : OFF
 Data ex. method : Ethernet
---------------------------------------------------------------------------------------
 local address: LID 0x2c9 QPN 0x02b8 PSN 0x85edd4 RKey 0x20314b VAddr 0x00000001772000
 remote address: LID 0x214 QPN 0x02b8 PSN 0x26782 RKey 0x20314b VAddr 0x000000009b8000
---------------------------------------------------------------------------------------
 #bytes     #iterations    BW peak[MB/sec]    BW average[MB/sec]   MsgRate[Mpps]
 8          5000             21.25              21.06  		   2.761032
---------------------------------------------------------------------------------------
---------------------------------------------------------------------------------------
RVMA Testing Results for machine type: CLIENT
Total RDMA Cold Start Elapsed time: 1015571 microseconds
Total RDMA Elapsed time: 9812 microseconds
Total RVMA Elapsed time: 1811 microseconds
