Conflicting CPU frequency values detected: 2395.471000 != 3293.098000. CPU Frequency is not max.
---------------------------------------------------------------------------------------
                    RDMA_Write_imm BW Test
 Dual-port       : OFF		Device         : mlx5_0
 Number of qps   : 1		Transport type : IB
 Connection type : RC		Using SRQ      : OFF
 PCIe relax order: ON
 ibv_wr* API     : ON
 TX depth        : 128
 CQ Moderation   : 100
 Mtu             : 4096[B]
 Link type       : IB
 Max inline data : 0[B]
 rdma_cm QPs	 : OFF
 Data ex. method : Ethernet
---------------------------------------------------------------------------------------
 local address: LID 0x2c9 QPN 0x02bc PSN 0xf98cb6 RKey 0x20314f VAddr 0x00000001590000
 remote address: LID 0x214 QPN 0x02bc PSN 0xec0636 RKey 0x20314f VAddr 0x000000015a8000
---------------------------------------------------------------------------------------
 #bytes     #iterations    BW peak[MB/sec]    BW average[MB/sec]   MsgRate[Mpps]
 16         5000             42.01              41.63  		   2.728546
---------------------------------------------------------------------------------------
---------------------------------------------------------------------------------------
RVMA Testing Results for machine type: CLIENT
Total RDMA Cold Start Elapsed time: 1015256 microseconds
Total RDMA Elapsed time: 9397 microseconds
Total RVMA Elapsed time: 1833 microseconds
