Conflicting CPU frequency values detected: 2395.480000 != 3201.196000. CPU Frequency is not max.
---------------------------------------------------------------------------------------
                    RDMA_Write_imm Latency Test
 Dual-port       : OFF		Device         : mlx5_0
 Number of qps   : 1		Transport type : IB
 Connection type : RC		Using SRQ      : OFF
 PCIe relax order: OFF
 ibv_wr* API     : ON
 TX depth        : 1
 Mtu             : 4096[B]
 Link type       : IB
 Max inline data : 220[B]
 rdma_cm QPs	 : OFF
 Data ex. method : Ethernet
---------------------------------------------------------------------------------------
 local address: LID 0x4a1 QPN 0x03b2 PSN 0x8e230c RKey 0x125111 VAddr 0x00000000cc9000
 remote address: LID 0x48b QPN 0x03b2 PSN 0xf858ae RKey 0x14b879 VAddr 0x000000019da000
---------------------------------------------------------------------------------------
 #bytes #iterations    t_min[usec]    t_max[usec]  t_typical[usec]    t_avg[usec]    t_stdev[usec]   99% percentile[usec]   99.9% percentile[usec] 
---------------------------------------------------------------------------------------
RVMA Testing Results for machine type: CLIENT
Total RDMA Cold Start Elapsed time: 256762 microseconds
Total RDMA Elapsed time: 239684 microseconds
Total RVMA Elapsed time: 8 microseconds
