Conflicting CPU frequency values detected: 3140.025000 != 2395.554000. CPU Frequency is not max.
---------------------------------------------------------------------------------------
                    RDMA_Write_imm BW Test
 Dual-port       : OFF		Device         : mlx5_0
 Number of qps   : 1		Transport type : IB
 Connection type : RC		Using SRQ      : OFF
 PCIe relax order: ON
 ibv_wr* API     : ON
 TX depth        : 128
 CQ Moderation   : 100
 Mtu             : 4096[B]
 Link type       : IB
 Max inline data : 0[B]
 rdma_cm QPs	 : OFF
 Data ex. method : Ethernet
---------------------------------------------------------------------------------------
 local address: LID 0x285 QPN 0x373c PSN 0x49ca33 RKey 0x004539 VAddr 0x00000000974000
 remote address: LID 0x23d QPN 0x21a4 PSN 0xf85a0d RKey 0x00458b VAddr 0x00000000817000
---------------------------------------------------------------------------------------
 #bytes     #iterations    BW peak[MB/sec]    BW average[MB/sec]   MsgRate[Mpps]
 2          5000             5.28               5.24   		   2.745596
---------------------------------------------------------------------------------------
---------------------------------------------------------------------------------------
RVMA Testing Results for machine type: CLIENT
Total RDMA Cold Start Elapsed time: 1015797 microseconds
Total RDMA Elapsed time: 9960 microseconds
Total RVMA Elapsed time: 1821 microseconds
