Conflicting CPU frequency values detected: 2395.554000 != 3266.564000. CPU Frequency is not max.
---------------------------------------------------------------------------------------
                    RDMA_Write_imm BW Test
 Dual-port       : OFF		Device         : mlx5_0
 Number of qps   : 1		Transport type : IB
 Connection type : RC		Using SRQ      : OFF
 PCIe relax order: ON
 ibv_wr* API     : ON
 TX depth        : 128
 CQ Moderation   : 100
 Mtu             : 4096[B]
 Link type       : IB
 Max inline data : 0[B]
 rdma_cm QPs	 : OFF
 Data ex. method : Ethernet
---------------------------------------------------------------------------------------
 local address: LID 0x285 QPN 0x375a PSN 0xc6dbcc RKey 0x004548 VAddr 0x000000006ce000
 remote address: LID 0x23d QPN 0x21ba PSN 0xc4fd44 RKey 0x00459a VAddr 0x000000006c6000
---------------------------------------------------------------------------------------
 #bytes     #iterations    BW peak[MB/sec]    BW average[MB/sec]   MsgRate[Mpps]
 8          5000             21.23              21.10  		   2.765702
---------------------------------------------------------------------------------------
---------------------------------------------------------------------------------------
RVMA Testing Results for machine type: CLIENT
Total RDMA Cold Start Elapsed time: 1026593 microseconds
Total RDMA Elapsed time: 9362 microseconds
Total RVMA Elapsed time: 1808 microseconds
