Conflicting CPU frequency values detected: 2450.006000 != 3700.015000. CPU Frequency is not max.
---------------------------------------------------------------------------------------
                    RDMA_Write_imm BW Test
 Dual-port       : OFF		Device         : mlx5_0
 Number of qps   : 1		Transport type : IB
 Connection type : RC		Using SRQ      : OFF
 PCIe relax order: ON
 ibv_wr* API     : ON
 TX depth        : 128
 CQ Moderation   : 100
 Mtu             : 4096[B]
 Link type       : IB
 Max inline data : 0[B]
 rdma_cm QPs	 : OFF
 Data ex. method : Ethernet
---------------------------------------------------------------------------------------
 local address: LID 0x65a QPN 0x1bb8 PSN 0x24644d RKey 0x383158 VAddr 0x0000000231e000
 remote address: LID 0x659 QPN 0x0385 PSN 0xa316fb RKey 0x383118 VAddr 0x00000000efa000
---------------------------------------------------------------------------------------
 #bytes     #iterations    BW peak[MB/sec]    BW average[MB/sec]   MsgRate[Mpps]
 32         5000             164.69             163.28 		   5.350409
---------------------------------------------------------------------------------------
---------------------------------------------------------------------------------------
RVMA Testing Results for machine type: CLIENT
Total RDMA Cold Start Elapsed time: 1023165 microseconds
Total RDMA Elapsed time: 5649 microseconds
Total RVMA Elapsed time: 935 microseconds
