Conflicting CPU frequency values detected: 2395.480000 != 3210.371000. CPU Frequency is not max.
---------------------------------------------------------------------------------------
                    RDMA_Write_imm Latency Test
 Dual-port       : OFF		Device         : mlx5_0
 Number of qps   : 1		Transport type : IB
 Connection type : RC		Using SRQ      : OFF
 PCIe relax order: OFF
 ibv_wr* API     : ON
 TX depth        : 1
 Mtu             : 4096[B]
 Link type       : IB
 Max inline data : 220[B]
 rdma_cm QPs	 : OFF
 Data ex. method : Ethernet
---------------------------------------------------------------------------------------
 local address: LID 0x4a1 QPN 0x03b7 PSN 0x2309ee RKey 0x125111 VAddr 0x00000000578000
 remote address: LID 0x48b QPN 0x03b7 PSN 0xfe21ae RKey 0x14b879 VAddr 0x00000001c1a000
---------------------------------------------------------------------------------------
 #bytes #iterations    t_min[usec]    t_max[usec]  t_typical[usec]    t_avg[usec]    t_stdev[usec]   99% percentile[usec]   99.9% percentile[usec] 
---------------------------------------------------------------------------------------
RVMA Testing Results for machine type: CLIENT
Total RDMA Cold Start Elapsed time: 245377 microseconds
Total RDMA Elapsed time: 240339 microseconds
Total RVMA Elapsed time: 7 microseconds
