Conflicting CPU frequency values detected: 2450.006000 != 3700.041000. CPU Frequency is not max.
---------------------------------------------------------------------------------------
                    RDMA_Write_imm BW Test
 Dual-port       : OFF		Device         : mlx5_0
 Number of qps   : 1		Transport type : IB
 Connection type : RC		Using SRQ      : OFF
 PCIe relax order: ON
 ibv_wr* API     : ON
 TX depth        : 128
 CQ Moderation   : 100
 Mtu             : 4096[B]
 Link type       : IB
 Max inline data : 0[B]
 rdma_cm QPs	 : OFF
 Data ex. method : Ethernet
---------------------------------------------------------------------------------------
 local address: LID 0x65a QPN 0x1ba0 PSN 0x5d0cc5 RKey 0x383140 VAddr 0x00000000688000
 remote address: LID 0x659 QPN 0x036d PSN 0xbdef55 RKey 0x383100 VAddr 0x00000001ea8000
---------------------------------------------------------------------------------------
 #bytes     #iterations    BW peak[MB/sec]    BW average[MB/sec]   MsgRate[Mpps]
 4          5000             20.14              19.92  		   5.222655
---------------------------------------------------------------------------------------
---------------------------------------------------------------------------------------
RVMA Testing Results for machine type: CLIENT
Total RDMA Cold Start Elapsed time: 1023984 microseconds
Total RDMA Elapsed time: 5958 microseconds
Total RVMA Elapsed time: 958 microseconds
