Conflicting CPU frequency values detected: 2450.006000 != 3699.872000. CPU Frequency is not max.
---------------------------------------------------------------------------------------
                    RDMA_Write_imm BW Test
 Dual-port       : OFF		Device         : mlx5_0
 Number of qps   : 1		Transport type : IB
 Connection type : RC		Using SRQ      : OFF
 PCIe relax order: ON
 ibv_wr* API     : ON
 TX depth        : 128
 CQ Moderation   : 100
 Mtu             : 4096[B]
 Link type       : IB
 Max inline data : 0[B]
 rdma_cm QPs	 : OFF
 Data ex. method : Ethernet
---------------------------------------------------------------------------------------
 local address: LID 0x65a QPN 0x1b99 PSN 0xc37bc4 RKey 0x383139 VAddr 0x00000001756000
 remote address: LID 0x659 QPN 0x0366 PSN 0xe8872 RKey 0x3831f9 VAddr 0x00000001eb7000
---------------------------------------------------------------------------------------
 #bytes     #iterations    BW peak[MB/sec]    BW average[MB/sec]   MsgRate[Mpps]
 2          5000             10.01              9.90   		   5.187864
---------------------------------------------------------------------------------------
---------------------------------------------------------------------------------------
RVMA Testing Results for machine type: CLIENT
Total RDMA Cold Start Elapsed time: 1023249 microseconds
Total RDMA Elapsed time: 5563 microseconds
Total RVMA Elapsed time: 964 microseconds
