Conflicting CPU frequency values detected: 2395.554000 != 3293.920000. CPU Frequency is not max.
---------------------------------------------------------------------------------------
                    RDMA_Write_imm BW Test
 Dual-port       : OFF		Device         : mlx5_0
 Number of qps   : 1		Transport type : IB
 Connection type : RC		Using SRQ      : OFF
 PCIe relax order: ON
 ibv_wr* API     : ON
 TX depth        : 128
 CQ Moderation   : 100
 Mtu             : 4096[B]
 Link type       : IB
 Max inline data : 0[B]
 rdma_cm QPs	 : OFF
 Data ex. method : Ethernet
---------------------------------------------------------------------------------------
 local address: LID 0x285 QPN 0x3740 PSN 0xb08056 RKey 0x00453a VAddr 0x0000000214d000
 remote address: LID 0x23d QPN 0x21a5 PSN 0x313b26 RKey 0x00458c VAddr 0x000000016b5000
---------------------------------------------------------------------------------------
 #bytes     #iterations    BW peak[MB/sec]    BW average[MB/sec]   MsgRate[Mpps]
 2          5000             5.26               5.20   		   2.725660
---------------------------------------------------------------------------------------
---------------------------------------------------------------------------------------
RVMA Testing Results for machine type: CLIENT
Total RDMA Cold Start Elapsed time: 1027922 microseconds
Total RDMA Elapsed time: 9941 microseconds
Total RVMA Elapsed time: 1834 microseconds
