Conflicting CPU frequency values detected: 2450.006000 != 3699.930000. CPU Frequency is not max.
---------------------------------------------------------------------------------------
                    RDMA_Write_imm BW Test
 Dual-port       : OFF		Device         : mlx5_0
 Number of qps   : 1		Transport type : IB
 Connection type : RC		Using SRQ      : OFF
 PCIe relax order: ON
 ibv_wr* API     : ON
 TX depth        : 128
 CQ Moderation   : 100
 Mtu             : 4096[B]
 Link type       : IB
 Max inline data : 0[B]
 rdma_cm QPs	 : OFF
 Data ex. method : Ethernet
---------------------------------------------------------------------------------------
 local address: LID 0x65a QPN 0x1bb3 PSN 0xe88aa3 RKey 0x383153 VAddr 0x00000000bf9000
 remote address: LID 0x659 QPN 0x0380 PSN 0xf77e1b RKey 0x383113 VAddr 0x00000001185000
---------------------------------------------------------------------------------------
 #bytes     #iterations    BW peak[MB/sec]    BW average[MB/sec]   MsgRate[Mpps]
 16         5000             83.82              83.25  		   5.456146
---------------------------------------------------------------------------------------
---------------------------------------------------------------------------------------
RVMA Testing Results for machine type: CLIENT
Total RDMA Cold Start Elapsed time: 1011448 microseconds
Total RDMA Elapsed time: 5660 microseconds
Total RVMA Elapsed time: 916 microseconds
