Conflicting CPU frequency values detected: 2395.554000 != 3210.851000. CPU Frequency is not max.
---------------------------------------------------------------------------------------
                    RDMA_Write_imm BW Test
 Dual-port       : OFF		Device         : mlx5_0
 Number of qps   : 1		Transport type : IB
 Connection type : RC		Using SRQ      : OFF
 PCIe relax order: ON
 ibv_wr* API     : ON
 TX depth        : 128
 CQ Moderation   : 100
 Mtu             : 4096[B]
 Link type       : IB
 Max inline data : 0[B]
 rdma_cm QPs	 : OFF
 Data ex. method : Ethernet
---------------------------------------------------------------------------------------
 local address: LID 0x285 QPN 0x375c PSN 0x3cb5a8 RKey 0x00454a VAddr 0x00000000599000
 remote address: LID 0x23d QPN 0x21bd PSN 0x7208ec RKey 0x00459c VAddr 0x00000001e77000
---------------------------------------------------------------------------------------
 #bytes     #iterations    BW peak[MB/sec]    BW average[MB/sec]   MsgRate[Mpps]
 8          5000             21.10              20.95  		   2.746540
---------------------------------------------------------------------------------------
---------------------------------------------------------------------------------------
RVMA Testing Results for machine type: CLIENT
Total RDMA Cold Start Elapsed time: 1015347 microseconds
Total RDMA Elapsed time: 9515 microseconds
Total RVMA Elapsed time: 1821 microseconds
