Conflicting CPU frequency values detected: 2395.554000 != 3293.853000. CPU Frequency is not max.
---------------------------------------------------------------------------------------
                    RDMA_Write_imm BW Test
 Dual-port       : OFF		Device         : mlx5_0
 Number of qps   : 1		Transport type : IB
 Connection type : RC		Using SRQ      : OFF
 PCIe relax order: ON
 ibv_wr* API     : ON
 TX depth        : 128
 CQ Moderation   : 100
 Mtu             : 4096[B]
 Link type       : IB
 Max inline data : 0[B]
 rdma_cm QPs	 : OFF
 Data ex. method : Ethernet
---------------------------------------------------------------------------------------
 local address: LID 0x285 QPN 0x375f PSN 0xc85e3c RKey 0x00454d VAddr 0x00000000641000
 remote address: LID 0x23d QPN 0x21c3 PSN 0xb6f3a8 RKey 0x00459f VAddr 0x00000001733000
---------------------------------------------------------------------------------------
 #bytes     #iterations    BW peak[MB/sec]    BW average[MB/sec]   MsgRate[Mpps]
 8          5000             21.03              20.93  		   2.743686
---------------------------------------------------------------------------------------
---------------------------------------------------------------------------------------
RVMA Testing Results for machine type: CLIENT
Total RDMA Cold Start Elapsed time: 1027580 microseconds
Total RDMA Elapsed time: 9853 microseconds
Total RVMA Elapsed time: 1822 microseconds
