Conflicting CPU frequency values detected: 2450.006000 != 3699.950000. CPU Frequency is not max.
---------------------------------------------------------------------------------------
                    RDMA_Write_imm BW Test
 Dual-port       : OFF		Device         : mlx5_0
 Number of qps   : 1		Transport type : IB
 Connection type : RC		Using SRQ      : OFF
 PCIe relax order: ON
 ibv_wr* API     : ON
 TX depth        : 128
 CQ Moderation   : 100
 Mtu             : 4096[B]
 Link type       : IB
 Max inline data : 0[B]
 rdma_cm QPs	 : OFF
 Data ex. method : Ethernet
---------------------------------------------------------------------------------------
 local address: LID 0x65a QPN 0x1bab PSN 0x7d65a3 RKey 0x38314b VAddr 0x00000000e4a000
 remote address: LID 0x659 QPN 0x0378 PSN 0x7c243f RKey 0x38310b VAddr 0x000000011f8000
---------------------------------------------------------------------------------------
 #bytes     #iterations    BW peak[MB/sec]    BW average[MB/sec]   MsgRate[Mpps]
 8          5000             40.63              40.40  		   5.295893
---------------------------------------------------------------------------------------
---------------------------------------------------------------------------------------
RVMA Testing Results for machine type: CLIENT
Total RDMA Cold Start Elapsed time: 1023060 microseconds
Total RDMA Elapsed time: 5917 microseconds
Total RVMA Elapsed time: 945 microseconds
