Conflicting CPU frequency values detected: 2450.006000 != 3699.998000. CPU Frequency is not max.
---------------------------------------------------------------------------------------
                    RDMA_Write_imm BW Test
 Dual-port       : OFF		Device         : mlx5_0
 Number of qps   : 1		Transport type : IB
 Connection type : RC		Using SRQ      : OFF
 PCIe relax order: ON
 ibv_wr* API     : ON
 TX depth        : 128
 CQ Moderation   : 100
 Mtu             : 4096[B]
 Link type       : IB
 Max inline data : 0[B]
 rdma_cm QPs	 : OFF
 Data ex. method : Ethernet
---------------------------------------------------------------------------------------
 local address: LID 0x65a QPN 0x1bc5 PSN 0x99a3ea RKey 0x383165 VAddr 0x00000000eb0000
 remote address: LID 0x659 QPN 0x0392 PSN 0xee0a96 RKey 0x383125 VAddr 0x00000001a3b000
---------------------------------------------------------------------------------------
 #bytes     #iterations    BW peak[MB/sec]    BW average[MB/sec]   MsgRate[Mpps]
 64         5000             336.04             332.13 		   5.441657
---------------------------------------------------------------------------------------
---------------------------------------------------------------------------------------
RVMA Testing Results for machine type: CLIENT
Total RDMA Cold Start Elapsed time: 1011495 microseconds
Total RDMA Elapsed time: 5710 microseconds
Total RVMA Elapsed time: 918 microseconds
