Conflicting CPU frequency values detected: 2395.600000 != 3204.628000. CPU Frequency is not max.
Z set at index 4097
---------------------------------------------------------------------------------------
                    RDMA_Write_imm Latency Test
 Dual-port       : OFF		Device         : mlx5_0
 Number of qps   : 1		Transport type : IB
 Connection type : RC		Using SRQ      : OFF
 PCIe relax order: OFF
 ibv_wr* API     : ON
 TX depth        : 1
 Mtu             : 4096[B]
 Link type       : IB
 Max inline data : 220[B]
 rdma_cm QPs	 : OFF
 Data ex. method : Ethernet
---------------------------------------------------------------------------------------
 local address: LID 0x275 QPN 0x9043 PSN 0xf9f5a2 RKey 0x17e3a3 VAddr 0x00000000554000
 remote address: LID 0x214 QPN 0x29de PSN 0x5b097d RKey 0x177b3b VAddr 0x0000000225f000
---------------------------------------------------------------------------------------
 #bytes #iterations    t_min[usec]    t_max[usec]  t_typical[usec]    t_avg[usec]    t_stdev[usec]   99% percentile[usec]   99.9% percentile[usec] 
---------------------------------------------------------------------------------------
RVMA Testing Results for machine type: CLIENT
Total RDMA Cold Start Elapsed time: 256606 microseconds
Total RDMA Elapsed time: 239800 microseconds
Total RVMA Elapsed time: 7 microseconds
