Conflicting CPU frequency values detected: 2395.554000 != 2996.365000. CPU Frequency is not max.
---------------------------------------------------------------------------------------
                    RDMA_Write_imm BW Test
 Dual-port       : OFF		Device         : mlx5_0
 Number of qps   : 1		Transport type : IB
 Connection type : RC		Using SRQ      : OFF
 PCIe relax order: ON
 ibv_wr* API     : ON
 TX depth        : 128
 CQ Moderation   : 100
 Mtu             : 4096[B]
 Link type       : IB
 Max inline data : 0[B]
 rdma_cm QPs	 : OFF
 Data ex. method : Ethernet
---------------------------------------------------------------------------------------
 local address: LID 0x285 QPN 0x3741 PSN 0xb1ae0e RKey 0x00453b VAddr 0x00000002295000
 remote address: LID 0x23d QPN 0x21a6 PSN 0x57d4a8 RKey 0x00458d VAddr 0x000000022da000
---------------------------------------------------------------------------------------
 #bytes     #iterations    BW peak[MB/sec]    BW average[MB/sec]   MsgRate[Mpps]
 2          5000             5.20               5.12   		   2.683870
---------------------------------------------------------------------------------------
---------------------------------------------------------------------------------------
RVMA Testing Results for machine type: CLIENT
Total RDMA Cold Start Elapsed time: 1015752 microseconds
Total RDMA Elapsed time: 9994 microseconds
Total RVMA Elapsed time: 1864 microseconds
