Conflicting CPU frequency values detected: 2395.554000 != 1824.772000. CPU Frequency is not max.
---------------------------------------------------------------------------------------
                    RDMA_Write_imm BW Test
 Dual-port       : OFF		Device         : mlx5_0
 Number of qps   : 1		Transport type : IB
 Connection type : RC		Using SRQ      : OFF
 PCIe relax order: ON
 ibv_wr* API     : ON
 TX depth        : 128
 CQ Moderation   : 100
 Mtu             : 4096[B]
 Link type       : IB
 Max inline data : 0[B]
 rdma_cm QPs	 : OFF
 Data ex. method : Ethernet
---------------------------------------------------------------------------------------
 local address: LID 0x285 QPN 0x3736 PSN 0x422f0a RKey 0x004537 VAddr 0x000000011db000
 remote address: LID 0x23d QPN 0x21a1 PSN 0x40af07 RKey 0x004589 VAddr 0x0000000187e000
---------------------------------------------------------------------------------------
 #bytes     #iterations    BW peak[MB/sec]    BW average[MB/sec]   MsgRate[Mpps]
 2          5000             5.25               5.19   		   2.719022
---------------------------------------------------------------------------------------
---------------------------------------------------------------------------------------
RVMA Testing Results for machine type: CLIENT
Total RDMA Cold Start Elapsed time: 1026795 microseconds
Total RDMA Elapsed time: 9684 microseconds
Total RVMA Elapsed time: 1839 microseconds
