Conflicting CPU frequency values detected: 3292.880000 != 2395.471000. CPU Frequency is not max.
---------------------------------------------------------------------------------------
                    RDMA_Write_imm BW Test
 Dual-port       : OFF		Device         : mlx5_0
 Number of qps   : 1		Transport type : IB
 Connection type : RC		Using SRQ      : OFF
 PCIe relax order: ON
 ibv_wr* API     : ON
 TX depth        : 128
 CQ Moderation   : 100
 Mtu             : 4096[B]
 Link type       : IB
 Max inline data : 0[B]
 rdma_cm QPs	 : OFF
 Data ex. method : Ethernet
---------------------------------------------------------------------------------------
 local address: LID 0x2c9 QPN 0x02cc PSN 0xd68973 RKey 0x20315f VAddr 0x0000000122b000
 remote address: LID 0x214 QPN 0x02cc PSN 0x826558 RKey 0x20315f VAddr 0x00000001a7d000
---------------------------------------------------------------------------------------
 #bytes     #iterations    BW peak[MB/sec]    BW average[MB/sec]   MsgRate[Mpps]
 32         5000             84.81              84.17  		   2.758110
---------------------------------------------------------------------------------------
---------------------------------------------------------------------------------------
RVMA Testing Results for machine type: CLIENT
Total RDMA Cold Start Elapsed time: 1027060 microseconds
Total RDMA Elapsed time: 10151 microseconds
Total RVMA Elapsed time: 1813 microseconds
