Conflicting CPU frequency values detected: 2450.006000 != 3699.525000. CPU Frequency is not max.
---------------------------------------------------------------------------------------
                    RDMA_Write_imm BW Test
 Dual-port       : OFF		Device         : mlx5_0
 Number of qps   : 1		Transport type : IB
 Connection type : RC		Using SRQ      : OFF
 PCIe relax order: ON
 ibv_wr* API     : ON
 TX depth        : 128
 CQ Moderation   : 100
 Mtu             : 4096[B]
 Link type       : IB
 Max inline data : 0[B]
 rdma_cm QPs	 : OFF
 Data ex. method : Ethernet
---------------------------------------------------------------------------------------
 local address: LID 0x65a QPN 0x1bbc PSN 0xb80afd RKey 0x38315c VAddr 0x00000001a98000
 remote address: LID 0x659 QPN 0x0389 PSN 0xd26e79 RKey 0x38311c VAddr 0x0000000175d000
---------------------------------------------------------------------------------------
 #bytes     #iterations    BW peak[MB/sec]    BW average[MB/sec]   MsgRate[Mpps]
 32         5000             159.76             157.82 		   5.171606
---------------------------------------------------------------------------------------
---------------------------------------------------------------------------------------
RVMA Testing Results for machine type: CLIENT
Total RDMA Cold Start Elapsed time: 1022748 microseconds
Total RDMA Elapsed time: 5606 microseconds
Total RVMA Elapsed time: 967 microseconds
