Conflicting CPU frequency values detected: 2395.554000 != 3290.510000. CPU Frequency is not max.
---------------------------------------------------------------------------------------
                    RDMA_Write_imm BW Test
 Dual-port       : OFF		Device         : mlx5_0
 Number of qps   : 1		Transport type : IB
 Connection type : RC		Using SRQ      : OFF
 PCIe relax order: ON
 ibv_wr* API     : ON
 TX depth        : 128
 CQ Moderation   : 100
 Mtu             : 4096[B]
 Link type       : IB
 Max inline data : 0[B]
 rdma_cm QPs	 : OFF
 Data ex. method : Ethernet
---------------------------------------------------------------------------------------
 local address: LID 0x285 QPN 0x3762 PSN 0xe92446 RKey 0x00454e VAddr 0x00000001e17000
 remote address: LID 0x23d QPN 0x21c6 PSN 0xd960e6 RKey 0x0045a0 VAddr 0x000000019a4000
---------------------------------------------------------------------------------------
 #bytes     #iterations    BW peak[MB/sec]    BW average[MB/sec]   MsgRate[Mpps]
 8          5000             21.25              21.05  		   2.759555
---------------------------------------------------------------------------------------
---------------------------------------------------------------------------------------
RVMA Testing Results for machine type: CLIENT
Total RDMA Cold Start Elapsed time: 1027273 microseconds
Total RDMA Elapsed time: 9998 microseconds
Total RVMA Elapsed time: 1813 microseconds
