Conflicting CPU frequency values detected: 3201.146000 != 2395.517000. CPU Frequency is not max.
---------------------------------------------------------------------------------------
                    RDMA_Write_imm Latency Test
 Dual-port       : OFF		Device         : mlx5_0
 Number of qps   : 1		Transport type : IB
 Connection type : RC		Using SRQ      : OFF
 PCIe relax order: OFF
 ibv_wr* API     : ON
 TX depth        : 1
 Mtu             : 4096[B]
 Link type       : IB
 Max inline data : 220[B]
 rdma_cm QPs	 : OFF
 Data ex. method : Ethernet
---------------------------------------------------------------------------------------
 local address: LID 0x191 QPN 0x0674 PSN 0xdd6042 RKey 0x11f7b8 VAddr 0x00000001106000
 remote address: LID 0xba QPN 0x0674 PSN 0xc624e0 RKey 0x176222 VAddr 0x00000000aa0000
---------------------------------------------------------------------------------------
 #bytes #iterations    t_min[usec]    t_max[usec]  t_typical[usec]    t_avg[usec]    t_stdev[usec]   99% percentile[usec]   99.9% percentile[usec] 
---------------------------------------------------------------------------------------
RVMA Testing Results for machine type: CLIENT
Total RDMA Cold Start Elapsed time: 256611 microseconds
Total RDMA Elapsed time: 240091 microseconds
Total RVMA Elapsed time: 8 microseconds
