Conflicting CPU frequency values detected: 2450.006000 != 3700.044000. CPU Frequency is not max.
---------------------------------------------------------------------------------------
                    RDMA_Write_imm BW Test
 Dual-port       : OFF		Device         : mlx5_0
 Number of qps   : 1		Transport type : IB
 Connection type : RC		Using SRQ      : OFF
 PCIe relax order: ON
 ibv_wr* API     : ON
 TX depth        : 128
 CQ Moderation   : 100
 Mtu             : 4096[B]
 Link type       : IB
 Max inline data : 0[B]
 rdma_cm QPs	 : OFF
 Data ex. method : Ethernet
---------------------------------------------------------------------------------------
 local address: LID 0x65a QPN 0x1b92 PSN 0xcbe220 RKey 0x383132 VAddr 0x00000001d76000
 remote address: LID 0x659 QPN 0x035f PSN 0xd840fd RKey 0x3831f2 VAddr 0x000000013cc000
---------------------------------------------------------------------------------------
 #bytes     #iterations    BW peak[MB/sec]    BW average[MB/sec]   MsgRate[Mpps]
 2          5000             9.90               9.82   		   5.150616
---------------------------------------------------------------------------------------
---------------------------------------------------------------------------------------
RVMA Testing Results for machine type: CLIENT
Total RDMA Cold Start Elapsed time: 1023337 microseconds
Total RDMA Elapsed time: 5628 microseconds
Total RVMA Elapsed time: 971 microseconds
