Conflicting CPU frequency values detected: 2395.554000 != 3291.212000. CPU Frequency is not max.
---------------------------------------------------------------------------------------
                    RDMA_Write_imm BW Test
 Dual-port       : OFF		Device         : mlx5_0
 Number of qps   : 1		Transport type : IB
 Connection type : RC		Using SRQ      : OFF
 PCIe relax order: ON
 ibv_wr* API     : ON
 TX depth        : 128
 CQ Moderation   : 100
 Mtu             : 4096[B]
 Link type       : IB
 Max inline data : 0[B]
 rdma_cm QPs	 : OFF
 Data ex. method : Ethernet
---------------------------------------------------------------------------------------
 local address: LID 0x285 QPN 0x3764 PSN 0xe3f575 RKey 0x00454f VAddr 0x00000001b64000
 remote address: LID 0x23d QPN 0x21c7 PSN 0xbc9618 RKey 0x0045a1 VAddr 0x00000000827000
---------------------------------------------------------------------------------------
 #bytes     #iterations    BW peak[MB/sec]    BW average[MB/sec]   MsgRate[Mpps]
 8          5000             21.30              21.09  		   2.764247
---------------------------------------------------------------------------------------
---------------------------------------------------------------------------------------
RVMA Testing Results for machine type: CLIENT
Total RDMA Cold Start Elapsed time: 1015475 microseconds
Total RDMA Elapsed time: 9789 microseconds
Total RVMA Elapsed time: 1809 microseconds
