Conflicting CPU frequency values detected: 2450.006000 != 3700.247000. CPU Frequency is not max.
---------------------------------------------------------------------------------------
                    RDMA_Write_imm BW Test
 Dual-port       : OFF		Device         : mlx5_0
 Number of qps   : 1		Transport type : IB
 Connection type : RC		Using SRQ      : OFF
 PCIe relax order: ON
 ibv_wr* API     : ON
 TX depth        : 128
 CQ Moderation   : 100
 Mtu             : 4096[B]
 Link type       : IB
 Max inline data : 0[B]
 rdma_cm QPs	 : OFF
 Data ex. method : Ethernet
---------------------------------------------------------------------------------------
 local address: LID 0x65a QPN 0x1bb4 PSN 0x9abd75 RKey 0x383154 VAddr 0x000000011f0000
 remote address: LID 0x659 QPN 0x0381 PSN 0xddb179 RKey 0x383114 VAddr 0x00000001fad000
---------------------------------------------------------------------------------------
 #bytes     #iterations    BW peak[MB/sec]    BW average[MB/sec]   MsgRate[Mpps]
 16         5000             79.71              78.73  		   5.159704
---------------------------------------------------------------------------------------
---------------------------------------------------------------------------------------
RVMA Testing Results for machine type: CLIENT
Total RDMA Cold Start Elapsed time: 1023850 microseconds
Total RDMA Elapsed time: 5717 microseconds
Total RVMA Elapsed time: 969 microseconds
