Conflicting CPU frequency values detected: 2450.006000 != 3700.027000. CPU Frequency is not max.
---------------------------------------------------------------------------------------
                    RDMA_Write_imm BW Test
 Dual-port       : OFF		Device         : mlx5_0
 Number of qps   : 1		Transport type : IB
 Connection type : RC		Using SRQ      : OFF
 PCIe relax order: ON
 ibv_wr* API     : ON
 TX depth        : 128
 CQ Moderation   : 100
 Mtu             : 4096[B]
 Link type       : IB
 Max inline data : 0[B]
 rdma_cm QPs	 : OFF
 Data ex. method : Ethernet
---------------------------------------------------------------------------------------
 local address: LID 0x65a QPN 0x1bc3 PSN 0xedce85 RKey 0x383163 VAddr 0x00000001e2d000
 remote address: LID 0x659 QPN 0x0390 PSN 0xcb95c RKey 0x383123 VAddr 0x00000001cae000
---------------------------------------------------------------------------------------
 #bytes     #iterations    BW peak[MB/sec]    BW average[MB/sec]   MsgRate[Mpps]
 64         5000             260.52             258.46 		   4.234571
---------------------------------------------------------------------------------------
---------------------------------------------------------------------------------------
RVMA Testing Results for machine type: CLIENT
Total RDMA Cold Start Elapsed time: 1023687 microseconds
Total RDMA Elapsed time: 5971 microseconds
Total RVMA Elapsed time: 1181 microseconds
