Conflicting CPU frequency values detected: 2395.695000 != 3218.720000. CPU Frequency is not max.
After local write: buf[4098] = 0x5A
---------------------------------------------------------------------------------------
                    RDMA_Write_imm Latency Test
 Dual-port       : OFF		Device         : mlx5_0
 Number of qps   : 1		Transport type : IB
 Connection type : RC		Using SRQ      : OFF
 PCIe relax order: OFF
 ibv_wr* API     : ON
 TX depth        : 1
 Mtu             : 4096[B]
 Link type       : IB
 Max inline data : 220[B]
 rdma_cm QPs	 : OFF
 Data ex. method : Ethernet
---------------------------------------------------------------------------------------
 local address: LID 0x56f QPN 0x25cd PSN 0x8d154 RKey 0x15793a VAddr 0x0000000126a000
 remote address: LID 0x48b QPN 0x41de PSN 0xc5b93d RKey 0x13e1a1 VAddr 0x0000000127d000
---------------------------------------------------------------------------------------
 #bytes #iterations    t_min[usec]    t_max[usec]  t_typical[usec]    t_avg[usec]    t_stdev[usec]   99% percentile[usec]   99.9% percentile[usec] 
---------------------------------------------------------------------------------------
RVMA Testing Results for machine type: CLIENT
Total RDMA Cold Start Elapsed time: 245309 microseconds
Total RDMA Elapsed time: 239319 microseconds
Total RVMA Elapsed time: 7 microseconds
