Conflicting CPU frequency values detected: 2450.006000 != 3700.274000. CPU Frequency is not max.
---------------------------------------------------------------------------------------
                    RDMA_Write_imm BW Test
 Dual-port       : OFF		Device         : mlx5_0
 Number of qps   : 1		Transport type : IB
 Connection type : RC		Using SRQ      : OFF
 PCIe relax order: ON
 ibv_wr* API     : ON
 TX depth        : 128
 CQ Moderation   : 100
 Mtu             : 4096[B]
 Link type       : IB
 Max inline data : 0[B]
 rdma_cm QPs	 : OFF
 Data ex. method : Ethernet
---------------------------------------------------------------------------------------
 local address: LID 0x65a QPN 0x1b90 PSN 0xbe832 RKey 0x383131 VAddr 0x0000000199f000
 remote address: LID 0x659 QPN 0x035e PSN 0xd487ac RKey 0x3831f1 VAddr 0x00000000cde000
---------------------------------------------------------------------------------------
 #bytes     #iterations    BW peak[MB/sec]    BW average[MB/sec]   MsgRate[Mpps]
 2          5000             10.34              10.27  		   5.384347
---------------------------------------------------------------------------------------
---------------------------------------------------------------------------------------
RVMA Testing Results for machine type: CLIENT
Total RDMA Cold Start Elapsed time: 1024843 microseconds
Total RDMA Elapsed time: 5696 microseconds
Total RVMA Elapsed time: 928 microseconds
