Conflicting CPU frequency values detected: 2395.471000 != 3293.772000. CPU Frequency is not max.
---------------------------------------------------------------------------------------
                    RDMA_Write_imm BW Test
 Dual-port       : OFF		Device         : mlx5_0
 Number of qps   : 1		Transport type : IB
 Connection type : RC		Using SRQ      : OFF
 PCIe relax order: ON
 ibv_wr* API     : ON
 TX depth        : 128
 CQ Moderation   : 100
 Mtu             : 4096[B]
 Link type       : IB
 Max inline data : 0[B]
 rdma_cm QPs	 : OFF
 Data ex. method : Ethernet
---------------------------------------------------------------------------------------
 local address: LID 0x2c9 QPN 0x02ae PSN 0xd65c6a RKey 0x203141 VAddr 0x00000001970000
 remote address: LID 0x214 QPN 0x02ae PSN 0xae0ffc RKey 0x203141 VAddr 0x00000000ab8000
---------------------------------------------------------------------------------------
 #bytes     #iterations    BW peak[MB/sec]    BW average[MB/sec]   MsgRate[Mpps]
 4          5000             10.56              10.47  		   2.744376
---------------------------------------------------------------------------------------
---------------------------------------------------------------------------------------
RVMA Testing Results for machine type: CLIENT
Total RDMA Cold Start Elapsed time: 1026282 microseconds
Total RDMA Elapsed time: 9396 microseconds
Total RVMA Elapsed time: 1822 microseconds
