Conflicting CPU frequency values detected: 2395.554000 != 2798.294000. CPU Frequency is not max.
---------------------------------------------------------------------------------------
                    RDMA_Write_imm BW Test
 Dual-port       : OFF		Device         : mlx5_0
 Number of qps   : 1		Transport type : IB
 Connection type : RC		Using SRQ      : OFF
 PCIe relax order: ON
 ibv_wr* API     : ON
 TX depth        : 128
 CQ Moderation   : 100
 Mtu             : 4096[B]
 Link type       : IB
 Max inline data : 0[B]
 rdma_cm QPs	 : OFF
 Data ex. method : Ethernet
---------------------------------------------------------------------------------------
 local address: LID 0x285 QPN 0x375e PSN 0x66de41 RKey 0x00454c VAddr 0x0000000235f000
 remote address: LID 0x23d QPN 0x21c1 PSN 0xedc051 RKey 0x00459e VAddr 0x000000014c6000
---------------------------------------------------------------------------------------
 #bytes     #iterations    BW peak[MB/sec]    BW average[MB/sec]   MsgRate[Mpps]
 8          5000             21.10              20.97  		   2.749233
---------------------------------------------------------------------------------------
---------------------------------------------------------------------------------------
RVMA Testing Results for machine type: CLIENT
Total RDMA Cold Start Elapsed time: 1015899 microseconds
Total RDMA Elapsed time: 10199 microseconds
Total RVMA Elapsed time: 1819 microseconds
