Conflicting CPU frequency values detected: 2450.006000 != 3699.966000. CPU Frequency is not max.
---------------------------------------------------------------------------------------
                    RDMA_Write_imm BW Test
 Dual-port       : OFF		Device         : mlx5_0
 Number of qps   : 1		Transport type : IB
 Connection type : RC		Using SRQ      : OFF
 PCIe relax order: ON
 ibv_wr* API     : ON
 TX depth        : 128
 CQ Moderation   : 100
 Mtu             : 4096[B]
 Link type       : IB
 Max inline data : 0[B]
 rdma_cm QPs	 : OFF
 Data ex. method : Ethernet
---------------------------------------------------------------------------------------
 local address: LID 0x65a QPN 0x1bb6 PSN 0x105f1a RKey 0x383156 VAddr 0x00000001ba9000
 remote address: LID 0x659 QPN 0x0383 PSN 0x982b37 RKey 0x383116 VAddr 0x00000001596000
---------------------------------------------------------------------------------------
 #bytes     #iterations    BW peak[MB/sec]    BW average[MB/sec]   MsgRate[Mpps]
 16         5000             80.74              80.10  		   5.249687
---------------------------------------------------------------------------------------
---------------------------------------------------------------------------------------
RVMA Testing Results for machine type: CLIENT
Total RDMA Cold Start Elapsed time: 1022843 microseconds
Total RDMA Elapsed time: 5902 microseconds
Total RVMA Elapsed time: 953 microseconds
