Conflicting CPU frequency values detected: 2395.554000 != 2063.811000. CPU Frequency is not max.
---------------------------------------------------------------------------------------
                    RDMA_Write_imm BW Test
 Dual-port       : OFF		Device         : mlx5_0
 Number of qps   : 1		Transport type : IB
 Connection type : RC		Using SRQ      : OFF
 PCIe relax order: ON
 ibv_wr* API     : ON
 TX depth        : 128
 CQ Moderation   : 100
 Mtu             : 4096[B]
 Link type       : IB
 Max inline data : 0[B]
 rdma_cm QPs	 : OFF
 Data ex. method : Ethernet
---------------------------------------------------------------------------------------
 local address: LID 0x285 QPN 0x3756 PSN 0xb3c0bc RKey 0x004546 VAddr 0x00000001ac9000
 remote address: LID 0x23d QPN 0x21b7 PSN 0x49ffa5 RKey 0x004598 VAddr 0x00000000c87000
---------------------------------------------------------------------------------------
 #bytes     #iterations    BW peak[MB/sec]    BW average[MB/sec]   MsgRate[Mpps]
 4          5000             10.47              10.41  		   2.729312
---------------------------------------------------------------------------------------
---------------------------------------------------------------------------------------
RVMA Testing Results for machine type: CLIENT
Total RDMA Cold Start Elapsed time: 1015450 microseconds
Total RDMA Elapsed time: 9733 microseconds
Total RVMA Elapsed time: 1832 microseconds
