Conflicting CPU frequency values detected: 2395.471000 != 3293.580000. CPU Frequency is not max.
---------------------------------------------------------------------------------------
                    RDMA_Write_imm BW Test
 Dual-port       : OFF		Device         : mlx5_0
 Number of qps   : 1		Transport type : IB
 Connection type : RC		Using SRQ      : OFF
 PCIe relax order: ON
 ibv_wr* API     : ON
 TX depth        : 128
 CQ Moderation   : 100
 Mtu             : 4096[B]
 Link type       : IB
 Max inline data : 0[B]
 rdma_cm QPs	 : OFF
 Data ex. method : Ethernet
---------------------------------------------------------------------------------------
 local address: LID 0x2c9 QPN 0x02bb PSN 0xb8098 RKey 0x20314e VAddr 0x00000002222000
 remote address: LID 0x214 QPN 0x02bb PSN 0xb2021f RKey 0x20314e VAddr 0x0000000056a000
---------------------------------------------------------------------------------------
 #bytes     #iterations    BW peak[MB/sec]    BW average[MB/sec]   MsgRate[Mpps]
 16         5000             42.26              41.94  		   2.748547
---------------------------------------------------------------------------------------
---------------------------------------------------------------------------------------
RVMA Testing Results for machine type: CLIENT
Total RDMA Cold Start Elapsed time: 1027908 microseconds
Total RDMA Elapsed time: 9718 microseconds
Total RVMA Elapsed time: 1819 microseconds
