Conflicting CPU frequency values detected: 2395.581000 != 3206.821000. CPU Frequency is not max.
---------------------------------------------------------------------------------------
                    RDMA_Write_imm Latency Test
 Dual-port       : OFF		Device         : mlx5_0
 Number of qps   : 1		Transport type : IB
 Connection type : RC		Using SRQ      : OFF
 PCIe relax order: OFF
 ibv_wr* API     : ON
 TX depth        : 1
 Mtu             : 4096[B]
 Link type       : IB
 Max inline data : 220[B]
 rdma_cm QPs	 : OFF
 Data ex. method : Ethernet
---------------------------------------------------------------------------------------
 local address: LID 0x48b QPN 0x0404 PSN 0xd6231f RKey 0x14b879 VAddr 0x000000004a0000
 remote address: LID 0x477 QPN 0x038c PSN 0x5efff9 RKey 0x147d3d VAddr 0x00000002123000
---------------------------------------------------------------------------------------
 #bytes #iterations    t_min[usec]    t_max[usec]  t_typical[usec]    t_avg[usec]    t_stdev[usec]   99% percentile[usec]   99.9% percentile[usec] 
---------------------------------------------------------------------------------------
RVMA Testing Results for machine type: CLIENT
Total RDMA Cold Start Elapsed time: 256517 microseconds
Total RDMA Elapsed time: 239605 microseconds
Total RVMA Elapsed time: 7 microseconds
