Conflicting CPU frequency values detected: 2450.006000 != 3699.917000. CPU Frequency is not max.
---------------------------------------------------------------------------------------
                    RDMA_Write_imm BW Test
 Dual-port       : OFF		Device         : mlx5_0
 Number of qps   : 1		Transport type : IB
 Connection type : RC		Using SRQ      : OFF
 PCIe relax order: ON
 ibv_wr* API     : ON
 TX depth        : 128
 CQ Moderation   : 100
 Mtu             : 4096[B]
 Link type       : IB
 Max inline data : 0[B]
 rdma_cm QPs	 : OFF
 Data ex. method : Ethernet
---------------------------------------------------------------------------------------
 local address: LID 0x65a QPN 0x1bbd PSN 0x1d3ee RKey 0x38315d VAddr 0x00000000483000
 remote address: LID 0x659 QPN 0x038a PSN 0x4b37ee RKey 0x38311d VAddr 0x00000001a12000
---------------------------------------------------------------------------------------
 #bytes     #iterations    BW peak[MB/sec]    BW average[MB/sec]   MsgRate[Mpps]
 32         5000             164.69             163.28 		   5.350353
---------------------------------------------------------------------------------------
---------------------------------------------------------------------------------------
RVMA Testing Results for machine type: CLIENT
Total RDMA Cold Start Elapsed time: 1022771 microseconds
Total RDMA Elapsed time: 5704 microseconds
Total RVMA Elapsed time: 934 microseconds
