Conflicting CPU frequency values detected: 2395.480000 != 3222.207000. CPU Frequency is not max.
Z set at index 4098
---------------------------------------------------------------------------------------
                    RDMA_Write_imm Latency Test
 Dual-port       : OFF		Device         : mlx5_0
 Number of qps   : 1		Transport type : IB
 Connection type : RC		Using SRQ      : OFF
 PCIe relax order: OFF
 ibv_wr* API     : ON
 TX depth        : 1
 Mtu             : 4096[B]
 Link type       : IB
 Max inline data : 220[B]
 rdma_cm QPs	 : OFF
 Data ex. method : Ethernet
---------------------------------------------------------------------------------------
 local address: LID 0x4a1 QPN 0x03ea PSN 0x472aca RKey 0x125111 VAddr 0x00000000ff5000
 remote address: LID 0x477 QPN 0x0939 PSN 0x787bc RKey 0x168d4d VAddr 0x00000000cb8000
---------------------------------------------------------------------------------------
 #bytes #iterations    t_min[usec]    t_max[usec]  t_typical[usec]    t_avg[usec]    t_stdev[usec]   99% percentile[usec]   99.9% percentile[usec] 
---------------------------------------------------------------------------------------
RVMA Testing Results for machine type: CLIENT
Total RDMA Cold Start Elapsed time: 255292 microseconds
Total RDMA Elapsed time: 238345 microseconds
Total RVMA Elapsed time: 7 microseconds
