Conflicting CPU frequency values detected: 2395.471000 != 3293.772000. CPU Frequency is not max.
---------------------------------------------------------------------------------------
                    RDMA_Write_imm BW Test
 Dual-port       : OFF		Device         : mlx5_0
 Number of qps   : 1		Transport type : IB
 Connection type : RC		Using SRQ      : OFF
 PCIe relax order: ON
 ibv_wr* API     : ON
 TX depth        : 128
 CQ Moderation   : 100
 Mtu             : 4096[B]
 Link type       : IB
 Max inline data : 0[B]
 rdma_cm QPs	 : OFF
 Data ex. method : Ethernet
---------------------------------------------------------------------------------------
 local address: LID 0x2c9 QPN 0x02d5 PSN 0x824c32 RKey 0x203168 VAddr 0x00000000655000
 remote address: LID 0x214 QPN 0x02d5 PSN 0x1edaa5 RKey 0x203168 VAddr 0x00000000962000
---------------------------------------------------------------------------------------
 #bytes     #iterations    BW peak[MB/sec]    BW average[MB/sec]   MsgRate[Mpps]
 64         5000             227.03             223.64 		   3.664091
---------------------------------------------------------------------------------------
---------------------------------------------------------------------------------------
RVMA Testing Results for machine type: CLIENT
Total RDMA Cold Start Elapsed time: 1014841 microseconds
Total RDMA Elapsed time: 9343 microseconds
Total RVMA Elapsed time: 1365 microseconds
