Conflicting CPU frequency values detected: 2450.006000 != 3700.014000. CPU Frequency is not max.
---------------------------------------------------------------------------------------
                    RDMA_Write_imm BW Test
 Dual-port       : OFF		Device         : mlx5_0
 Number of qps   : 1		Transport type : IB
 Connection type : RC		Using SRQ      : OFF
 PCIe relax order: ON
 ibv_wr* API     : ON
 TX depth        : 128
 CQ Moderation   : 100
 Mtu             : 4096[B]
 Link type       : IB
 Max inline data : 0[B]
 rdma_cm QPs	 : OFF
 Data ex. method : Ethernet
---------------------------------------------------------------------------------------
 local address: LID 0x65a QPN 0x1bbf PSN 0x5a5197 RKey 0x38315f VAddr 0x000000018e8000
 remote address: LID 0x659 QPN 0x038c PSN 0x1cd06b RKey 0x38311f VAddr 0x000000008af000
---------------------------------------------------------------------------------------
 #bytes     #iterations    BW peak[MB/sec]    BW average[MB/sec]   MsgRate[Mpps]
 32         5000             165.42             164.44 		   5.388525
---------------------------------------------------------------------------------------
---------------------------------------------------------------------------------------
RVMA Testing Results for machine type: CLIENT
Total RDMA Cold Start Elapsed time: 1023609 microseconds
Total RDMA Elapsed time: 5740 microseconds
Total RVMA Elapsed time: 928 microseconds
