Conflicting CPU frequency values detected: 2395.481000 != 3222.193000. CPU Frequency is not max.
---------------------------------------------------------------------------------------
                    RDMA_Write_imm Latency Test
 Dual-port       : OFF		Device         : mlx5_0
 Number of qps   : 1		Transport type : IB
 Connection type : RC		Using SRQ      : OFF
 PCIe relax order: OFF
 ibv_wr* API     : ON
 TX depth        : 1
 Mtu             : 4096[B]
 Link type       : IB
 Max inline data : 220[B]
 rdma_cm QPs	 : OFF
 Data ex. method : Ethernet
---------------------------------------------------------------------------------------
 local address: LID 0x109 QPN 0x068c PSN 0x21e650 RKey 0x1526e6 VAddr 0x00000000a80000
 remote address: LID 0x83 QPN 0x068c PSN 0xcb1db7 RKey 0x138040 VAddr 0x0000000175f000
---------------------------------------------------------------------------------------
 #bytes #iterations    t_min[usec]    t_max[usec]  t_typical[usec]    t_avg[usec]    t_stdev[usec]   99% percentile[usec]   99.9% percentile[usec] 
---------------------------------------------------------------------------------------
RVMA Testing Results for machine type: CLIENT
Total RDMA Cold Start Elapsed time: 244749 microseconds
Total RDMA Elapsed time: 239636 microseconds
Total RVMA Elapsed time: 8 microseconds
