Conflicting CPU frequency values detected: 2450.006000 != 3699.977000. CPU Frequency is not max.
---------------------------------------------------------------------------------------
                    RDMA_Write_imm BW Test
 Dual-port       : OFF		Device         : mlx5_0
 Number of qps   : 1		Transport type : IB
 Connection type : RC		Using SRQ      : OFF
 PCIe relax order: ON
 ibv_wr* API     : ON
 TX depth        : 128
 CQ Moderation   : 100
 Mtu             : 4096[B]
 Link type       : IB
 Max inline data : 0[B]
 rdma_cm QPs	 : OFF
 Data ex. method : Ethernet
---------------------------------------------------------------------------------------
 local address: LID 0x65a QPN 0x1bbb PSN 0x3443ef RKey 0x38315b VAddr 0x00000000dad000
 remote address: LID 0x659 QPN 0x0388 PSN 0xe8dd38 RKey 0x38311b VAddr 0x00000001962000
---------------------------------------------------------------------------------------
 #bytes     #iterations    BW peak[MB/sec]    BW average[MB/sec]   MsgRate[Mpps]
 32         5000             162.19             160.25 		   5.251121
---------------------------------------------------------------------------------------
---------------------------------------------------------------------------------------
RVMA Testing Results for machine type: CLIENT
Total RDMA Cold Start Elapsed time: 1011417 microseconds
Total RDMA Elapsed time: 5681 microseconds
Total RVMA Elapsed time: 952 microseconds
