Conflicting CPU frequency values detected: 2395.480000 != 3217.800000. CPU Frequency is not max.
Z set at index 4098
---------------------------------------------------------------------------------------
                    RDMA_Write_imm Latency Test
 Dual-port       : OFF		Device         : mlx5_0
 Number of qps   : 1		Transport type : IB
 Connection type : RC		Using SRQ      : OFF
 PCIe relax order: OFF
 ibv_wr* API     : ON
 TX depth        : 1
 Mtu             : 4096[B]
 Link type       : IB
 Max inline data : 220[B]
 rdma_cm QPs	 : OFF
 Data ex. method : Ethernet
---------------------------------------------------------------------------------------
 local address: LID 0x4a1 QPN 0x0409 PSN 0x6ada1e RKey 0x125111 VAddr 0x000000018bc000
 remote address: LID 0x477 QPN 0x0958 PSN 0xc1c8d9 RKey 0x168d4d VAddr 0x00000001408000
---------------------------------------------------------------------------------------
 #bytes #iterations    t_min[usec]    t_max[usec]  t_typical[usec]    t_avg[usec]    t_stdev[usec]   99% percentile[usec]   99.9% percentile[usec] 
---------------------------------------------------------------------------------------
RVMA Testing Results for machine type: CLIENT
Total RDMA Cold Start Elapsed time: 257759 microseconds
Total RDMA Elapsed time: 239447 microseconds
Total RVMA Elapsed time: 8 microseconds
