Conflicting CPU frequency values detected: 2395.471000 != 3293.795000. CPU Frequency is not max.
---------------------------------------------------------------------------------------
                    RDMA_Write_imm BW Test
 Dual-port       : OFF		Device         : mlx5_0
 Number of qps   : 1		Transport type : IB
 Connection type : RC		Using SRQ      : OFF
 PCIe relax order: ON
 ibv_wr* API     : ON
 TX depth        : 128
 CQ Moderation   : 100
 Mtu             : 4096[B]
 Link type       : IB
 Max inline data : 0[B]
 rdma_cm QPs	 : OFF
 Data ex. method : Ethernet
---------------------------------------------------------------------------------------
 local address: LID 0x2c9 QPN 0x02d1 PSN 0x6a43f5 RKey 0x203164 VAddr 0x000000009ca000
 remote address: LID 0x214 QPN 0x02d1 PSN 0xd2ab1f RKey 0x203164 VAddr 0x00000000baa000
---------------------------------------------------------------------------------------
 #bytes     #iterations    BW peak[MB/sec]    BW average[MB/sec]   MsgRate[Mpps]
 64         5000             225.98             223.33 		   3.659094
---------------------------------------------------------------------------------------
---------------------------------------------------------------------------------------
RVMA Testing Results for machine type: CLIENT
Total RDMA Cold Start Elapsed time: 1026689 microseconds
Total RDMA Elapsed time: 9206 microseconds
Total RVMA Elapsed time: 1366 microseconds
