Conflicting CPU frequency values detected: 2450.006000 != 3700.512000. CPU Frequency is not max.
---------------------------------------------------------------------------------------
                    RDMA_Write_imm BW Test
 Dual-port       : OFF		Device         : mlx5_0
 Number of qps   : 1		Transport type : IB
 Connection type : RC		Using SRQ      : OFF
 PCIe relax order: ON
 ibv_wr* API     : ON
 TX depth        : 128
 CQ Moderation   : 100
 Mtu             : 4096[B]
 Link type       : IB
 Max inline data : 0[B]
 rdma_cm QPs	 : OFF
 Data ex. method : Ethernet
---------------------------------------------------------------------------------------
 local address: LID 0x65a QPN 0x1b9f PSN 0xaa0550 RKey 0x38313f VAddr 0x00000000dc9000
 remote address: LID 0x659 QPN 0x036c PSN 0xbd89ea RKey 0x3831ff VAddr 0x0000000053f000
---------------------------------------------------------------------------------------
 #bytes     #iterations    BW peak[MB/sec]    BW average[MB/sec]   MsgRate[Mpps]
 4          5000             20.63              20.44  		   5.359070
---------------------------------------------------------------------------------------
---------------------------------------------------------------------------------------
RVMA Testing Results for machine type: CLIENT
Total RDMA Cold Start Elapsed time: 1023309 microseconds
Total RDMA Elapsed time: 6120 microseconds
Total RVMA Elapsed time: 933 microseconds
