Conflicting CPU frequency values detected: 2395.554000 != 3293.927000. CPU Frequency is not max.
---------------------------------------------------------------------------------------
                    RDMA_Write_imm BW Test
 Dual-port       : OFF		Device         : mlx5_0
 Number of qps   : 1		Transport type : IB
 Connection type : RC		Using SRQ      : OFF
 PCIe relax order: ON
 ibv_wr* API     : ON
 TX depth        : 128
 CQ Moderation   : 100
 Mtu             : 4096[B]
 Link type       : IB
 Max inline data : 0[B]
 rdma_cm QPs	 : OFF
 Data ex. method : Ethernet
---------------------------------------------------------------------------------------
 local address: LID 0x285 QPN 0x374a PSN 0x7fef89 RKey 0x004540 VAddr 0x00000000d6a000
 remote address: LID 0x23d QPN 0x21ae PSN 0xa9bd0d RKey 0x004592 VAddr 0x000000010e6000
---------------------------------------------------------------------------------------
 #bytes     #iterations    BW peak[MB/sec]    BW average[MB/sec]   MsgRate[Mpps]
 4          5000             10.61              10.52  		   2.758472
---------------------------------------------------------------------------------------
---------------------------------------------------------------------------------------
RVMA Testing Results for machine type: CLIENT
Total RDMA Cold Start Elapsed time: 1015097 microseconds
Total RDMA Elapsed time: 9511 microseconds
Total RVMA Elapsed time: 1813 microseconds
