Conflicting CPU frequency values detected: 2395.554000 != 3293.981000. CPU Frequency is not max.
---------------------------------------------------------------------------------------
                    RDMA_Write_imm BW Test
 Dual-port       : OFF		Device         : mlx5_0
 Number of qps   : 1		Transport type : IB
 Connection type : RC		Using SRQ      : OFF
 PCIe relax order: ON
 ibv_wr* API     : ON
 TX depth        : 128
 CQ Moderation   : 100
 Mtu             : 4096[B]
 Link type       : IB
 Max inline data : 0[B]
 rdma_cm QPs	 : OFF
 Data ex. method : Ethernet
---------------------------------------------------------------------------------------
 local address: LID 0x285 QPN 0x3748 PSN 0x203a0e RKey 0x00453f VAddr 0x000000017d4000
 remote address: LID 0x23d QPN 0x21ac PSN 0x1d0a0e RKey 0x004591 VAddr 0x00000000a07000
---------------------------------------------------------------------------------------
 #bytes     #iterations    BW peak[MB/sec]    BW average[MB/sec]   MsgRate[Mpps]
 4          5000             10.68              10.62  		   2.784590
---------------------------------------------------------------------------------------
---------------------------------------------------------------------------------------
RVMA Testing Results for machine type: CLIENT
Total RDMA Cold Start Elapsed time: 1026949 microseconds
Total RDMA Elapsed time: 9785 microseconds
Total RVMA Elapsed time: 1796 microseconds
