Conflicting CPU frequency values detected: 2395.471000 != 1880.267000. CPU Frequency is not max.
---------------------------------------------------------------------------------------
                    RDMA_Write_imm BW Test
 Dual-port       : OFF		Device         : mlx5_0
 Number of qps   : 1		Transport type : IB
 Connection type : RC		Using SRQ      : OFF
 PCIe relax order: ON
 ibv_wr* API     : ON
 TX depth        : 128
 CQ Moderation   : 100
 Mtu             : 4096[B]
 Link type       : IB
 Max inline data : 0[B]
 rdma_cm QPs	 : OFF
 Data ex. method : Ethernet
---------------------------------------------------------------------------------------
 local address: LID 0x2c9 QPN 0x02c4 PSN 0x2ca5dc RKey 0x203157 VAddr 0x000000023c1000
 remote address: LID 0x214 QPN 0x02c4 PSN 0x614bfb RKey 0x203157 VAddr 0x00000001e05000
---------------------------------------------------------------------------------------
 #bytes     #iterations    BW peak[MB/sec]    BW average[MB/sec]   MsgRate[Mpps]
 16         5000             42.31              42.10  		   2.759184
---------------------------------------------------------------------------------------
---------------------------------------------------------------------------------------
RVMA Testing Results for machine type: CLIENT
Total RDMA Cold Start Elapsed time: 1027129 microseconds
Total RDMA Elapsed time: 9682 microseconds
Total RVMA Elapsed time: 1812 microseconds
