Conflicting CPU frequency values detected: 2395.541000 != 3204.708000. CPU Frequency is not max.
Z set at index 4097
---------------------------------------------------------------------------------------
                    RDMA_Write_imm Latency Test
 Dual-port       : OFF		Device         : mlx5_0
 Number of qps   : 1		Transport type : IB
 Connection type : RC		Using SRQ      : OFF
 PCIe relax order: OFF
 ibv_wr* API     : ON
 TX depth        : 1
 Mtu             : 4096[B]
 Link type       : IB
 Max inline data : 220[B]
 rdma_cm QPs	 : OFF
 Data ex. method : Ethernet
---------------------------------------------------------------------------------------
 local address: LID 0x5f0 QPN 0x0691 PSN 0x7a56b3 RKey 0x175818 VAddr 0x00000001d91000
 remote address: LID 0x5e1 QPN 0x0991 PSN 0xc8a11a RKey 0x15e4a4 VAddr 0x00000001f30000
---------------------------------------------------------------------------------------
 #bytes #iterations    t_min[usec]    t_max[usec]  t_typical[usec]    t_avg[usec]    t_stdev[usec]   99% percentile[usec]   99.9% percentile[usec] 
---------------------------------------------------------------------------------------
RVMA Testing Results for machine type: CLIENT
Total RDMA Cold Start Elapsed time: 257025 microseconds
Total RDMA Elapsed time: 239880 microseconds
Total RVMA Elapsed time: 7 microseconds
