Conflicting CPU frequency values detected: 2270.616000 != 2395.471000. CPU Frequency is not max.
---------------------------------------------------------------------------------------
                    RDMA_Write_imm BW Test
 Dual-port       : OFF		Device         : mlx5_0
 Number of qps   : 1		Transport type : IB
 Connection type : RC		Using SRQ      : OFF
 PCIe relax order: ON
 ibv_wr* API     : ON
 TX depth        : 128
 CQ Moderation   : 100
 Mtu             : 4096[B]
 Link type       : IB
 Max inline data : 0[B]
 rdma_cm QPs	 : OFF
 Data ex. method : Ethernet
---------------------------------------------------------------------------------------
 local address: LID 0x2c9 QPN 0x02a0 PSN 0xe0e8a2 RKey 0x203133 VAddr 0x00000000e63000
 remote address: LID 0x214 QPN 0x02a0 PSN 0xbd4276 RKey 0x203133 VAddr 0x00000001e59000
---------------------------------------------------------------------------------------
 #bytes     #iterations    BW peak[MB/sec]    BW average[MB/sec]   MsgRate[Mpps]
 2          5000             5.29               5.23   		   2.742514
---------------------------------------------------------------------------------------
---------------------------------------------------------------------------------------
RVMA Testing Results for machine type: CLIENT
Total RDMA Cold Start Elapsed time: 1015282 microseconds
Total RDMA Elapsed time: 9495 microseconds
Total RVMA Elapsed time: 1823 microseconds
