Conflicting CPU frequency values detected: 2395.600000 != 3226.088000. CPU Frequency is not max.
Z set at index 4097
---------------------------------------------------------------------------------------
                    RDMA_Write_imm Latency Test
 Dual-port       : OFF		Device         : mlx5_0
 Number of qps   : 1		Transport type : IB
 Connection type : RC		Using SRQ      : OFF
 PCIe relax order: OFF
 ibv_wr* API     : ON
 TX depth        : 1
 Mtu             : 4096[B]
 Link type       : IB
 Max inline data : 220[B]
 rdma_cm QPs	 : OFF
 Data ex. method : Ethernet
---------------------------------------------------------------------------------------
 local address: LID 0x275 QPN 0x906f PSN 0xbf2251 RKey 0x17e3a3 VAddr 0x00000000ef1000
 remote address: LID 0x214 QPN 0x29ff PSN 0x4e0d3a RKey 0x177b3b VAddr 0x00000001836000
---------------------------------------------------------------------------------------
 #bytes #iterations    t_min[usec]    t_max[usec]  t_typical[usec]    t_avg[usec]    t_stdev[usec]   99% percentile[usec]   99.9% percentile[usec] 
---------------------------------------------------------------------------------------
RVMA Testing Results for machine type: CLIENT
Total RDMA Cold Start Elapsed time: 245585 microseconds
Total RDMA Elapsed time: 239907 microseconds
Total RVMA Elapsed time: 8 microseconds
