Conflicting CPU frequency values detected: 3210.537000 != 2395.695000. CPU Frequency is not max.
After local write: buf[4098] = 0x5A
---------------------------------------------------------------------------------------
                    RDMA_Write_imm Latency Test
 Dual-port       : OFF		Device         : mlx5_0
 Number of qps   : 1		Transport type : IB
 Connection type : RC		Using SRQ      : OFF
 PCIe relax order: OFF
 ibv_wr* API     : ON
 TX depth        : 1
 Mtu             : 4096[B]
 Link type       : IB
 Max inline data : 220[B]
 rdma_cm QPs	 : OFF
 Data ex. method : Ethernet
---------------------------------------------------------------------------------------
 local address: LID 0x56f QPN 0x25ce PSN 0xd1d247 RKey 0x15793a VAddr 0x00000000a1b000
 remote address: LID 0x48b QPN 0x41df PSN 0x816963 RKey 0x13e1a1 VAddr 0x000000010f3000
---------------------------------------------------------------------------------------
 #bytes #iterations    t_min[usec]    t_max[usec]  t_typical[usec]    t_avg[usec]    t_stdev[usec]   99% percentile[usec]   99.9% percentile[usec] 
---------------------------------------------------------------------------------------
RVMA Testing Results for machine type: CLIENT
Total RDMA Cold Start Elapsed time: 256529 microseconds
Total RDMA Elapsed time: 239705 microseconds
Total RVMA Elapsed time: 6 microseconds
