Conflicting CPU frequency values detected: 2395.471000 != 2780.114000. CPU Frequency is not max.
---------------------------------------------------------------------------------------
                    RDMA_Write_imm BW Test
 Dual-port       : OFF		Device         : mlx5_0
 Number of qps   : 1		Transport type : IB
 Connection type : RC		Using SRQ      : OFF
 PCIe relax order: ON
 ibv_wr* API     : ON
 TX depth        : 128
 CQ Moderation   : 100
 Mtu             : 4096[B]
 Link type       : IB
 Max inline data : 0[B]
 rdma_cm QPs	 : OFF
 Data ex. method : Ethernet
---------------------------------------------------------------------------------------
 local address: LID 0x2c9 QPN 0x02aa PSN 0x618a RKey 0x20313d VAddr 0x00000001cee000
 remote address: LID 0x214 QPN 0x02aa PSN 0x7d87ce RKey 0x20313d VAddr 0x000000021ed000
---------------------------------------------------------------------------------------
 #bytes     #iterations    BW peak[MB/sec]    BW average[MB/sec]   MsgRate[Mpps]
 4          5000             10.56              10.48  		   2.746203
---------------------------------------------------------------------------------------
---------------------------------------------------------------------------------------
RVMA Testing Results for machine type: CLIENT
Total RDMA Cold Start Elapsed time: 1027315 microseconds
Total RDMA Elapsed time: 9428 microseconds
Total RVMA Elapsed time: 1821 microseconds
