Conflicting CPU frequency values detected: 2395.471000 != 3275.488000. CPU Frequency is not max.
---------------------------------------------------------------------------------------
                    RDMA_Write_imm BW Test
 Dual-port       : OFF		Device         : mlx5_0
 Number of qps   : 1		Transport type : IB
 Connection type : RC		Using SRQ      : OFF
 PCIe relax order: ON
 ibv_wr* API     : ON
 TX depth        : 128
 CQ Moderation   : 100
 Mtu             : 4096[B]
 Link type       : IB
 Max inline data : 0[B]
 rdma_cm QPs	 : OFF
 Data ex. method : Ethernet
---------------------------------------------------------------------------------------
 local address: LID 0x2c9 QPN 0x02d2 PSN 0xd29925 RKey 0x203165 VAddr 0x000000004a6000
 remote address: LID 0x214 QPN 0x02d2 PSN 0x2535b8 RKey 0x203165 VAddr 0x00000000655000
---------------------------------------------------------------------------------------
 #bytes     #iterations    BW peak[MB/sec]    BW average[MB/sec]   MsgRate[Mpps]
 64         5000             225.63             224.27 		   3.674423
---------------------------------------------------------------------------------------
---------------------------------------------------------------------------------------
RVMA Testing Results for machine type: CLIENT
Total RDMA Cold Start Elapsed time: 1026667 microseconds
Total RDMA Elapsed time: 9805 microseconds
Total RVMA Elapsed time: 1361 microseconds
