Conflicting CPU frequency values detected: 2395.471000 != 3255.307000. CPU Frequency is not max.
---------------------------------------------------------------------------------------
                    RDMA_Write_imm BW Test
 Dual-port       : OFF		Device         : mlx5_0
 Number of qps   : 1		Transport type : IB
 Connection type : RC		Using SRQ      : OFF
 PCIe relax order: ON
 ibv_wr* API     : ON
 TX depth        : 128
 CQ Moderation   : 100
 Mtu             : 4096[B]
 Link type       : IB
 Max inline data : 0[B]
 rdma_cm QPs	 : OFF
 Data ex. method : Ethernet
---------------------------------------------------------------------------------------
 local address: LID 0x2c9 QPN 0x02ca PSN 0xb1e40a RKey 0x20315d VAddr 0x00000000da6000
 remote address: LID 0x214 QPN 0x02ca PSN 0x919364 RKey 0x20315d VAddr 0x00000000694000
---------------------------------------------------------------------------------------
 #bytes     #iterations    BW peak[MB/sec]    BW average[MB/sec]   MsgRate[Mpps]
 32         5000             84.51              83.92  		   2.750001
---------------------------------------------------------------------------------------
---------------------------------------------------------------------------------------
RVMA Testing Results for machine type: CLIENT
Total RDMA Cold Start Elapsed time: 1015710 microseconds
Total RDMA Elapsed time: 9801 microseconds
Total RVMA Elapsed time: 1818 microseconds
