Conflicting CPU frequency values detected: 2450.006000 != 3699.966000. CPU Frequency is not max.
---------------------------------------------------------------------------------------
                    RDMA_Write_imm BW Test
 Dual-port       : OFF		Device         : mlx5_0
 Number of qps   : 1		Transport type : IB
 Connection type : RC		Using SRQ      : OFF
 PCIe relax order: ON
 ibv_wr* API     : ON
 TX depth        : 128
 CQ Moderation   : 100
 Mtu             : 4096[B]
 Link type       : IB
 Max inline data : 0[B]
 rdma_cm QPs	 : OFF
 Data ex. method : Ethernet
---------------------------------------------------------------------------------------
 local address: LID 0x65a QPN 0x1ba9 PSN 0x688a77 RKey 0x383149 VAddr 0x00000000607000
 remote address: LID 0x659 QPN 0x0376 PSN 0xf96ce5 RKey 0x383109 VAddr 0x000000017ba000
---------------------------------------------------------------------------------------
 #bytes     #iterations    BW peak[MB/sec]    BW average[MB/sec]   MsgRate[Mpps]
 8          5000             40.37              39.80  		   5.216332
---------------------------------------------------------------------------------------
---------------------------------------------------------------------------------------
RVMA Testing Results for machine type: CLIENT
Total RDMA Cold Start Elapsed time: 1022685 microseconds
Total RDMA Elapsed time: 5713 microseconds
Total RVMA Elapsed time: 959 microseconds
