Conflicting CPU frequency values detected: 2450.006000 != 3699.973000. CPU Frequency is not max.
---------------------------------------------------------------------------------------
                    RDMA_Write_imm BW Test
 Dual-port       : OFF		Device         : mlx5_0
 Number of qps   : 1		Transport type : IB
 Connection type : RC		Using SRQ      : OFF
 PCIe relax order: ON
 ibv_wr* API     : ON
 TX depth        : 128
 CQ Moderation   : 100
 Mtu             : 4096[B]
 Link type       : IB
 Max inline data : 0[B]
 rdma_cm QPs	 : OFF
 Data ex. method : Ethernet
---------------------------------------------------------------------------------------
 local address: LID 0x65a QPN 0x1b9a PSN 0x58f4c9 RKey 0x38313a VAddr 0x00000001c8a000
 remote address: LID 0x659 QPN 0x0367 PSN 0x46456e RKey 0x3831fa VAddr 0x00000000ee9000
---------------------------------------------------------------------------------------
 #bytes     #iterations    BW peak[MB/sec]    BW average[MB/sec]   MsgRate[Mpps]
 4          5000             20.14              19.95  		   5.230520
---------------------------------------------------------------------------------------
---------------------------------------------------------------------------------------
RVMA Testing Results for machine type: CLIENT
Total RDMA Cold Start Elapsed time: 1023275 microseconds
Total RDMA Elapsed time: 6185 microseconds
Total RVMA Elapsed time: 956 microseconds
