Conflicting CPU frequency values detected: 2450.006000 != 3700.737000. CPU Frequency is not max.
---------------------------------------------------------------------------------------
                    RDMA_Write_imm BW Test
 Dual-port       : OFF		Device         : mlx5_0
 Number of qps   : 1		Transport type : IB
 Connection type : RC		Using SRQ      : OFF
 PCIe relax order: ON
 ibv_wr* API     : ON
 TX depth        : 128
 CQ Moderation   : 100
 Mtu             : 4096[B]
 Link type       : IB
 Max inline data : 0[B]
 rdma_cm QPs	 : OFF
 Data ex. method : Ethernet
---------------------------------------------------------------------------------------
 local address: LID 0x65a QPN 0x1bca PSN 0x1abb0c RKey 0x38316a VAddr 0x00000001f3c000
 remote address: LID 0x659 QPN 0x0397 PSN 0x24da83 RKey 0x38312a VAddr 0x00000001111000
---------------------------------------------------------------------------------------
 #bytes     #iterations    BW peak[MB/sec]    BW average[MB/sec]   MsgRate[Mpps]
 64         5000             318.16             315.95 		   5.176479
---------------------------------------------------------------------------------------
---------------------------------------------------------------------------------------
RVMA Testing Results for machine type: CLIENT
Total RDMA Cold Start Elapsed time: 1022826 microseconds
Total RDMA Elapsed time: 5703 microseconds
Total RVMA Elapsed time: 966 microseconds
