Conflicting CPU frequency values detected: 2450.006000 != 3699.971000. CPU Frequency is not max.
---------------------------------------------------------------------------------------
                    RDMA_Write_imm BW Test
 Dual-port       : OFF		Device         : mlx5_0
 Number of qps   : 1		Transport type : IB
 Connection type : RC		Using SRQ      : OFF
 PCIe relax order: ON
 ibv_wr* API     : ON
 TX depth        : 128
 CQ Moderation   : 100
 Mtu             : 4096[B]
 Link type       : IB
 Max inline data : 0[B]
 rdma_cm QPs	 : OFF
 Data ex. method : Ethernet
---------------------------------------------------------------------------------------
 local address: LID 0x65a QPN 0x1ba7 PSN 0x82f562 RKey 0x383147 VAddr 0x00000000e2d000
 remote address: LID 0x659 QPN 0x0374 PSN 0x182c52 RKey 0x383107 VAddr 0x000000011ea000
---------------------------------------------------------------------------------------
 #bytes     #iterations    BW peak[MB/sec]    BW average[MB/sec]   MsgRate[Mpps]
 8          5000             39.77              39.48  		   5.174335
---------------------------------------------------------------------------------------
---------------------------------------------------------------------------------------
RVMA Testing Results for machine type: CLIENT
Total RDMA Cold Start Elapsed time: 1022768 microseconds
Total RDMA Elapsed time: 5756 microseconds
Total RVMA Elapsed time: 966 microseconds
