Conflicting CPU frequency values detected: 3294.470000 != 2395.471000. CPU Frequency is not max.
---------------------------------------------------------------------------------------
                    RDMA_Write_imm BW Test
 Dual-port       : OFF		Device         : mlx5_0
 Number of qps   : 1		Transport type : IB
 Connection type : RC		Using SRQ      : OFF
 PCIe relax order: ON
 ibv_wr* API     : ON
 TX depth        : 128
 CQ Moderation   : 100
 Mtu             : 4096[B]
 Link type       : IB
 Max inline data : 0[B]
 rdma_cm QPs	 : OFF
 Data ex. method : Ethernet
---------------------------------------------------------------------------------------
 local address: LID 0x2c9 QPN 0x02ad PSN 0xca3a72 RKey 0x203140 VAddr 0x00000001859000
 remote address: LID 0x214 QPN 0x02ad PSN 0x2d0521 RKey 0x203140 VAddr 0x0000000131a000
---------------------------------------------------------------------------------------
 #bytes     #iterations    BW peak[MB/sec]    BW average[MB/sec]   MsgRate[Mpps]
 4          5000             10.59              10.46  		   2.742642
---------------------------------------------------------------------------------------
---------------------------------------------------------------------------------------
RVMA Testing Results for machine type: CLIENT
Total RDMA Cold Start Elapsed time: 1015288 microseconds
Total RDMA Elapsed time: 9585 microseconds
Total RVMA Elapsed time: 1823 microseconds
