Conflicting CPU frequency values detected: 2395.481000 != 3202.188000. CPU Frequency is not max.
After local write: buf[4098] = 0x5A
---------------------------------------------------------------------------------------
                    RDMA_Write_imm Latency Test
 Dual-port       : OFF		Device         : mlx5_0
 Number of qps   : 1		Transport type : IB
 Connection type : RC		Using SRQ      : OFF
 PCIe relax order: OFF
 ibv_wr* API     : ON
 TX depth        : 1
 Mtu             : 4096[B]
 Link type       : IB
 Max inline data : 220[B]
 rdma_cm QPs	 : OFF
 Data ex. method : Ethernet
---------------------------------------------------------------------------------------
 local address: LID 0x109 QPN 0xed07 PSN 0x18c431 RKey 0x136c2c VAddr 0x00000001764000
 remote address: LID 0xba QPN 0xbf6a PSN 0xc70056 RKey 0x125616 VAddr 0x00000000f3a000
---------------------------------------------------------------------------------------
 #bytes #iterations    t_min[usec]    t_max[usec]  t_typical[usec]    t_avg[usec]    t_stdev[usec]   99% percentile[usec]   99.9% percentile[usec] 
---------------------------------------------------------------------------------------
RVMA Testing Results for machine type: CLIENT
Total RDMA Cold Start Elapsed time: 245455 microseconds
Total RDMA Elapsed time: 239458 microseconds
Total RVMA Elapsed time: 7 microseconds
