Conflicting CPU frequency values detected: 2450.006000 != 3699.794000. CPU Frequency is not max.
---------------------------------------------------------------------------------------
                    RDMA_Write_imm BW Test
 Dual-port       : OFF		Device         : mlx5_0
 Number of qps   : 1		Transport type : IB
 Connection type : RC		Using SRQ      : OFF
 PCIe relax order: ON
 ibv_wr* API     : ON
 TX depth        : 128
 CQ Moderation   : 100
 Mtu             : 4096[B]
 Link type       : IB
 Max inline data : 0[B]
 rdma_cm QPs	 : OFF
 Data ex. method : Ethernet
---------------------------------------------------------------------------------------
 local address: LID 0x65a QPN 0x1bc2 PSN 0x7f5341 RKey 0x383162 VAddr 0x0000000184a000
 remote address: LID 0x659 QPN 0x038f PSN 0x76c33 RKey 0x383122 VAddr 0x00000001768000
---------------------------------------------------------------------------------------
 #bytes     #iterations    BW peak[MB/sec]    BW average[MB/sec]   MsgRate[Mpps]
 64         5000             330.83             328.55 		   5.383015
---------------------------------------------------------------------------------------
---------------------------------------------------------------------------------------
RVMA Testing Results for machine type: CLIENT
Total RDMA Cold Start Elapsed time: 1022811 microseconds
Total RDMA Elapsed time: 5671 microseconds
Total RVMA Elapsed time: 929 microseconds
