Conflicting CPU frequency values detected: 2450.006000 != 3700.054000. CPU Frequency is not max.
---------------------------------------------------------------------------------------
                    RDMA_Write_imm BW Test
 Dual-port       : OFF		Device         : mlx5_0
 Number of qps   : 1		Transport type : IB
 Connection type : RC		Using SRQ      : OFF
 PCIe relax order: ON
 ibv_wr* API     : ON
 TX depth        : 128
 CQ Moderation   : 100
 Mtu             : 4096[B]
 Link type       : IB
 Max inline data : 0[B]
 rdma_cm QPs	 : OFF
 Data ex. method : Ethernet
---------------------------------------------------------------------------------------
 local address: LID 0x65a QPN 0x1bc8 PSN 0xb31214 RKey 0x383168 VAddr 0x00000001c67000
 remote address: LID 0x659 QPN 0x0395 PSN 0xd4872f RKey 0x383128 VAddr 0x000000013aa000
---------------------------------------------------------------------------------------
 #bytes     #iterations    BW peak[MB/sec]    BW average[MB/sec]   MsgRate[Mpps]
 64         5000             332.30             330.35 		   5.412440
---------------------------------------------------------------------------------------
---------------------------------------------------------------------------------------
RVMA Testing Results for machine type: CLIENT
Total RDMA Cold Start Elapsed time: 1023458 microseconds
Total RDMA Elapsed time: 5710 microseconds
Total RVMA Elapsed time: 924 microseconds
