Conflicting CPU frequency values detected: 2395.554000 != 3152.960000. CPU Frequency is not max.
---------------------------------------------------------------------------------------
                    RDMA_Write_imm BW Test
 Dual-port       : OFF		Device         : mlx5_0
 Number of qps   : 1		Transport type : IB
 Connection type : RC		Using SRQ      : OFF
 PCIe relax order: ON
 ibv_wr* API     : ON
 TX depth        : 128
 CQ Moderation   : 100
 Mtu             : 4096[B]
 Link type       : IB
 Max inline data : 0[B]
 rdma_cm QPs	 : OFF
 Data ex. method : Ethernet
---------------------------------------------------------------------------------------
 local address: LID 0x285 QPN 0x3739 PSN 0x8d4006 RKey 0x004538 VAddr 0x00000001571000
 remote address: LID 0x23d QPN 0x21a3 PSN 0x84cd9f RKey 0x00458a VAddr 0x000000006fb000
---------------------------------------------------------------------------------------
 #bytes     #iterations    BW peak[MB/sec]    BW average[MB/sec]   MsgRate[Mpps]
 2          5000             5.25               5.23   		   2.742540
---------------------------------------------------------------------------------------
---------------------------------------------------------------------------------------
RVMA Testing Results for machine type: CLIENT
Total RDMA Cold Start Elapsed time: 1027200 microseconds
Total RDMA Elapsed time: 9813 microseconds
Total RVMA Elapsed time: 1823 microseconds
