Conflicting CPU frequency values detected: 2395.471000 != 3293.768000. CPU Frequency is not max.
---------------------------------------------------------------------------------------
                    RDMA_Write_imm BW Test
 Dual-port       : OFF		Device         : mlx5_0
 Number of qps   : 1		Transport type : IB
 Connection type : RC		Using SRQ      : OFF
 PCIe relax order: ON
 ibv_wr* API     : ON
 TX depth        : 128
 CQ Moderation   : 100
 Mtu             : 4096[B]
 Link type       : IB
 Max inline data : 0[B]
 rdma_cm QPs	 : OFF
 Data ex. method : Ethernet
---------------------------------------------------------------------------------------
 local address: LID 0x2c9 QPN 0x02cb PSN 0x857fc8 RKey 0x20315e VAddr 0x000000014f4000
 remote address: LID 0x214 QPN 0x02cb PSN 0x796be RKey 0x20315e VAddr 0x000000014f4000
---------------------------------------------------------------------------------------
 #bytes     #iterations    BW peak[MB/sec]    BW average[MB/sec]   MsgRate[Mpps]
 32         5000             116.41             109.44 		   3.586000
---------------------------------------------------------------------------------------
---------------------------------------------------------------------------------------
RVMA Testing Results for machine type: CLIENT
Total RDMA Cold Start Elapsed time: 1015370 microseconds
Total RDMA Elapsed time: 9613 microseconds
Total RVMA Elapsed time: 1394 microseconds
