Conflicting CPU frequency values detected: 2395.554000 != 2955.833000. CPU Frequency is not max.
---------------------------------------------------------------------------------------
                    RDMA_Write_imm BW Test
 Dual-port       : OFF		Device         : mlx5_0
 Number of qps   : 1		Transport type : IB
 Connection type : RC		Using SRQ      : OFF
 PCIe relax order: ON
 ibv_wr* API     : ON
 TX depth        : 128
 CQ Moderation   : 100
 Mtu             : 4096[B]
 Link type       : IB
 Max inline data : 0[B]
 rdma_cm QPs	 : OFF
 Data ex. method : Ethernet
---------------------------------------------------------------------------------------
 local address: LID 0x285 QPN 0x3744 PSN 0xf60b64 RKey 0x00453d VAddr 0x00000000fe8000
 remote address: LID 0x23d QPN 0x21a9 PSN 0xfbc342 RKey 0x00458f VAddr 0x00000001efc000
---------------------------------------------------------------------------------------
 #bytes     #iterations    BW peak[MB/sec]    BW average[MB/sec]   MsgRate[Mpps]
 2          5000             7.31               7.20   		   3.776999
---------------------------------------------------------------------------------------
---------------------------------------------------------------------------------------
RVMA Testing Results for machine type: CLIENT
Total RDMA Cold Start Elapsed time: 1014684 microseconds
Total RDMA Elapsed time: 9004 microseconds
Total RVMA Elapsed time: 1324 microseconds
