Conflicting CPU frequency values detected: 2395.581000 != 3232.626000. CPU Frequency is not max.
---------------------------------------------------------------------------------------
                    RDMA_Write_imm Latency Test
 Dual-port       : OFF		Device         : mlx5_0
 Number of qps   : 1		Transport type : IB
 Connection type : RC		Using SRQ      : OFF
 PCIe relax order: OFF
 ibv_wr* API     : ON
 TX depth        : 1
 Mtu             : 4096[B]
 Link type       : IB
 Max inline data : 220[B]
 rdma_cm QPs	 : OFF
 Data ex. method : Ethernet
---------------------------------------------------------------------------------------
 local address: LID 0x48b QPN 0x03d6 PSN 0x314e7f RKey 0x14b879 VAddr 0x00000001cd5000
 remote address: LID 0x477 QPN 0x035e PSN 0xa63677 RKey 0x147d3d VAddr 0x00000000c0c000
---------------------------------------------------------------------------------------
 #bytes #iterations    t_min[usec]    t_max[usec]  t_typical[usec]    t_avg[usec]    t_stdev[usec]   99% percentile[usec]   99.9% percentile[usec] 
---------------------------------------------------------------------------------------
RVMA Testing Results for machine type: CLIENT
Total RDMA Cold Start Elapsed time: 244875 microseconds
Total RDMA Elapsed time: 239637 microseconds
Total RVMA Elapsed time: 9 microseconds
