Conflicting CPU frequency values detected: 2450.006000 != 3699.042000. CPU Frequency is not max.
---------------------------------------------------------------------------------------
                    RDMA_Write_imm BW Test
 Dual-port       : OFF		Device         : mlx5_0
 Number of qps   : 1		Transport type : IB
 Connection type : RC		Using SRQ      : OFF
 PCIe relax order: ON
 ibv_wr* API     : ON
 TX depth        : 128
 CQ Moderation   : 100
 Mtu             : 4096[B]
 Link type       : IB
 Max inline data : 0[B]
 rdma_cm QPs	 : OFF
 Data ex. method : Ethernet
---------------------------------------------------------------------------------------
 local address: LID 0x65a QPN 0x1bc1 PSN 0x9d87a2 RKey 0x383161 VAddr 0x000000009f8000
 remote address: LID 0x659 QPN 0x038e PSN 0xa21070 RKey 0x383121 VAddr 0x000000020b2000
---------------------------------------------------------------------------------------
 #bytes     #iterations    BW peak[MB/sec]    BW average[MB/sec]   MsgRate[Mpps]
 64         5000             330.83             328.99 		   5.390211
---------------------------------------------------------------------------------------
---------------------------------------------------------------------------------------
RVMA Testing Results for machine type: CLIENT
Total RDMA Cold Start Elapsed time: 1022770 microseconds
Total RDMA Elapsed time: 5652 microseconds
Total RVMA Elapsed time: 928 microseconds
