Conflicting CPU frequency values detected: 2395.600000 != 3235.952000. CPU Frequency is not max.
Z set at index 4097
---------------------------------------------------------------------------------------
                    RDMA_Write_imm Latency Test
 Dual-port       : OFF		Device         : mlx5_0
 Number of qps   : 1		Transport type : IB
 Connection type : RC		Using SRQ      : OFF
 PCIe relax order: OFF
 ibv_wr* API     : ON
 TX depth        : 1
 Mtu             : 4096[B]
 Link type       : IB
 Max inline data : 220[B]
 rdma_cm QPs	 : OFF
 Data ex. method : Ethernet
---------------------------------------------------------------------------------------
 local address: LID 0x275 QPN 0x905b PSN 0x1a357f RKey 0x17e3a3 VAddr 0x00000000af0000
 remote address: LID 0x214 QPN 0x29ef PSN 0x669d8d RKey 0x177b3b VAddr 0x00000000e9b000
---------------------------------------------------------------------------------------
 #bytes #iterations    t_min[usec]    t_max[usec]  t_typical[usec]    t_avg[usec]    t_stdev[usec]   99% percentile[usec]   99.9% percentile[usec] 
---------------------------------------------------------------------------------------
RVMA Testing Results for machine type: CLIENT
Total RDMA Cold Start Elapsed time: 245463 microseconds
Total RDMA Elapsed time: 239818 microseconds
Total RVMA Elapsed time: 8 microseconds
