Conflicting CPU frequency values detected: 2395.471000 != 2346.777000. CPU Frequency is not max.
---------------------------------------------------------------------------------------
                    RDMA_Write_imm BW Test
 Dual-port       : OFF		Device         : mlx5_0
 Number of qps   : 1		Transport type : IB
 Connection type : RC		Using SRQ      : OFF
 PCIe relax order: ON
 ibv_wr* API     : ON
 TX depth        : 128
 CQ Moderation   : 100
 Mtu             : 4096[B]
 Link type       : IB
 Max inline data : 0[B]
 rdma_cm QPs	 : OFF
 Data ex. method : Ethernet
---------------------------------------------------------------------------------------
 local address: LID 0x2c9 QPN 0x02b4 PSN 0x60fbc2 RKey 0x203147 VAddr 0x00000000b53000
 remote address: LID 0x214 QPN 0x02b4 PSN 0xaacf3e RKey 0x203147 VAddr 0x00000001aeb000
---------------------------------------------------------------------------------------
 #bytes     #iterations    BW peak[MB/sec]    BW average[MB/sec]   MsgRate[Mpps]
 8          5000             20.89              20.70  		   2.713119
---------------------------------------------------------------------------------------
---------------------------------------------------------------------------------------
RVMA Testing Results for machine type: CLIENT
Total RDMA Cold Start Elapsed time: 1026665 microseconds
Total RDMA Elapsed time: 9503 microseconds
Total RVMA Elapsed time: 1844 microseconds
