Conflicting CPU frequency values detected: 2395.554000 != 3293.452000. CPU Frequency is not max.
---------------------------------------------------------------------------------------
                    RDMA_Write_imm BW Test
 Dual-port       : OFF		Device         : mlx5_0
 Number of qps   : 1		Transport type : IB
 Connection type : RC		Using SRQ      : OFF
 PCIe relax order: ON
 ibv_wr* API     : ON
 TX depth        : 128
 CQ Moderation   : 100
 Mtu             : 4096[B]
 Link type       : IB
 Max inline data : 0[B]
 rdma_cm QPs	 : OFF
 Data ex. method : Ethernet
---------------------------------------------------------------------------------------
 local address: LID 0x285 QPN 0x3758 PSN 0x621ef7 RKey 0x004547 VAddr 0x00000001d6b000
 remote address: LID 0x23d QPN 0x21b9 PSN 0x34d136 RKey 0x004599 VAddr 0x00000000ba9000
---------------------------------------------------------------------------------------
 #bytes     #iterations    BW peak[MB/sec]    BW average[MB/sec]   MsgRate[Mpps]
 8          5000             21.10              20.88  		   2.737305
---------------------------------------------------------------------------------------
---------------------------------------------------------------------------------------
RVMA Testing Results for machine type: CLIENT
Total RDMA Cold Start Elapsed time: 1015580 microseconds
Total RDMA Elapsed time: 9869 microseconds
Total RVMA Elapsed time: 1827 microseconds
