Conflicting CPU frequency values detected: 3699.988000 != 2449.996000. CPU Frequency is not max.
After local write: buf[4098] = 0x5A
---------------------------------------------------------------------------------------
                    RDMA_Write_imm Latency Test
 Dual-port       : OFF		Device         : mlx5_0
 Number of qps   : 1		Transport type : IB
 Connection type : RC		Using SRQ      : OFF
 PCIe relax order: OFF
 ibv_wr* API     : ON
 TX depth        : 1
 Mtu             : 4096[B]
 Link type       : IB
 Max inline data : 220[B]
 rdma_cm QPs	 : OFF
 Data ex. method : Ethernet
---------------------------------------------------------------------------------------
 local address: LID 0x63b QPN 0x1ffda PSN 0xfec79f RKey 0x17f6b6 VAddr 0x00000001fb4000
 remote address: LID 0x68f QPN 0x1f67f PSN 0xc91a30 RKey 0x174d0d VAddr 0x00000000c7a000
---------------------------------------------------------------------------------------
 #bytes #iterations    t_min[usec]    t_max[usec]  t_typical[usec]    t_avg[usec]    t_stdev[usec]   99% percentile[usec]   99.9% percentile[usec] 
---------------------------------------------------------------------------------------
RVMA Testing Results for machine type: CLIENT
Total RDMA Cold Start Elapsed time: 254976 microseconds
Total RDMA Elapsed time: 236263 microseconds
Total RVMA Elapsed time: 10 microseconds
