Conflicting CPU frequency values detected: 2395.471000 != 1742.194000. CPU Frequency is not max.
---------------------------------------------------------------------------------------
                    RDMA_Write_imm BW Test
 Dual-port       : OFF		Device         : mlx5_0
 Number of qps   : 1		Transport type : IB
 Connection type : RC		Using SRQ      : OFF
 PCIe relax order: ON
 ibv_wr* API     : ON
 TX depth        : 128
 CQ Moderation   : 100
 Mtu             : 4096[B]
 Link type       : IB
 Max inline data : 0[B]
 rdma_cm QPs	 : OFF
 Data ex. method : Ethernet
---------------------------------------------------------------------------------------
 local address: LID 0x2c9 QPN 0x02b3 PSN 0xaae52 RKey 0x203146 VAddr 0x0000000145e000
 remote address: LID 0x214 QPN 0x02b3 PSN 0xb16268 RKey 0x203146 VAddr 0x00000001a4c000
---------------------------------------------------------------------------------------
 #bytes     #iterations    BW peak[MB/sec]    BW average[MB/sec]   MsgRate[Mpps]
 8          5000             21.13              20.89  		   2.738698
---------------------------------------------------------------------------------------
---------------------------------------------------------------------------------------
RVMA Testing Results for machine type: CLIENT
Total RDMA Cold Start Elapsed time: 1015259 microseconds
Total RDMA Elapsed time: 9433 microseconds
Total RVMA Elapsed time: 1825 microseconds
