Conflicting CPU frequency values detected: 2395.471000 != 2731.503000. CPU Frequency is not max.
---------------------------------------------------------------------------------------
                    RDMA_Write_imm BW Test
 Dual-port       : OFF		Device         : mlx5_0
 Number of qps   : 1		Transport type : IB
 Connection type : RC		Using SRQ      : OFF
 PCIe relax order: ON
 ibv_wr* API     : ON
 TX depth        : 128
 CQ Moderation   : 100
 Mtu             : 4096[B]
 Link type       : IB
 Max inline data : 0[B]
 rdma_cm QPs	 : OFF
 Data ex. method : Ethernet
---------------------------------------------------------------------------------------
 local address: LID 0x2c9 QPN 0x02c9 PSN 0x455a07 RKey 0x20315c VAddr 0x00000001ffa000
 remote address: LID 0x214 QPN 0x02c9 PSN 0xad9d87 RKey 0x20315c VAddr 0x00000001b96000
---------------------------------------------------------------------------------------
 #bytes     #iterations    BW peak[MB/sec]    BW average[MB/sec]   MsgRate[Mpps]
 32         5000             83.74              83.15  		   2.724762
---------------------------------------------------------------------------------------
---------------------------------------------------------------------------------------
RVMA Testing Results for machine type: CLIENT
Total RDMA Cold Start Elapsed time: 1027670 microseconds
Total RDMA Elapsed time: 9927 microseconds
Total RVMA Elapsed time: 1835 microseconds
