Conflicting CPU frequency values detected: 2395.554000 != 3220.311000. CPU Frequency is not max.
---------------------------------------------------------------------------------------
                    RDMA_Write_imm BW Test
 Dual-port       : OFF		Device         : mlx5_0
 Number of qps   : 1		Transport type : IB
 Connection type : RC		Using SRQ      : OFF
 PCIe relax order: ON
 ibv_wr* API     : ON
 TX depth        : 128
 CQ Moderation   : 100
 Mtu             : 4096[B]
 Link type       : IB
 Max inline data : 0[B]
 rdma_cm QPs	 : OFF
 Data ex. method : Ethernet
---------------------------------------------------------------------------------------
 local address: LID 0x285 QPN 0x375d PSN 0x9e3199 RKey 0x00454b VAddr 0x00000001f7b000
 remote address: LID 0x23d QPN 0x21be PSN 0xed01c3 RKey 0x00459d VAddr 0x00000000e55000
---------------------------------------------------------------------------------------
 #bytes     #iterations    BW peak[MB/sec]    BW average[MB/sec]   MsgRate[Mpps]
 8          5000             20.98              20.86  		   2.734066
---------------------------------------------------------------------------------------
---------------------------------------------------------------------------------------
RVMA Testing Results for machine type: CLIENT
Total RDMA Cold Start Elapsed time: 1027276 microseconds
Total RDMA Elapsed time: 9798 microseconds
Total RVMA Elapsed time: 1829 microseconds
