Conflicting CPU frequency values detected: 2395.554000 != 1969.869000. CPU Frequency is not max.
---------------------------------------------------------------------------------------
                    RDMA_Write_imm BW Test
 Dual-port       : OFF		Device         : mlx5_0
 Number of qps   : 1		Transport type : IB
 Connection type : RC		Using SRQ      : OFF
 PCIe relax order: ON
 ibv_wr* API     : ON
 TX depth        : 128
 CQ Moderation   : 100
 Mtu             : 4096[B]
 Link type       : IB
 Max inline data : 0[B]
 rdma_cm QPs	 : OFF
 Data ex. method : Ethernet
---------------------------------------------------------------------------------------
 local address: LID 0x285 QPN 0x3743 PSN 0xf7bd01 RKey 0x00453c VAddr 0x00000000a97000
 remote address: LID 0x23d QPN 0x21a8 PSN 0xbf46d4 RKey 0x00458e VAddr 0x0000000123c000
---------------------------------------------------------------------------------------
 #bytes     #iterations    BW peak[MB/sec]    BW average[MB/sec]   MsgRate[Mpps]
 2          5000             7.39               7.27   		   3.811120
---------------------------------------------------------------------------------------
---------------------------------------------------------------------------------------
RVMA Testing Results for machine type: CLIENT
Total RDMA Cold Start Elapsed time: 1027351 microseconds
Total RDMA Elapsed time: 9646 microseconds
Total RVMA Elapsed time: 1312 microseconds
