Conflicting CPU frequency values detected: 3699.983000 != 2449.996000. CPU Frequency is not max.
After local write: buf[4098] = 0x5A
---------------------------------------------------------------------------------------
                    RDMA_Write_imm Latency Test
 Dual-port       : OFF		Device         : mlx5_0
 Number of qps   : 1		Transport type : IB
 Connection type : RC		Using SRQ      : OFF
 PCIe relax order: OFF
 ibv_wr* API     : ON
 TX depth        : 1
 Mtu             : 4096[B]
 Link type       : IB
 Max inline data : 220[B]
 rdma_cm QPs	 : OFF
 Data ex. method : Ethernet
---------------------------------------------------------------------------------------
 local address: LID 0x65c QPN 0x1a07e PSN 0x391ad9 RKey 0x13f9b9 VAddr 0x0000000227e000
 remote address: LID 0x659 QPN 0x21e7 PSN 0xb03610 RKey 0x146d2d VAddr 0x00000002455000
---------------------------------------------------------------------------------------
 #bytes #iterations    t_min[usec]    t_max[usec]  t_typical[usec]    t_avg[usec]    t_stdev[usec]   99% percentile[usec]   99.9% percentile[usec] 
---------------------------------------------------------------------------------------
RVMA Testing Results for machine type: CLIENT
Total RDMA Cold Start Elapsed time: 250860 microseconds
Total RDMA Elapsed time: 238350 microseconds
Total RVMA Elapsed time: 18 microseconds
