Conflicting CPU frequency values detected: 2450.006000 != 3700.011000. CPU Frequency is not max.
---------------------------------------------------------------------------------------
                    RDMA_Write_imm BW Test
 Dual-port       : OFF		Device         : mlx5_0
 Number of qps   : 1		Transport type : IB
 Connection type : RC		Using SRQ      : OFF
 PCIe relax order: ON
 ibv_wr* API     : ON
 TX depth        : 128
 CQ Moderation   : 100
 Mtu             : 4096[B]
 Link type       : IB
 Max inline data : 0[B]
 rdma_cm QPs	 : OFF
 Data ex. method : Ethernet
---------------------------------------------------------------------------------------
 local address: LID 0x65a QPN 0x1b9b PSN 0x1fe27d RKey 0x38313b VAddr 0x000000019a1000
 remote address: LID 0x659 QPN 0x0368 PSN 0x8fdbde RKey 0x3831fb VAddr 0x0000000143d000
---------------------------------------------------------------------------------------
 #bytes     #iterations    BW peak[MB/sec]    BW average[MB/sec]   MsgRate[Mpps]
 4          5000             20.27              20.15  		   5.282913
---------------------------------------------------------------------------------------
---------------------------------------------------------------------------------------
RVMA Testing Results for machine type: CLIENT
Total RDMA Cold Start Elapsed time: 1022648 microseconds
Total RDMA Elapsed time: 5624 microseconds
Total RVMA Elapsed time: 946 microseconds
