Conflicting CPU frequency values detected: 2395.471000 != 1616.931000. CPU Frequency is not max.
---------------------------------------------------------------------------------------
                    RDMA_Write_imm BW Test
 Dual-port       : OFF		Device         : mlx5_0
 Number of qps   : 1		Transport type : IB
 Connection type : RC		Using SRQ      : OFF
 PCIe relax order: ON
 ibv_wr* API     : ON
 TX depth        : 128
 CQ Moderation   : 100
 Mtu             : 4096[B]
 Link type       : IB
 Max inline data : 0[B]
 rdma_cm QPs	 : OFF
 Data ex. method : Ethernet
---------------------------------------------------------------------------------------
 local address: LID 0x2c9 QPN 0x02b5 PSN 0x28dabe RKey 0x203148 VAddr 0x000000015bb000
 remote address: LID 0x214 QPN 0x02b5 PSN 0xca7348 RKey 0x203148 VAddr 0x0000000158e000
---------------------------------------------------------------------------------------
 #bytes     #iterations    BW peak[MB/sec]    BW average[MB/sec]   MsgRate[Mpps]
 8          5000             21.08              21.00  		   2.752048
---------------------------------------------------------------------------------------
---------------------------------------------------------------------------------------
RVMA Testing Results for machine type: CLIENT
Total RDMA Cold Start Elapsed time: 1015412 microseconds
Total RDMA Elapsed time: 9674 microseconds
Total RVMA Elapsed time: 1818 microseconds
