Conflicting CPU frequency values detected: 2449.996000 != 3699.994000. CPU Frequency is not max.
After local write: buf[4098] = 0x5A
---------------------------------------------------------------------------------------
                    RDMA_Write_imm Latency Test
 Dual-port       : OFF		Device         : mlx5_0
 Number of qps   : 1		Transport type : IB
 Connection type : RC		Using SRQ      : OFF
 PCIe relax order: OFF
 ibv_wr* API     : ON
 TX depth        : 1
 Mtu             : 4096[B]
 Link type       : IB
 Max inline data : 220[B]
 rdma_cm QPs	 : OFF
 Data ex. method : Ethernet
---------------------------------------------------------------------------------------
 local address: LID 0x65c QPN 0x1a084 PSN 0x6f764f RKey 0x13f9b9 VAddr 0x00000002101000
 remote address: LID 0x659 QPN 0x21ee PSN 0x7cbcd8 RKey 0x146d2d VAddr 0x00000000869000
---------------------------------------------------------------------------------------
 #bytes #iterations    t_min[usec]    t_max[usec]  t_typical[usec]    t_avg[usec]    t_stdev[usec]   99% percentile[usec]   99.9% percentile[usec] 
---------------------------------------------------------------------------------------
RVMA Testing Results for machine type: CLIENT
Total RDMA Cold Start Elapsed time: 243322 microseconds
Total RDMA Elapsed time: 225080 microseconds
Total RVMA Elapsed time: 10 microseconds
