Conflicting CPU frequency values detected: 2395.471000 != 3293.632000. CPU Frequency is not max.
---------------------------------------------------------------------------------------
                    RDMA_Write_imm BW Test
 Dual-port       : OFF		Device         : mlx5_0
 Number of qps   : 1		Transport type : IB
 Connection type : RC		Using SRQ      : OFF
 PCIe relax order: ON
 ibv_wr* API     : ON
 TX depth        : 128
 CQ Moderation   : 100
 Mtu             : 4096[B]
 Link type       : IB
 Max inline data : 0[B]
 rdma_cm QPs	 : OFF
 Data ex. method : Ethernet
---------------------------------------------------------------------------------------
 local address: LID 0x2c9 QPN 0x02a3 PSN 0x8ccf1f RKey 0x203136 VAddr 0x000000017bf000
 remote address: LID 0x214 QPN 0x02a3 PSN 0x58fd79 RKey 0x203136 VAddr 0x00000001ff4000
---------------------------------------------------------------------------------------
 #bytes     #iterations    BW peak[MB/sec]    BW average[MB/sec]   MsgRate[Mpps]
 2          5000             5.30               5.27   		   2.763830
---------------------------------------------------------------------------------------
---------------------------------------------------------------------------------------
RVMA Testing Results for machine type: CLIENT
Total RDMA Cold Start Elapsed time: 1026321 microseconds
Total RDMA Elapsed time: 9485 microseconds
Total RVMA Elapsed time: 1809 microseconds
