Conflicting CPU frequency values detected: 2395.481000 != 3218.837000. CPU Frequency is not max.
After local write: buf[4097] = 0x5A
---------------------------------------------------------------------------------------
                    RDMA_Write_imm Latency Test
 Dual-port       : OFF		Device         : mlx5_0
 Number of qps   : 1		Transport type : IB
 Connection type : RC		Using SRQ      : OFF
 PCIe relax order: OFF
 ibv_wr* API     : ON
 TX depth        : 1
 Mtu             : 4096[B]
 Link type       : IB
 Max inline data : 220[B]
 rdma_cm QPs	 : OFF
 Data ex. method : Ethernet
---------------------------------------------------------------------------------------
 local address: LID 0x1cd QPN 0x249c PSN 0x373c19 RKey 0x155010 VAddr 0x00000000c0d000
 remote address: LID 0x191 QPN 0x2561 PSN 0xa850c5 RKey 0x16dc9c VAddr 0x00000000ab5000
---------------------------------------------------------------------------------------
 #bytes #iterations    t_min[usec]    t_max[usec]  t_typical[usec]    t_avg[usec]    t_stdev[usec]   99% percentile[usec]   99.9% percentile[usec] 
---------------------------------------------------------------------------------------
RVMA Testing Results for machine type: CLIENT
Total RDMA Cold Start Elapsed time: 245657 microseconds
Total RDMA Elapsed time: 240011 microseconds
Total RVMA Elapsed time: 7 microseconds
