Conflicting CPU frequency values detected: 2395.471000 != 1865.281000. CPU Frequency is not max.
---------------------------------------------------------------------------------------
                    RDMA_Write_imm BW Test
 Dual-port       : OFF		Device         : mlx5_0
 Number of qps   : 1		Transport type : IB
 Connection type : RC		Using SRQ      : OFF
 PCIe relax order: ON
 ibv_wr* API     : ON
 TX depth        : 128
 CQ Moderation   : 100
 Mtu             : 4096[B]
 Link type       : IB
 Max inline data : 0[B]
 rdma_cm QPs	 : OFF
 Data ex. method : Ethernet
---------------------------------------------------------------------------------------
 local address: LID 0x2c9 QPN 0x02c5 PSN 0x440508 RKey 0x203158 VAddr 0x00000001d6d000
 remote address: LID 0x214 QPN 0x02c5 PSN 0x82496c RKey 0x203158 VAddr 0x0000000130d000
---------------------------------------------------------------------------------------
 #bytes     #iterations    BW peak[MB/sec]    BW average[MB/sec]   MsgRate[Mpps]
 32         5000             84.61              83.59  		   2.739194
---------------------------------------------------------------------------------------
---------------------------------------------------------------------------------------
RVMA Testing Results for machine type: CLIENT
Total RDMA Cold Start Elapsed time: 1015241 microseconds
Total RDMA Elapsed time: 9559 microseconds
Total RVMA Elapsed time: 1825 microseconds
