Conflicting CPU frequency values detected: 2450.006000 != 3699.680000. CPU Frequency is not max.
---------------------------------------------------------------------------------------
                    RDMA_Write_imm BW Test
 Dual-port       : OFF		Device         : mlx5_0
 Number of qps   : 1		Transport type : IB
 Connection type : RC		Using SRQ      : OFF
 PCIe relax order: ON
 ibv_wr* API     : ON
 TX depth        : 128
 CQ Moderation   : 100
 Mtu             : 4096[B]
 Link type       : IB
 Max inline data : 0[B]
 rdma_cm QPs	 : OFF
 Data ex. method : Ethernet
---------------------------------------------------------------------------------------
 local address: LID 0x65a QPN 0x1bb5 PSN 0x24b7c3 RKey 0x383155 VAddr 0x00000000867000
 remote address: LID 0x659 QPN 0x0382 PSN 0x25a705 RKey 0x383115 VAddr 0x00000001200000
---------------------------------------------------------------------------------------
 #bytes     #iterations    BW peak[MB/sec]    BW average[MB/sec]   MsgRate[Mpps]
 16         5000             80.05              79.14  		   5.186412
---------------------------------------------------------------------------------------
---------------------------------------------------------------------------------------
RVMA Testing Results for machine type: CLIENT
Total RDMA Cold Start Elapsed time: 1011365 microseconds
Total RDMA Elapsed time: 5594 microseconds
Total RVMA Elapsed time: 964 microseconds
