Conflicting CPU frequency values detected: 2395.471000 != 3293.923000. CPU Frequency is not max.
---------------------------------------------------------------------------------------
                    RDMA_Write_imm BW Test
 Dual-port       : OFF		Device         : mlx5_0
 Number of qps   : 1		Transport type : IB
 Connection type : RC		Using SRQ      : OFF
 PCIe relax order: ON
 ibv_wr* API     : ON
 TX depth        : 128
 CQ Moderation   : 100
 Mtu             : 4096[B]
 Link type       : IB
 Max inline data : 0[B]
 rdma_cm QPs	 : OFF
 Data ex. method : Ethernet
---------------------------------------------------------------------------------------
 local address: LID 0x2c9 QPN 0x02ab PSN 0x2b2226 RKey 0x20313e VAddr 0x000000011e3000
 remote address: LID 0x214 QPN 0x02ab PSN 0xedb922 RKey 0x20313e VAddr 0x000000007f3000
---------------------------------------------------------------------------------------
 #bytes     #iterations    BW peak[MB/sec]    BW average[MB/sec]   MsgRate[Mpps]
 4          5000             10.54              10.50  		   2.753187
---------------------------------------------------------------------------------------
---------------------------------------------------------------------------------------
RVMA Testing Results for machine type: CLIENT
Total RDMA Cold Start Elapsed time: 1027167 microseconds
Total RDMA Elapsed time: 9821 microseconds
Total RVMA Elapsed time: 1817 microseconds
