Conflicting CPU frequency values detected: 2395.581000 != 3293.952000. CPU Frequency is not max.

************************************
* Waiting for client to connect... *
************************************
---------------------------------------------------------------------------------------
                    RDMA_Write_imm Latency Test
 Dual-port       : OFF		Device         : mlx5_0
 Number of qps   : 1		Transport type : IB
 Connection type : RC		Using SRQ      : OFF
 PCIe relax order: OFF
 ibv_wr* API     : ON
 RX depth        : 512
 Mtu             : 4096[B]
 Link type       : IB
 Max inline data : 220[B]
 rdma_cm QPs	 : OFF
 Data ex. method : Ethernet
---------------------------------------------------------------------------------------
 local address: LID 0x48b QPN 0x0395 PSN 0xe70bae RKey 0x14b879 VAddr 0x00000001e13000
 remote address: LID 0x4a1 QPN 0x0395 PSN 0xbea3ee RKey 0x125111 VAddr 0x0000000161a000
---------------------------------------------------------------------------------------
 #bytes #iterations    t_min[usec]    t_max[usec]  t_typical[usec]    t_avg[usec]    t_stdev[usec]   99% percentile[usec]   99.9% percentile[usec] 
---------------------------------------------------------------------------------------
RVMA Testing Results for machine type: SERVER
Results for the mailbox with Virtual Address of: 123
The RVMA notification Buff Ptr flag is: 0
The RVMA notification Len Ptr indicates: 64 bytes written
The VAddr mailbox has this many retired queue entries: 0
The VAddr mailbox has this many queue entries: 1
Message Size: 64
The results in the buffer were verified to be correct
