Conflicting CPU frequency values detected: 2395.277000 != 3275.262000. CPU Frequency is not max.
 WARNING: BW peak won't be measured in this run.

************************************
* Waiting for client to connect... *
************************************
---------------------------------------------------------------------------------------
                    RDMA_Write_imm BW Test
 Dual-port       : OFF		Device         : mlx5_0
 Number of qps   : 1		Transport type : IB
 Connection type : RC		Using SRQ      : OFF
 PCIe relax order: ON
 ibv_wr* API     : ON
 RX depth        : 512
 CQ Moderation   : 100
 Mtu             : 4096[B]
 Link type       : IB
 Max inline data : 0[B]
 rdma_cm QPs	 : OFF
 Data ex. method : Ethernet
---------------------------------------------------------------------------------------
 local address: LID 0x214 QPN 0x029d PSN 0xdae2b6 RKey 0x203130 VAddr 0x00000001a6e000
 remote address: LID 0x2c9 QPN 0x029d PSN 0x64e26e RKey 0x203130 VAddr 0x00000000af1000
---------------------------------------------------------------------------------------
 #bytes     #iterations    BW peak[MB/sec]    BW average[MB/sec]   MsgRate[Mpps]
 2          5000             0.00               5.22   		   2.736749
---------------------------------------------------------------------------------------
---------------------------------------------------------------------------------------
RVMA Testing Results for machine type: SERVER
The total number of bytes transferred was: 20480000 bytes (Most is repeats and throw away)
Results for the mailbox with Virtual Address of: 123
The RVMA notification Buff Ptr flag is: 1
The RVMA notification Len Ptr indicates: 8192 bytes written
The VAddr mailbox has this many retired queue entries: 1
The VAddr mailbox has this many queue entries: 0
Message Size: 2
AAAAAZZAAAA
The results in the retired buffer were verified to be correct
