Conflicting CPU frequency values detected: 2395.341000 != 2733.814000. CPU Frequency is not max.

************************************
* Waiting for client to connect... *
************************************
---------------------------------------------------------------------------------------
                    RDMA_Write_imm Latency Test
 Dual-port       : OFF		Device         : mlx5_0
 Number of qps   : 1		Transport type : IB
 Connection type : RC		Using SRQ      : OFF
 PCIe relax order: OFF
 ibv_wr* API     : ON
 RX depth        : 512
 Mtu             : 4096[B]
 Link type       : IB
 Max inline data : 220[B]
 rdma_cm QPs	 : OFF
 Data ex. method : Ethernet
---------------------------------------------------------------------------------------
 local address: LID 0xba QPN 0x065f PSN 0x5f388c RKey 0x176222 VAddr 0x000000009de000
 remote address: LID 0x191 QPN 0x065f PSN 0xd07bdd RKey 0x11f7b8 VAddr 0x000000020c0000
---------------------------------------------------------------------------------------
 #bytes #iterations    t_min[usec]    t_max[usec]  t_typical[usec]    t_avg[usec]    t_stdev[usec]   99% percentile[usec]   99.9% percentile[usec] 
---------------------------------------------------------------------------------------
RVMA Testing Results for machine type: SERVER
Results for the mailbox with Virtual Address of: 123
The RVMA notification Buff Ptr flag is: 0
The RVMA notification Len Ptr indicates: 2 bytes written
The VAddr mailbox has this many retired queue entries: 0
The VAddr mailbox has this many queue entries: 1
Message Size: 2
ZZZZZZ
The first char in the receiving buffer is not Z, it is: 
The results in the buffer were verified to be incorrect
