This file contains any messages produced by compilers while
running configure, to aid debugging if configure makes a mistake.

It was created by perftest configure 6.20, which was
generated by GNU Autoconf 2.71.  Invocation command line was

  $ ./configure --prefix=/home/rysilve/perftest-rvma/install

## --------- ##
## Platform. ##
## --------- ##

hostname = narval1
uname -m = x86_64
uname -r = 5.14.0-611.34.1.el9_7.x86_64
uname -s = Linux
uname -v = #1 SMP PREEMPT_DYNAMIC Wed Feb 18 05:51:10 EST 2026

/usr/bin/uname -p = x86_64
/bin/uname -X     = unknown

/bin/arch              = x86_64
/usr/bin/arch -k       = unknown
/usr/convex/getsysinfo = unknown
/usr/bin/hostinfo      = unknown
/bin/machine           = unknown
/usr/bin/oslevel       = unknown
/bin/universe          = unknown

PATH: /home/rysilve/iperf/install/bin/
PATH: /home/rysilve/.local/bin/
PATH: /home/rysilve/iperf/install/bin/
PATH: /opt/software/slurm/bin/
PATH: /home/rysilve/.vscode-server/bin/8b617bd08fd9e3fc94d14adb8d358b56e3f72314/bin/remote-cli/
PATH: /home/rysilve/iperf/install/bin/
PATH: /opt/software/slurm/bin/
PATH: /home/rysilve/iperf/install/bin/
PATH: /home/rysilve/.local/bin/
PATH: /home/rysilve/bin/
PATH: /cvmfs/soft.computecanada.ca/easybuild/software/2023/x86-64-v3/Core/mii/1.1.2/bin/
PATH: /cvmfs/soft.computecanada.ca/easybuild/software/2023/x86-64-v3/Core/flexiblascore/3.3.1/bin/
PATH: /cvmfs/soft.computecanada.ca/easybuild/software/2023/x86-64-v3/Compiler/gcc12/openmpi/4.1.5/bin/
PATH: /cvmfs/soft.computecanada.ca/easybuild/software/2023/x86-64-v3/Compiler/gcccore/ucc/1.2.0/bin/
PATH: /cvmfs/soft.computecanada.ca/easybuild/software/2023/x86-64-v3/Compiler/gcccore/pmix/4.2.4/bin/
PATH: /cvmfs/soft.computecanada.ca/easybuild/software/2023/x86-64-v3/Compiler/gcccore/libfabric/1.18.0/bin/
PATH: /cvmfs/soft.computecanada.ca/easybuild/software/2023/x86-64-v3/Compiler/gcccore/ucx/1.14.1/bin/
PATH: /cvmfs/soft.computecanada.ca/easybuild/software/2023/x86-64-v3/Compiler/gcccore/hwloc/2.9.1/sbin/
PATH: /cvmfs/soft.computecanada.ca/easybuild/software/2023/x86-64-v3/Compiler/gcccore/hwloc/2.9.1/bin/
PATH: /cvmfs/soft.computecanada.ca/gentoo/2023/x86-64-v3/usr/x86_64-pc-linux-gnu/gcc-bin/12/
PATH: /cvmfs/soft.computecanada.ca/easybuild/bin/
PATH: /cvmfs/soft.computecanada.ca/custom/bin/
PATH: /cvmfs/soft.computecanada.ca/gentoo/2023/x86-64-v3/usr/bin/
PATH: /cvmfs/soft.computecanada.ca/custom/bin/computecanada/
PATH: /opt/software/slurm/bin/
PATH: /usr/local/bin/
PATH: /usr/bin/
PATH: /usr/local/sbin/
PATH: /usr/sbin/
PATH: /opt/puppetlabs/bin/


## ----------- ##
## Core tests. ##
## ----------- ##

configure:2805: looking for aux files: config.guess config.sub ltmain.sh compile missing install-sh
configure:2818:  trying ./config/
configure:2847:   ./config/config.guess found
configure:2847:   ./config/config.sub found
configure:2847:   ./config/ltmain.sh found
configure:2847:   ./config/compile found
configure:2847:   ./config/missing found
configure:2829:   ./config/install-sh found
configure:2980: checking for a BSD-compatible install
configure:3053: result: /cvmfs/soft.computecanada.ca/custom/bin/install -c
configure:3064: checking whether build environment is sane
configure:3119: result: yes
configure:3278: checking for a race-free mkdir -p
configure:3322: result: /cvmfs/soft.computecanada.ca/gentoo/2023/x86-64-v3/usr/bin/mkdir -p
configure:3329: checking for gawk
configure:3350: found /cvmfs/soft.computecanada.ca/gentoo/2023/x86-64-v3/usr/bin/gawk
configure:3361: result: gawk
configure:3372: checking whether make sets $(MAKE)
configure:3395: result: yes
configure:3425: checking whether make supports nested variables
configure:3443: result: yes
configure:3591: checking whether make supports nested variables
configure:3609: result: yes
configure:3705: checking for gcc
configure:3726: found /cvmfs/soft.computecanada.ca/gentoo/2023/x86-64-v3/usr/x86_64-pc-linux-gnu/gcc-bin/12/gcc
configure:3737: result: gcc
configure:4090: checking for C compiler version
configure:4099: gcc --version >&5
gcc (Gentoo 12.3.1_p20230526 p2) 12.3.1 20230526
Copyright (C) 2022 Free Software Foundation, Inc.
This is free software; see the source for copying conditions.  There is NO
warranty; not even for MERCHANTABILITY or FITNESS FOR A PARTICULAR PURPOSE.

configure:4110: $? = 0
configure:4099: gcc -v >&5
Using built-in specs.
COLLECT_GCC=gcc
COLLECT_LTO_WRAPPER=/cvmfs/soft.computecanada.ca/gentoo/2023/x86-64-v3/usr/libexec/gcc/x86_64-pc-linux-gnu/12/lto-wrapper
OFFLOAD_TARGET_NAMES=nvptx-none
Target: x86_64-pc-linux-gnu
Configured with: /cvmfs/soft.computecanada.ca/gentoo/2023/x86-64-v3/var/tmp/portage/sys-devel/gcc-12.3.1_p20230526/work/gcc-12-20230526/configure --host=x86_64-pc-linux-gnu --build=x86_64-pc-linux-gnu --prefix=/cvmfs/soft.computecanada.ca/gentoo/2023/x86-64-v3/usr --bindir=/cvmfs/soft.computecanada.ca/gentoo/2023/x86-64-v3/usr/x86_64-pc-linux-gnu/gcc-bin/12 --includedir=/cvmfs/soft.computecanada.ca/gentoo/2023/x86-64-v3/usr/lib/gcc/x86_64-pc-linux-gnu/12/include --datadir=/cvmfs/soft.computecanada.ca/gentoo/2023/x86-64-v3/usr/share/gcc-data/x86_64-pc-linux-gnu/12 --mandir=/cvmfs/soft.computecanada.ca/gentoo/2023/x86-64-v3/usr/share/gcc-data/x86_64-pc-linux-gnu/12/man --infodir=/cvmfs/soft.computecanada.ca/gentoo/2023/x86-64-v3/usr/share/gcc-data/x86_64-pc-linux-gnu/12/info --with-gxx-include-dir=/cvmfs/soft.computecanada.ca/gentoo/2023/x86-64-v3/usr/lib/gcc/x86_64-pc-linux-gnu/12/include/g++-v12 --disable-silent-rules --disable-dependency-tracking --with-python-dir=/share/gcc-data/x86_64-pc-linux-gnu/12/python --enable-languages=c,c++,fortran --enable-obsolete --enable-secureplt --disable-werror --with-system-zlib --enable-nls --without-included-gettext --disable-libunwind-exceptions --enable-checking=release --with-bugurl=https://bugs.gentoo.org/ --with-pkgversion='Gentoo 12.3.1_p20230526 p2' --with-gcc-major-version-only --enable-libstdcxx-time --enable-lto --disable-libstdcxx-pch --enable-shared --enable-threads=posix --with-sysroot=/cvmfs/soft.computecanada.ca/gentoo/2023/x86-64-v3 --with-build-sysroot=/cvmfs/soft.computecanada.ca/gentoo/2023/x86-64-v3 --enable-__cxa_atexit --enable-clocale=gnu --disable-multilib --with-multilib-list=m64 --disable-fixed-point --enable-targets=all --enable-libgomp --disable-libssp --disable-libada --disable-cet --disable-systemtap --disable-valgrind-annotations --disable-vtable-verify --disable-libvtv --with-zstd --with-isl --disable-isl-version-check --disable-default-pie --disable-default-ssp --without-cuda-driver --enable-offload-targets=nvptx-none --with-build-config=bootstrap-lto
Thread model: posix
Supported LTO compression algorithms: zlib zstd
gcc version 12.3.1 20230526 (Gentoo 12.3.1_p20230526 p2) 
configure:4110: $? = 0
configure:4099: gcc -V >&5
gcc: error: unrecognized command-line option '-V'
gcc: fatal error: no input files
compilation terminated.
configure:4110: $? = 1
configure:4099: gcc -qversion >&5
gcc: error: unrecognized command-line option '-qversion'; did you mean '--version'?
gcc: fatal error: no input files
compilation terminated.
configure:4110: $? = 1
configure:4099: gcc -version >&5
gcc: error: unrecognized command-line option '-version'
gcc: fatal error: no input files
compilation terminated.
configure:4110: $? = 1
configure:4130: checking whether the C compiler works
configure:4152: gcc    conftest.c  >&5
configure:4156: $? = 0
configure:4206: result: yes
configure:4209: checking for C compiler default output file name
configure:4211: result: a.out
configure:4217: checking for suffix of executables
configure:4224: gcc -o conftest    conftest.c  >&5
configure:4228: $? = 0
configure:4251: result: 
configure:4273: checking whether we are cross compiling
configure:4281: gcc -o conftest    conftest.c  >&5
configure:4285: $? = 0
configure:4292: ./conftest
configure:4296: $? = 0
configure:4311: result: no
configure:4316: checking for suffix of object files
configure:4339: gcc -c   conftest.c >&5
configure:4343: $? = 0
configure:4365: result: o
configure:4369: checking whether the compiler supports GNU C
configure:4389: gcc -c   conftest.c >&5
configure:4389: $? = 0
configure:4399: result: yes
configure:4410: checking whether gcc accepts -g
configure:4431: gcc -c -g  conftest.c >&5
configure:4431: $? = 0
configure:4475: result: yes
configure:4495: checking for gcc option to enable C11 features
configure:4510: gcc  -c -g -O2  conftest.c >&5
configure:4510: $? = 0
configure:4528: result: none needed
configure:4644: checking whether gcc understands -c and -o together
configure:4667: gcc -c conftest.c -o conftest2.o
configure:4670: $? = 0
configure:4667: gcc -c conftest.c -o conftest2.o
configure:4670: $? = 0
configure:4682: result: yes
configure:4702: checking whether make supports the include directive
configure:4717: make -f confmf.GNU && cat confinc.out
this is the am__doit target
configure:4720: $? = 0
configure:4739: result: yes (GNU style)
configure:4765: checking dependency style of gcc
configure:4877: result: gcc3
configure:4961: checking for g++
configure:4982: found /cvmfs/soft.computecanada.ca/gentoo/2023/x86-64-v3/usr/x86_64-pc-linux-gnu/gcc-bin/12/g++
configure:4993: result: g++
configure:5020: checking for C++ compiler version
configure:5029: g++ --version >&5
g++ (Gentoo 12.3.1_p20230526 p2) 12.3.1 20230526
Copyright (C) 2022 Free Software Foundation, Inc.
This is free software; see the source for copying conditions.  There is NO
warranty; not even for MERCHANTABILITY or FITNESS FOR A PARTICULAR PURPOSE.

configure:5040: $? = 0
configure:5029: g++ -v >&5
Using built-in specs.
COLLECT_GCC=g++
COLLECT_LTO_WRAPPER=/cvmfs/soft.computecanada.ca/gentoo/2023/x86-64-v3/usr/libexec/gcc/x86_64-pc-linux-gnu/12/lto-wrapper
OFFLOAD_TARGET_NAMES=nvptx-none
Target: x86_64-pc-linux-gnu
Configured with: /cvmfs/soft.computecanada.ca/gentoo/2023/x86-64-v3/var/tmp/portage/sys-devel/gcc-12.3.1_p20230526/work/gcc-12-20230526/configure --host=x86_64-pc-linux-gnu --build=x86_64-pc-linux-gnu --prefix=/cvmfs/soft.computecanada.ca/gentoo/2023/x86-64-v3/usr --bindir=/cvmfs/soft.computecanada.ca/gentoo/2023/x86-64-v3/usr/x86_64-pc-linux-gnu/gcc-bin/12 --includedir=/cvmfs/soft.computecanada.ca/gentoo/2023/x86-64-v3/usr/lib/gcc/x86_64-pc-linux-gnu/12/include --datadir=/cvmfs/soft.computecanada.ca/gentoo/2023/x86-64-v3/usr/share/gcc-data/x86_64-pc-linux-gnu/12 --mandir=/cvmfs/soft.computecanada.ca/gentoo/2023/x86-64-v3/usr/share/gcc-data/x86_64-pc-linux-gnu/12/man --infodir=/cvmfs/soft.computecanada.ca/gentoo/2023/x86-64-v3/usr/share/gcc-data/x86_64-pc-linux-gnu/12/info --with-gxx-include-dir=/cvmfs/soft.computecanada.ca/gentoo/2023/x86-64-v3/usr/lib/gcc/x86_64-pc-linux-gnu/12/include/g++-v12 --disable-silent-rules --disable-dependency-tracking --with-python-dir=/share/gcc-data/x86_64-pc-linux-gnu/12/python --enable-languages=c,c++,fortran --enable-obsolete --enable-secureplt --disable-werror --with-system-zlib --enable-nls --without-included-gettext --disable-libunwind-exceptions --enable-checking=release --with-bugurl=https://bugs.gentoo.org/ --with-pkgversion='Gentoo 12.3.1_p20230526 p2' --with-gcc-major-version-only --enable-libstdcxx-time --enable-lto --disable-libstdcxx-pch --enable-shared --enable-threads=posix --with-sysroot=/cvmfs/soft.computecanada.ca/gentoo/2023/x86-64-v3 --with-build-sysroot=/cvmfs/soft.computecanada.ca/gentoo/2023/x86-64-v3 --enable-__cxa_atexit --enable-clocale=gnu --disable-multilib --with-multilib-list=m64 --disable-fixed-point --enable-targets=all --enable-libgomp --disable-libssp --disable-libada --disable-cet --disable-systemtap --disable-valgrind-annotations --disable-vtable-verify --disable-libvtv --with-zstd --with-isl --disable-isl-version-check --disable-default-pie --disable-default-ssp --without-cuda-driver --enable-offload-targets=nvptx-none --with-build-config=bootstrap-lto
Thread model: posix
Supported LTO compression algorithms: zlib zstd
gcc version 12.3.1 20230526 (Gentoo 12.3.1_p20230526 p2) 
configure:5040: $? = 0
configure:5029: g++ -V >&5
g++: error: unrecognized command-line option '-V'
g++: fatal error: no input files
compilation terminated.
configure:5040: $? = 1
configure:5029: g++ -qversion >&5
g++: error: unrecognized command-line option '-qversion'; did you mean '--version'?
g++: fatal error: no input files
compilation terminated.
configure:5040: $? = 1
configure:5044: checking whether the compiler supports GNU C++
configure:5064: g++ -c   conftest.cpp >&5
configure:5064: $? = 0
configure:5074: result: yes
configure:5085: checking whether g++ accepts -g
configure:5106: g++ -c -g  conftest.cpp >&5
configure:5106: $? = 0
configure:5150: result: yes
configure:5170: checking for g++ option to enable C++11 features
configure:5185: g++  -c -g -O2  conftest.cpp >&5
conftest.cpp: In function 'int main(int, char**)':
conftest.cpp:177:25: warning: empty parentheses were disambiguated as a function declaration [-Wvexing-parse]
  177 |   cxx11test::delegate d2();
      |                         ^~
conftest.cpp:177:25: note: remove parentheses to default-initialize a variable
  177 |   cxx11test::delegate d2();
      |                         ^~
      |                         --
conftest.cpp:177:25: note: or replace parentheses with braces to value-initialize a variable
configure:5185: $? = 0
configure:5203: result: none needed
configure:5269: checking dependency style of g++
configure:5381: result: gcc3
configure:5405: checking dependency style of gcc
configure:5515: result: gcc3
configure:5563: checking build system type
configure:5578: result: x86_64-pc-linux-gnu
configure:5598: checking host system type
configure:5612: result: x86_64-pc-linux-gnu
configure:5653: checking how to print strings
configure:5680: result: printf
configure:5701: checking for a sed that does not truncate output
configure:5771: result: /cvmfs/soft.computecanada.ca/gentoo/2023/x86-64-v3/usr/bin/sed
configure:5789: checking for grep that handles long lines and -e
configure:5853: result: /cvmfs/soft.computecanada.ca/gentoo/2023/x86-64-v3/usr/bin/grep
configure:5858: checking for egrep
configure:5926: result: /cvmfs/soft.computecanada.ca/gentoo/2023/x86-64-v3/usr/bin/grep -E
configure:5931: checking for fgrep
configure:5999: result: /cvmfs/soft.computecanada.ca/gentoo/2023/x86-64-v3/usr/bin/grep -F
configure:6035: checking for ld used by gcc
configure:6103: result: /cvmfs/soft.computecanada.ca/gentoo/2023/x86-64-v3/usr/x86_64-pc-linux-gnu/bin/ld
configure:6110: checking if the linker (/cvmfs/soft.computecanada.ca/gentoo/2023/x86-64-v3/usr/x86_64-pc-linux-gnu/bin/ld) is GNU ld
configure:6126: result: yes
configure:6138: checking for BSD- or MS-compatible name lister (nm)
configure:6193: result: /cvmfs/soft.computecanada.ca/gentoo/2023/x86-64-v3/usr/bin/nm -B
configure:6333: checking the name lister (/cvmfs/soft.computecanada.ca/gentoo/2023/x86-64-v3/usr/bin/nm -B) interface
configure:6341: gcc -c -g -O2  conftest.c >&5
configure:6344: /cvmfs/soft.computecanada.ca/gentoo/2023/x86-64-v3/usr/bin/nm -B "conftest.o"
configure:6347: output
0000000000000000 B some_variable
configure:6354: result: BSD nm
configure:6357: checking whether ln -s works
configure:6361: result: yes
configure:6369: checking the maximum length of command line arguments
configure:6501: result: 1572864
configure:6549: checking how to convert x86_64-pc-linux-gnu file names to x86_64-pc-linux-gnu format
configure:6590: result: func_convert_file_noop
configure:6597: checking how to convert x86_64-pc-linux-gnu file names to toolchain format
configure:6618: result: func_convert_file_noop
configure:6625: checking for /cvmfs/soft.computecanada.ca/gentoo/2023/x86-64-v3/usr/x86_64-pc-linux-gnu/bin/ld option to reload object files
configure:6633: result: -r
configure:6712: checking for file
configure:6733: found /cvmfs/soft.computecanada.ca/gentoo/2023/x86-64-v3/usr/bin/file
configure:6744: result: file
configure:6820: checking for objdump
configure:6841: found /cvmfs/soft.computecanada.ca/gentoo/2023/x86-64-v3/usr/bin/objdump
configure:6852: result: objdump
configure:6884: checking how to recognize dependent libraries
configure:7085: result: pass_all
configure:7175: checking for dlltool
configure:7210: result: no
configure:7240: checking how to associate runtime and link libraries
configure:7268: result: printf %s\n
configure:7334: checking for ar
configure:7355: found /cvmfs/soft.computecanada.ca/gentoo/2023/x86-64-v3/usr/bin/ar
configure:7366: result: ar
configure:7419: checking for archiver @FILE support
configure:7437: gcc -c -g -O2  conftest.c >&5
configure:7437: $? = 0
configure:7441: ar cr libconftest.a @conftest.lst >&5
configure:7444: $? = 0
configure:7449: ar cr libconftest.a @conftest.lst >&5
ar: conftest.o: No such file or directory
configure:7452: $? = 1
configure:7464: result: @
configure:7527: checking for strip
configure:7548: found /cvmfs/soft.computecanada.ca/gentoo/2023/x86-64-v3/usr/bin/strip
configure:7559: result: strip
configure:7636: checking for ranlib
configure:7657: found /cvmfs/soft.computecanada.ca/gentoo/2023/x86-64-v3/usr/bin/ranlib
configure:7668: result: ranlib
configure:7770: checking command to parse /cvmfs/soft.computecanada.ca/gentoo/2023/x86-64-v3/usr/bin/nm -B output from gcc object
configure:7924: gcc -c -g -O2  conftest.c >&5
configure:7927: $? = 0
configure:7931: /cvmfs/soft.computecanada.ca/gentoo/2023/x86-64-v3/usr/bin/nm -B conftest.o \| /cvmfs/soft.computecanada.ca/gentoo/2023/x86-64-v3/usr/bin/sed -n -e 's/^.*[ ]\([ABCDGIRSTW][ABCDGIRSTW]*\)[ ][ ]*\([_A-Za-z][_A-Za-z0-9]*\)$/\1 \2 \2/p' | /cvmfs/soft.computecanada.ca/gentoo/2023/x86-64-v3/usr/bin/sed '/ __gnu_lto/d' \> conftest.nm
configure:7934: $? = 0
configure:8000: gcc -o conftest -g -O2   conftest.c conftstm.o >&5
configure:8003: $? = 0
configure:8041: result: ok
configure:8088: checking for sysroot
configure:8119: result: no
configure:8126: checking for a working dd
configure:8170: result: /cvmfs/soft.computecanada.ca/gentoo/2023/x86-64-v3/usr/bin/dd
configure:8174: checking how to truncate binary pipes
configure:8190: result: /cvmfs/soft.computecanada.ca/gentoo/2023/x86-64-v3/usr/bin/dd bs=4096 count=1
configure:8327: gcc -c -g -O2  conftest.c >&5
configure:8330: $? = 0
configure:8527: checking for mt
configure:8562: result: no
configure:8582: checking if : is a manifest tool
configure:8589: : '-?'
configure:8597: result: no
configure:9322: checking for stdio.h
configure:9322: gcc -c -g -O2  conftest.c >&5
configure:9322: $? = 0
configure:9322: result: yes
configure:9322: checking for stdlib.h
configure:9322: gcc -c -g -O2  conftest.c >&5
configure:9322: $? = 0
configure:9322: result: yes
configure:9322: checking for string.h
configure:9322: gcc -c -g -O2  conftest.c >&5
configure:9322: $? = 0
configure:9322: result: yes
configure:9322: checking for inttypes.h
configure:9322: gcc -c -g -O2  conftest.c >&5
configure:9322: $? = 0
configure:9322: result: yes
configure:9322: checking for stdint.h
configure:9322: gcc -c -g -O2  conftest.c >&5
configure:9322: $? = 0
configure:9322: result: yes
configure:9322: checking for strings.h
configure:9322: gcc -c -g -O2  conftest.c >&5
configure:9322: $? = 0
configure:9322: result: yes
configure:9322: checking for sys/stat.h
configure:9322: gcc -c -g -O2  conftest.c >&5
configure:9322: $? = 0
configure:9322: result: yes
configure:9322: checking for sys/types.h
configure:9322: gcc -c -g -O2  conftest.c >&5
configure:9322: $? = 0
configure:9322: result: yes
configure:9322: checking for unistd.h
configure:9322: gcc -c -g -O2  conftest.c >&5
configure:9322: $? = 0
configure:9322: result: yes
configure:9347: checking for dlfcn.h
configure:9347: gcc -c -g -O2  conftest.c >&5
configure:9347: $? = 0
configure:9347: result: yes
configure:9617: checking for objdir
configure:9633: result: .libs
configure:9897: checking if gcc supports -fno-rtti -fno-exceptions
configure:9916: gcc -c -g -O2  -fno-rtti -fno-exceptions conftest.c >&5
cc1: warning: command-line option '-fno-rtti' is valid for C++/D/ObjC++ but not for C
configure:9920: $? = 0
configure:9933: result: no
configure:10291: checking for gcc option to produce PIC
configure:10299: result: -fPIC -DPIC
configure:10307: checking if gcc PIC flag -fPIC -DPIC works
configure:10326: gcc -c -g -O2  -fPIC -DPIC -DPIC conftest.c >&5
configure:10330: $? = 0
configure:10343: result: yes
configure:10372: checking if gcc static flag -static works
configure:10401: result: yes
configure:10416: checking if gcc supports -c -o file.o
configure:10438: gcc -c -g -O2  -o out/conftest2.o conftest.c >&5
configure:10442: $? = 0
configure:10464: result: yes
configure:10472: checking if gcc supports -c -o file.o
configure:10520: result: yes
configure:10553: checking whether the gcc linker (/cvmfs/soft.computecanada.ca/gentoo/2023/x86-64-v3/usr/x86_64-pc-linux-gnu/bin/ld -m elf_x86_64) supports shared libraries
configure:11821: result: yes
configure:11858: checking whether -lc should be explicitly linked in
configure:11867: gcc -c -g -O2  conftest.c >&5
configure:11870: $? = 0
configure:11885: gcc -shared  -fPIC -DPIC conftest.o  -v -Wl,-soname -Wl,conftest -o conftest 2\>\&1 \| /cvmfs/soft.computecanada.ca/gentoo/2023/x86-64-v3/usr/bin/grep  -lc  \>/dev/null 2\>\&1
configure:11888: $? = 0
configure:11902: result: no
configure:12062: checking dynamic linker characteristics
configure:12657: gcc -o conftest -g -O2   -Wl,-rpath -Wl,/foo conftest.c  >&5
configure:12657: $? = 0
configure:12896: result: GNU/Linux ld.so
configure:13018: checking how to hardcode library paths into programs
configure:13043: result: immediate
configure:13625: checking whether stripping libraries is possible
configure:13634: result: yes
configure:13676: checking if libtool supports shared libraries
configure:13678: result: yes
configure:13681: checking whether to build shared libraries
configure:13706: result: yes
configure:13709: checking whether to build static libraries
configure:13713: result: yes
configure:13736: checking how to run the C++ preprocessor
configure:13758: g++ -E  conftest.cpp
configure:13758: $? = 0
configure:13773: g++ -E  conftest.cpp
conftest.cpp:23:10: fatal error: ac_nonexistent.h: No such file or directory
   23 | #include <ac_nonexistent.h>
      |          ^~~~~~~~~~~~~~~~~~
compilation terminated.
configure:13773: $? = 1
configure: failed program was:
| /* confdefs.h */
| #define PACKAGE_NAME "perftest"
| #define PACKAGE_TARNAME "perftest"
| #define PACKAGE_VERSION "6.20"
| #define PACKAGE_STRING "perftest 6.20"
| #define PACKAGE_BUGREPORT "linux-rdma@vger.kernel.org"
| #define PACKAGE_URL ""
| #define PACKAGE "perftest"
| #define VERSION "6.20"
| #define HAVE_STDIO_H 1
| #define HAVE_STDLIB_H 1
| #define HAVE_STRING_H 1
| #define HAVE_INTTYPES_H 1
| #define HAVE_STDINT_H 1
| #define HAVE_STRINGS_H 1
| #define HAVE_SYS_STAT_H 1
| #define HAVE_SYS_TYPES_H 1
| #define HAVE_UNISTD_H 1
| #define STDC_HEADERS 1
| #define HAVE_DLFCN_H 1
| #define LT_OBJDIR ".libs/"
| /* end confdefs.h.  */
| #include <ac_nonexistent.h>
configure:13800: result: g++ -E
configure:13814: g++ -E  conftest.cpp
configure:13814: $? = 0
configure:13829: g++ -E  conftest.cpp
conftest.cpp:23:10: fatal error: ac_nonexistent.h: No such file or directory
   23 | #include <ac_nonexistent.h>
      |          ^~~~~~~~~~~~~~~~~~
compilation terminated.
configure:13829: $? = 1
configure: failed program was:
| /* confdefs.h */
| #define PACKAGE_NAME "perftest"
| #define PACKAGE_TARNAME "perftest"
| #define PACKAGE_VERSION "6.20"
| #define PACKAGE_STRING "perftest 6.20"
| #define PACKAGE_BUGREPORT "linux-rdma@vger.kernel.org"
| #define PACKAGE_URL ""
| #define PACKAGE "perftest"
| #define VERSION "6.20"
| #define HAVE_STDIO_H 1
| #define HAVE_STDLIB_H 1
| #define HAVE_STRING_H 1
| #define HAVE_INTTYPES_H 1
| #define HAVE_STDINT_H 1
| #define HAVE_STRINGS_H 1
| #define HAVE_SYS_STAT_H 1
| #define HAVE_SYS_TYPES_H 1
| #define HAVE_UNISTD_H 1
| #define STDC_HEADERS 1
| #define HAVE_DLFCN_H 1
| #define LT_OBJDIR ".libs/"
| /* end confdefs.h.  */
| #include <ac_nonexistent.h>
configure:13994: checking for ld used by g++
configure:14062: result: /cvmfs/soft.computecanada.ca/gentoo/2023/x86-64-v3/usr/x86_64-pc-linux-gnu/bin/ld -m elf_x86_64
configure:14069: checking if the linker (/cvmfs/soft.computecanada.ca/gentoo/2023/x86-64-v3/usr/x86_64-pc-linux-gnu/bin/ld -m elf_x86_64) is GNU ld
configure:14085: result: yes
configure:14140: checking whether the g++ linker (/cvmfs/soft.computecanada.ca/gentoo/2023/x86-64-v3/usr/x86_64-pc-linux-gnu/bin/ld -m elf_x86_64) supports shared libraries
configure:15218: result: yes
configure:15254: g++ -c -g -O2  conftest.cpp >&5
configure:15257: $? = 0
configure:15738: checking for g++ option to produce PIC
configure:15746: result: -fPIC -DPIC
configure:15754: checking if g++ PIC flag -fPIC -DPIC works
configure:15773: g++ -c -g -O2  -fPIC -DPIC -DPIC conftest.cpp >&5
configure:15777: $? = 0
configure:15790: result: yes
configure:15813: checking if g++ static flag -static works
configure:15842: result: yes
configure:15854: checking if g++ supports -c -o file.o
configure:15876: g++ -c -g -O2  -o out/conftest2.o conftest.cpp >&5
configure:15880: $? = 0
configure:15902: result: yes
configure:15907: checking if g++ supports -c -o file.o
configure:15955: result: yes
configure:15985: checking whether the g++ linker (/cvmfs/soft.computecanada.ca/gentoo/2023/x86-64-v3/usr/x86_64-pc-linux-gnu/bin/ld -m elf_x86_64) supports shared libraries
configure:16025: result: yes
configure:16167: checking dynamic linker characteristics
configure:16928: result: GNU/Linux ld.so
configure:16993: checking how to hardcode library paths into programs
configure:17018: result: immediate
configure:17127: checking for ranlib
configure:17159: result: ranlib
configure:17184: checking for egrep
configure:17252: result: /cvmfs/soft.computecanada.ca/gentoo/2023/x86-64-v3/usr/bin/grep -E
configure:17260: checking for infiniband/verbs.h
configure:17260: gcc -c -g -O2  conftest.c >&5
configure:17260: $? = 0
configure:17260: result: yes
configure:17270: checking for ibv_get_device_list in -libverbs
configure:17299: gcc -o conftest -g -O2   conftest.c -libverbs   >&5
configure:17299: $? = 0
configure:17309: result: yes
configure:17321: checking for rdma_create_event_channel in -lrdmacm
configure:17350: gcc -o conftest -g -O2   conftest.c -lrdmacm  -libverbs  >&5
configure:17350: $? = 0
configure:17360: result: yes
configure:17372: checking for umad_init in -libumad
configure:17401: gcc -o conftest -g -O2   conftest.c -libumad  -lrdmacm -libverbs  >&5
configure:17401: $? = 0
configure:17411: result: yes
configure:17420: checking for log in -lm
configure:17449: gcc -o conftest -g -O2   conftest.c -lm  -lrdmacm -libverbs  >&5
conftest.c:36:6: warning: conflicting types for built-in function 'log'; expected 'double(double)' [-Wbuiltin-declaration-mismatch]
   36 | char log (void);
      |      ^~~
conftest.c:1:1: note: 'log' is declared in header '<math.h>'
    1 | /* confdefs.h */
configure:17449: $? = 0
configure:17459: result: yes
configure:17469: checking for ibv_reg_dmabuf_mr in -libverbs
configure:17498: gcc -o conftest -g -O2   conftest.c -libverbs  -lrdmacm -libverbs  >&5
configure:17498: $? = 0
configure:17508: result: yes
configure:17534: gcc -o conftest -g -O2   conftest.c -lrdmacm -libverbs  >&5
configure:17534: $? = 0
configure:17592: gcc -o conftest -g -O2   conftest.c -lrdmacm -libverbs  >&5
configure:17592: $? = 0
configure:17631: gcc -o conftest -g -O2   conftest.c -lrdmacm -libverbs  >&5
configure:17631: $? = 0
configure:17667: gcc -o conftest -g -O2   conftest.c -lrdmacm -libverbs  >&5
conftest.c: In function 'main':
conftest.c:36:11: error: #error nope
   36 |          #error nope
      |           ^~~~~
configure:17667: $? = 1
configure: failed program was:
| /* confdefs.h */
| #define PACKAGE_NAME "perftest"
| #define PACKAGE_TARNAME "perftest"
| #define PACKAGE_VERSION "6.20"
| #define PACKAGE_STRING "perftest 6.20"
| #define PACKAGE_BUGREPORT "linux-rdma@vger.kernel.org"
| #define PACKAGE_URL ""
| #define PACKAGE "perftest"
| #define VERSION "6.20"
| #define HAVE_STDIO_H 1
| #define HAVE_STDLIB_H 1
| #define HAVE_STRING_H 1
| #define HAVE_INTTYPES_H 1
| #define HAVE_STDINT_H 1
| #define HAVE_STRINGS_H 1
| #define HAVE_SYS_STAT_H 1
| #define HAVE_SYS_TYPES_H 1
| #define HAVE_UNISTD_H 1
| #define STDC_HEADERS 1
| #define HAVE_DLFCN_H 1
| #define LT_OBJDIR ".libs/"
| #define HAVE_INFINIBAND_VERBS_H 1
| #define HAVE_LIBIBVERBS 1
| #define HAVE_LIBRDMACM 1
| #define HAVE_REG_DMABUF_MR 1
| #define HAVE_RAW_ETH_REG 1
| #define HAVE_RAW_ETH 1
| #define HAVE_XRCD 1
| #define HAVE_ENDIAN 1
| /* end confdefs.h.  */
| 
| int
| main (void)
| {
| #if !defined(__FreeBSD__)
| 	 #error nope
| 	 #endif
|   ;
|   return 0;
| }
configure:17702: gcc -o conftest -g -O2   conftest.c -lrdmacm -libverbs  >&5
conftest.c: In function 'main':
conftest.c:35:11: error: 'IBV_LINK_LAYER_SCIF' undeclared (first use in this function); did you mean 'IBV_LINK_LAYER_UNSPECIFIED'?
   35 | char *c = IBV_LINK_LAYER_SCIF;
      |           ^~~~~~~~~~~~~~~~~~~
      |           IBV_LINK_LAYER_UNSPECIFIED
conftest.c:35:11: note: each undeclared identifier is reported only once for each function it appears in
configure:17702: $? = 1
configure: failed program was:
| /* confdefs.h */
| #define PACKAGE_NAME "perftest"
| #define PACKAGE_TARNAME "perftest"
| #define PACKAGE_VERSION "6.20"
| #define PACKAGE_STRING "perftest 6.20"
| #define PACKAGE_BUGREPORT "linux-rdma@vger.kernel.org"
| #define PACKAGE_URL ""
| #define PACKAGE "perftest"
| #define VERSION "6.20"
| #define HAVE_STDIO_H 1
| #define HAVE_STDLIB_H 1
| #define HAVE_STRING_H 1
| #define HAVE_INTTYPES_H 1
| #define HAVE_STDINT_H 1
| #define HAVE_STRINGS_H 1
| #define HAVE_SYS_STAT_H 1
| #define HAVE_SYS_TYPES_H 1
| #define HAVE_UNISTD_H 1
| #define STDC_HEADERS 1
| #define HAVE_DLFCN_H 1
| #define LT_OBJDIR ".libs/"
| #define HAVE_INFINIBAND_VERBS_H 1
| #define HAVE_LIBIBVERBS 1
| #define HAVE_LIBRDMACM 1
| #define HAVE_REG_DMABUF_MR 1
| #define HAVE_RAW_ETH_REG 1
| #define HAVE_RAW_ETH 1
| #define HAVE_XRCD 1
| #define HAVE_ENDIAN 1
| /* end confdefs.h.  */
| #include <infiniband/verbs.h>
| int
| main (void)
| {
| char *c = IBV_LINK_LAYER_SCIF;
|   ;
|   return 0;
| }
configure:17737: gcc -o conftest -g -O2   conftest.c -lrdmacm -libverbs  >&5
configure:17737: $? = 0
configure:17780: gcc -o conftest -g -O2   conftest.c -lrdmacm -libverbs  >&5
configure:17780: $? = 0
configure:17809: gcc -o conftest -g -O2   conftest.c -lrdmacm -libverbs  >&5
configure:17809: $? = 0
configure:17843: gcc -o conftest -g -O2   conftest.c -lrdmacm -libverbs  >&5
configure:17843: $? = 0
configure:17877: gcc -o conftest -g -O2   conftest.c -lrdmacm -libverbs  >&5
configure:17877: $? = 0
configure:17910: gcc -o conftest -g -O2   conftest.c -lrdmacm -libverbs  >&5
configure:17910: $? = 0
configure:17944: gcc -o conftest -g -O2   conftest.c -lrdmacm -libverbs  >&5
configure:17944: $? = 0
configure:17978: gcc -o conftest -g -O2   conftest.c -lrdmacm -libverbs  >&5
configure:17978: $? = 0
configure:18012: gcc -o conftest -g -O2   conftest.c -lrdmacm -libverbs  >&5
configure:18012: $? = 0
configure:18037: checking for pci/pci.h
configure:18037: gcc -c -g -O2  conftest.c >&5
configure:18037: $? = 0
configure:18037: result: yes
configure:18047: checking for pci_init in -lpci
configure:18076: gcc -o conftest -g -O2   conftest.c -lpci  -lrdmacm -libverbs  >&5
configure:18076: $? = 0
configure:18086: result: yes
configure:18110: gcc -o conftest -g -O2   conftest.c -lrdmacm -libverbs  >&5
configure:18110: $? = 0
configure:18144: gcc -o conftest -g -O2   conftest.c -lrdmacm -libverbs  -lpci >&5
configure:18144: $? = 0
configure:18302: gcc -o conftest -g -O2   conftest.c -lrdmacm -libverbs  -lpci >&5
configure:18302: $? = 0
configure:18818: gcc -o conftest -g -O2   conftest.c -lrdmacm -libverbs  -lpci >&5
configure:18818: $? = 0
configure:18851: gcc -o conftest -g -O2   conftest.c -lrdmacm -libverbs  -lpci >&5
conftest.c: In function 'main':
conftest.c:49:9: error: 'IBV_OOO_RW_DATA_PLACEMENT' undeclared (first use in this function)
   49 | int x = IBV_OOO_RW_DATA_PLACEMENT;
      |         ^~~~~~~~~~~~~~~~~~~~~~~~~
conftest.c:49:9: note: each undeclared identifier is reported only once for each function it appears in
configure:18851: $? = 1
configure: failed program was:
| /* confdefs.h */
| #define PACKAGE_NAME "perftest"
| #define PACKAGE_TARNAME "perftest"
| #define PACKAGE_VERSION "6.20"
| #define PACKAGE_STRING "perftest 6.20"
| #define PACKAGE_BUGREPORT "linux-rdma@vger.kernel.org"
| #define PACKAGE_URL ""
| #define PACKAGE "perftest"
| #define VERSION "6.20"
| #define HAVE_STDIO_H 1
| #define HAVE_STDLIB_H 1
| #define HAVE_STRING_H 1
| #define HAVE_INTTYPES_H 1
| #define HAVE_STDINT_H 1
| #define HAVE_STRINGS_H 1
| #define HAVE_SYS_STAT_H 1
| #define HAVE_SYS_TYPES_H 1
| #define HAVE_UNISTD_H 1
| #define STDC_HEADERS 1
| #define HAVE_DLFCN_H 1
| #define LT_OBJDIR ".libs/"
| #define HAVE_INFINIBAND_VERBS_H 1
| #define HAVE_LIBIBVERBS 1
| #define HAVE_LIBRDMACM 1
| #define HAVE_REG_DMABUF_MR 1
| #define HAVE_RAW_ETH_REG 1
| #define HAVE_RAW_ETH 1
| #define HAVE_XRCD 1
| #define HAVE_ENDIAN 1
| #define HAVE_GID_TYPE 1
| #define HAVE_IBV_WR_API 1
| #define HAVE_MLX5_DEVX 1
| #define HAVE_DCS 1
| #define HAVE_AES_XTS 1
| #define HAVE_GID_TYPE_DECLARED 1
| #define HAVE_IPV6 1
| #define HAVE_IPV4_EXT 1
| #define HAVE_SNIFFER 1
| #define HAVE_PCI_PCI_H 1
| #define HAVE_RO 1
| #define HAVE_EX 1
| #define HAVE_EX_ODP 1
| #define HAVE_PACKET_PACING 1
| /* end confdefs.h.  */
| #include <infiniband/verbs.h>
| int
| main (void)
| {
| int x = IBV_OOO_RW_DATA_PLACEMENT;
|   ;
|   return 0;
| }
configure:18874: checking for efadv_create_qp_ex in -lefa
configure:18903: gcc -o conftest -g -O2   conftest.c -lefa  -lrdmacm -libverbs  -lpci >&5
configure:18903: $? = 0
configure:18913: result: yes
configure:18933: gcc -o conftest -g -O2   conftest.c -lrdmacm -libverbs  -lpci >&5
configure:18933: $? = 0
configure:18957: gcc -o conftest -g -O2   conftest.c -lrdmacm -libverbs  -lpci >&5
conftest.c: In function 'main':
conftest.c:50:9: error: 'EFADV_DEVICE_ATTR_CAPS_RDMA_WRITE' undeclared (first use in this function); did you mean 'EFADV_DEVICE_ATTR_CAPS_RDMA_READ'?
   50 | int x = EFADV_DEVICE_ATTR_CAPS_RDMA_WRITE;
      |         ^~~~~~~~~~~~~~~~~~~~~~~~~~~~~~~~~
      |         EFADV_DEVICE_ATTR_CAPS_RDMA_READ
conftest.c:50:9: note: each undeclared identifier is reported only once for each function it appears in
configure:18957: $? = 1
configure: failed program was:
| /* confdefs.h */
| #define PACKAGE_NAME "perftest"
| #define PACKAGE_TARNAME "perftest"
| #define PACKAGE_VERSION "6.20"
| #define PACKAGE_STRING "perftest 6.20"
| #define PACKAGE_BUGREPORT "linux-rdma@vger.kernel.org"
| #define PACKAGE_URL ""
| #define PACKAGE "perftest"
| #define VERSION "6.20"
| #define HAVE_STDIO_H 1
| #define HAVE_STDLIB_H 1
| #define HAVE_STRING_H 1
| #define HAVE_INTTYPES_H 1
| #define HAVE_STDINT_H 1
| #define HAVE_STRINGS_H 1
| #define HAVE_SYS_STAT_H 1
| #define HAVE_SYS_TYPES_H 1
| #define HAVE_UNISTD_H 1
| #define STDC_HEADERS 1
| #define HAVE_DLFCN_H 1
| #define LT_OBJDIR ".libs/"
| #define HAVE_INFINIBAND_VERBS_H 1
| #define HAVE_LIBIBVERBS 1
| #define HAVE_LIBRDMACM 1
| #define HAVE_REG_DMABUF_MR 1
| #define HAVE_RAW_ETH_REG 1
| #define HAVE_RAW_ETH 1
| #define HAVE_XRCD 1
| #define HAVE_ENDIAN 1
| #define HAVE_GID_TYPE 1
| #define HAVE_IBV_WR_API 1
| #define HAVE_MLX5_DEVX 1
| #define HAVE_DCS 1
| #define HAVE_AES_XTS 1
| #define HAVE_GID_TYPE_DECLARED 1
| #define HAVE_IPV6 1
| #define HAVE_IPV4_EXT 1
| #define HAVE_SNIFFER 1
| #define HAVE_PCI_PCI_H 1
| #define HAVE_RO 1
| #define HAVE_EX 1
| #define HAVE_EX_ODP 1
| #define HAVE_PACKET_PACING 1
| #define HAVE_SRD_WITH_RDMA_READ 1
| /* end confdefs.h.  */
| #include <infiniband/efadv.h>
| int
| main (void)
| {
| int x = EFADV_DEVICE_ATTR_CAPS_RDMA_WRITE;
|   ;
|   return 0;
| }
configure:18990: checking for mlx5dv_create_qp in -lmlx5
configure:19019: gcc -o conftest -g -O2   conftest.c -lmlx5  -lrdmacm -libverbs  -lpci >&5
configure:19019: $? = 0
configure:19029: result: yes
configure:19161: checking that generated files are newer than configure
configure:19167: result: done
configure:19310: creating ./config.status

## ---------------------- ##
## Running config.status. ##
## ---------------------- ##

This file was extended by perftest config.status 6.20, which was
generated by GNU Autoconf 2.71.  Invocation command line was

  CONFIG_FILES    = 
  CONFIG_HEADERS  = 
  CONFIG_LINKS    = 
  CONFIG_COMMANDS = 
  $ ./config.status 

on narval1

config.status:1236: creating Makefile
config.status:1236: creating config.h
config.status:1417: config.h is unchanged
config.status:1465: executing depfiles commands
config.status:1542: cd .       && sed -e '/# am--include-marker/d' Makefile         | make -f - am--depfiles
make: Nothing to be done for 'am--depfiles'.
config.status:1547: $? = 0
config.status:1465: executing libtool commands

## ---------------- ##
## Cache variables. ##
## ---------------- ##

ac_cv_build=x86_64-pc-linux-gnu
ac_cv_c_compiler_gnu=yes
ac_cv_cxx_compiler_gnu=yes
ac_cv_env_CCASFLAGS_set=
ac_cv_env_CCASFLAGS_value=
ac_cv_env_CCAS_set=
ac_cv_env_CCAS_value=
ac_cv_env_CCC_set=
ac_cv_env_CCC_value=
ac_cv_env_CC_set=
ac_cv_env_CC_value=
ac_cv_env_CFLAGS_set=
ac_cv_env_CFLAGS_value=
ac_cv_env_CPPFLAGS_set=
ac_cv_env_CPPFLAGS_value=
ac_cv_env_CUDA_H_PATH_set=
ac_cv_env_CUDA_H_PATH_value=
ac_cv_env_CXXCPP_set=
ac_cv_env_CXXCPP_value=
ac_cv_env_CXXFLAGS_set=
ac_cv_env_CXXFLAGS_value=
ac_cv_env_CXX_set=
ac_cv_env_CXX_value=
ac_cv_env_LDFLAGS_set=
ac_cv_env_LDFLAGS_value=
ac_cv_env_LIBS_set=
ac_cv_env_LIBS_value=
ac_cv_env_LT_SYS_LIBRARY_PATH_set=
ac_cv_env_LT_SYS_LIBRARY_PATH_value=
ac_cv_env_RANLIB_set=
ac_cv_env_RANLIB_value=
ac_cv_env_build_alias_set=
ac_cv_env_build_alias_value=
ac_cv_env_host_alias_set=
ac_cv_env_host_alias_value=
ac_cv_env_target_alias_set=
ac_cv_env_target_alias_value=
ac_cv_header_dlfcn_h=yes
ac_cv_header_infiniband_verbs_h=yes
ac_cv_header_inttypes_h=yes
ac_cv_header_pci_pci_h=yes
ac_cv_header_stdint_h=yes
ac_cv_header_stdio_h=yes
ac_cv_header_stdlib_h=yes
ac_cv_header_string_h=yes
ac_cv_header_strings_h=yes
ac_cv_header_sys_stat_h=yes
ac_cv_header_sys_types_h=yes
ac_cv_header_unistd_h=yes
ac_cv_host=x86_64-pc-linux-gnu
ac_cv_lib_efa_efadv_create_qp_ex=yes
ac_cv_lib_ibumad_umad_init=yes
ac_cv_lib_ibverbs_ibv_get_device_list=yes
ac_cv_lib_ibverbs_ibv_reg_dmabuf_mr=yes
ac_cv_lib_m_log=yes
ac_cv_lib_mlx5_mlx5dv_create_qp=yes
ac_cv_lib_pci_pci_init=yes
ac_cv_lib_rdmacm_rdma_create_event_channel=yes
ac_cv_objext=o
ac_cv_path_EGREP='/cvmfs/soft.computecanada.ca/gentoo/2023/x86-64-v3/usr/bin/grep -E'
ac_cv_path_FGREP='/cvmfs/soft.computecanada.ca/gentoo/2023/x86-64-v3/usr/bin/grep -F'
ac_cv_path_GREP=/cvmfs/soft.computecanada.ca/gentoo/2023/x86-64-v3/usr/bin/grep
ac_cv_path_SED=/cvmfs/soft.computecanada.ca/gentoo/2023/x86-64-v3/usr/bin/sed
ac_cv_path_install='/cvmfs/soft.computecanada.ca/custom/bin/install -c'
ac_cv_path_lt_DD=/cvmfs/soft.computecanada.ca/gentoo/2023/x86-64-v3/usr/bin/dd
ac_cv_path_mkdir=/cvmfs/soft.computecanada.ca/gentoo/2023/x86-64-v3/usr/bin/mkdir
ac_cv_prog_AWK=gawk
ac_cv_prog_CXXCPP='g++ -E'
ac_cv_prog_ac_ct_AR=ar
ac_cv_prog_ac_ct_CC=gcc
ac_cv_prog_ac_ct_CXX=g++
ac_cv_prog_ac_ct_FILECMD=file
ac_cv_prog_ac_ct_OBJDUMP=objdump
ac_cv_prog_ac_ct_RANLIB=ranlib
ac_cv_prog_ac_ct_STRIP=strip
ac_cv_prog_cc_c11=
ac_cv_prog_cc_g=yes
ac_cv_prog_cc_stdc=
ac_cv_prog_cxx_11=no
ac_cv_prog_cxx_cxx11=
ac_cv_prog_cxx_g=yes
ac_cv_prog_cxx_stdcxx=
ac_cv_prog_make_make_set=yes
am_cv_CCAS_dependencies_compiler_type=gcc3
am_cv_CC_dependencies_compiler_type=gcc3
am_cv_CXX_dependencies_compiler_type=gcc3
am_cv_make_support_nested_variables=yes
am_cv_prog_cc_c_o=yes
lt_cv_ar_at_file=@
lt_cv_archive_cmds_need_lc=no
lt_cv_deplibs_check_method=pass_all
lt_cv_file_magic_cmd='$MAGIC_CMD'
lt_cv_file_magic_test_file=
lt_cv_ld_reload_flag=-r
lt_cv_nm_interface='BSD nm'
lt_cv_objdir=.libs
lt_cv_path_LD=/cvmfs/soft.computecanada.ca/gentoo/2023/x86-64-v3/usr/x86_64-pc-linux-gnu/bin/ld
lt_cv_path_LDCXX='/cvmfs/soft.computecanada.ca/gentoo/2023/x86-64-v3/usr/x86_64-pc-linux-gnu/bin/ld -m elf_x86_64'
lt_cv_path_NM='/cvmfs/soft.computecanada.ca/gentoo/2023/x86-64-v3/usr/bin/nm -B'
lt_cv_path_mainfest_tool=no
lt_cv_prog_compiler_c_o=yes
lt_cv_prog_compiler_c_o_CXX=yes
lt_cv_prog_compiler_pic='-fPIC -DPIC'
lt_cv_prog_compiler_pic_CXX='-fPIC -DPIC'
lt_cv_prog_compiler_pic_works=yes
lt_cv_prog_compiler_pic_works_CXX=yes
lt_cv_prog_compiler_rtti_exceptions=no
lt_cv_prog_compiler_static_works=yes
lt_cv_prog_compiler_static_works_CXX=yes
lt_cv_prog_gnu_ld=yes
lt_cv_prog_gnu_ldcxx=yes
lt_cv_sharedlib_from_linklib_cmd='printf %s\n'
lt_cv_shlibpath_overrides_runpath=yes
lt_cv_sys_global_symbol_pipe='/cvmfs/soft.computecanada.ca/gentoo/2023/x86-64-v3/usr/bin/sed -n -e '\''s/^.*[	 ]\([ABCDGIRSTW][ABCDGIRSTW]*\)[	 ][	 ]*\([_A-Za-z][_A-Za-z0-9]*\)$/\1 \2 \2/p'\'' | /cvmfs/soft.computecanada.ca/gentoo/2023/x86-64-v3/usr/bin/sed '\''/ __gnu_lto/d'\'''
lt_cv_sys_global_symbol_to_c_name_address='/cvmfs/soft.computecanada.ca/gentoo/2023/x86-64-v3/usr/bin/sed -n -e '\''s/^: \(.*\) .*$/  {"\1", (void *) 0},/p'\'' -e '\''s/^[ABCDGIRSTW][ABCDGIRSTW]* .* \(.*\)$/  {"\1", (void *) \&\1},/p'\'''
lt_cv_sys_global_symbol_to_c_name_address_lib_prefix='/cvmfs/soft.computecanada.ca/gentoo/2023/x86-64-v3/usr/bin/sed -n -e '\''s/^: \(.*\) .*$/  {"\1", (void *) 0},/p'\'' -e '\''s/^[ABCDGIRSTW][ABCDGIRSTW]* .* \(lib.*\)$/  {"\1", (void *) \&\1},/p'\'' -e '\''s/^[ABCDGIRSTW][ABCDGIRSTW]* .* \(.*\)$/  {"lib\1", (void *) \&\1},/p'\'''
lt_cv_sys_global_symbol_to_cdecl='/cvmfs/soft.computecanada.ca/gentoo/2023/x86-64-v3/usr/bin/sed -n -e '\''s/^T .* \(.*\)$/extern int \1();/p'\'' -e '\''s/^[ABCDGIRSTW][ABCDGIRSTW]* .* \(.*\)$/extern char \1;/p'\'''
lt_cv_sys_global_symbol_to_import=
lt_cv_sys_max_cmd_len=1572864
lt_cv_to_host_file_cmd=func_convert_file_noop
lt_cv_to_tool_file_cmd=func_convert_file_noop
lt_cv_truncate_bin='/cvmfs/soft.computecanada.ca/gentoo/2023/x86-64-v3/usr/bin/dd bs=4096 count=1'

## ----------------- ##
## Output variables. ##
## ----------------- ##

ACLOCAL='${SHELL} '\''/home/rysilve/perftest-rvma/config/missing'\'' aclocal-1.16'
AMDEPBACKSLASH='\'
AMDEP_FALSE='#'
AMDEP_TRUE=''
AMTAR='$${TAR-tar}'
AM_BACKSLASH='\'
AM_DEFAULT_V='$(AM_DEFAULT_VERBOSITY)'
AM_DEFAULT_VERBOSITY='0'
AM_V='$(V)'
AR='ar'
AUTOCONF='${SHELL} '\''/home/rysilve/perftest-rvma/config/missing'\'' autoconf'
AUTOHEADER='${SHELL} '\''/home/rysilve/perftest-rvma/config/missing'\'' autoheader'
AUTOMAKE='${SHELL} '\''/home/rysilve/perftest-rvma/config/missing'\'' automake-1.16'
AWK='gawk'
CC='gcc'
CCAS='gcc'
CCASDEPMODE='depmode=gcc3'
CCASFLAGS='-g -O2'
CCDEPMODE='depmode=gcc3'
CFLAGS='-g -Wall -D_GNU_SOURCE -O3 -g -O2'
CPPFLAGS=''
CSCOPE='cscope'
CTAGS='ctags'
CUDA_DMA_BUF_PARAMETERS_SUPPORT_FALSE=''
CUDA_DMA_BUF_PARAMETERS_SUPPORT_TRUE='#'
CUDA_FALSE=''
CUDA_H_PATH=''
CUDA_TRUE='#'
CXX='g++'
CXXCPP='g++ -E'
CXXDEPMODE='depmode=gcc3'
CXXFLAGS='-g -O2'
CYGPATH_W='echo'
DEFS='-DHAVE_CONFIG_H'
DEPDIR='.deps'
DLLTOOL='false'
DSYMUTIL=''
DUMPBIN=''
ECHO_C=''
ECHO_N='-n'
ECHO_T=''
EGREP='/cvmfs/soft.computecanada.ca/gentoo/2023/x86-64-v3/usr/bin/grep -E'
ETAGS='etags'
EXEEXT=''
FGREP='/cvmfs/soft.computecanada.ca/gentoo/2023/x86-64-v3/usr/bin/grep -F'
FILECMD='file'
GREP='/cvmfs/soft.computecanada.ca/gentoo/2023/x86-64-v3/usr/bin/grep'
HABANALABS_FALSE=''
HABANALABS_TRUE='#'
HAVE_AES_XTS_FALSE='#'
HAVE_AES_XTS_TRUE=''
HAVE_DCS_FALSE='#'
HAVE_DCS_TRUE=''
HAVE_ENDIAN_FALSE='#'
HAVE_ENDIAN_TRUE=''
HAVE_EX_FALSE='#'
HAVE_EX_ODP_FALSE='#'
HAVE_EX_ODP_TRUE=''
HAVE_EX_TRUE=''
HAVE_GID_TYPE_DECLARED_FALSE='#'
HAVE_GID_TYPE_DECLARED_TRUE=''
HAVE_IBV_WR_API_FALSE='#'
HAVE_IBV_WR_API_TRUE=''
HAVE_IPV4_EXT_FALSE='#'
HAVE_IPV4_EXT_TRUE=''
HAVE_IPV6_FALSE='#'
HAVE_IPV6_TRUE=''
HAVE_MLX5DV_FALSE='#'
HAVE_MLX5DV_LIB_FALSE='#'
HAVE_MLX5DV_LIB_TRUE=''
HAVE_MLX5DV_TRUE=''
HAVE_MLX5_DEVX_FALSE='#'
HAVE_MLX5_DEVX_TRUE=''
HAVE_OOO_ATTR_FALSE=''
HAVE_OOO_ATTR_TRUE='#'
HAVE_PACKET_PACING_FALSE='#'
HAVE_PACKET_PACING_TRUE=''
HAVE_RAW_ETH_FALSE='#'
HAVE_RAW_ETH_REG_FALSE='#'
HAVE_RAW_ETH_REG_TRUE=''
HAVE_RAW_ETH_TRUE=''
HAVE_RO_FALSE='#'
HAVE_RO_TRUE=''
HAVE_SCIF_FALSE=''
HAVE_SCIF_TRUE='#'
HAVE_SNIFFER_FALSE='#'
HAVE_SNIFFER_TRUE=''
HAVE_SRD_FALSE='#'
HAVE_SRD_TRUE=''
HAVE_XRCD_FALSE='#'
HAVE_XRCD_TRUE=''
INSTALL_DATA='${INSTALL} -m 644'
INSTALL_PROGRAM='${INSTALL}'
INSTALL_SCRIPT='${INSTALL}'
INSTALL_STRIP_PROGRAM='$(install_sh) -c -s'
IS_FREEBSD_FALSE=''
IS_FREEBSD_TRUE='#'
LD='/cvmfs/soft.computecanada.ca/gentoo/2023/x86-64-v3/usr/x86_64-pc-linux-gnu/bin/ld -m elf_x86_64'
LDFLAGS=''
LIBEFA='-lefa'
LIBMATH='-lm'
LIBMLX5='-lmlx5'
LIBOBJS=''
LIBS='-lrdmacm -libverbs  -lpci -lpthread'
LIBTOOL='$(SHELL) $(top_builddir)/libtool'
LIBUMAD='-libumad'
LIPO=''
LN_S='ln -s'
LTLIBOBJS=''
LT_SYS_LIBRARY_PATH=''
MAJOR_VERSION=''
MAKEINFO='${SHELL} '\''/home/rysilve/perftest-rvma/config/missing'\'' makeinfo'
MANIFEST_TOOL=':'
MINOR_VERSION=''
MKDIR_P='/cvmfs/soft.computecanada.ca/gentoo/2023/x86-64-v3/usr/bin/mkdir -p'
NEURON_FALSE=''
NEURON_TRUE='#'
NM='/cvmfs/soft.computecanada.ca/gentoo/2023/x86-64-v3/usr/bin/nm -B'
NMEDIT=''
OBJDUMP='objdump'
OBJEXT='o'
OTOOL64=''
OTOOL=''
PACKAGE='perftest'
PACKAGE_BUGREPORT='linux-rdma@vger.kernel.org'
PACKAGE_NAME='perftest'
PACKAGE_STRING='perftest 6.20'
PACKAGE_TARNAME='perftest'
PACKAGE_URL=''
PACKAGE_VERSION='6.20'
PATH_SEPARATOR=':'
RANLIB='ranlib'
ROCM_FALSE=''
ROCM_TRUE='#'
SED='/cvmfs/soft.computecanada.ca/gentoo/2023/x86-64-v3/usr/bin/sed'
SET_MAKE=''
SHELL='/bin/sh'
STRIP='strip'
VERSION='6.20'
ac_ct_AR='ar'
ac_ct_CC='gcc'
ac_ct_CXX='g++'
ac_ct_DUMPBIN=''
am__EXEEXT_FALSE=''
am__EXEEXT_TRUE='#'
am__fastdepCCAS_FALSE='#'
am__fastdepCCAS_TRUE=''
am__fastdepCC_FALSE='#'
am__fastdepCC_TRUE=''
am__fastdepCXX_FALSE='#'
am__fastdepCXX_TRUE=''
am__include='include'
am__isrc=''
am__leading_dot='.'
am__nodep='_no'
am__quote=''
am__tar='$${TAR-tar} chof - "$$tardir"'
am__untar='$${TAR-tar} xf -'
bindir='${exec_prefix}/bin'
build='x86_64-pc-linux-gnu'
build_alias=''
build_cpu='x86_64'
build_os='linux-gnu'
build_vendor='pc'
datadir='${datarootdir}'
datarootdir='${prefix}/share'
docdir='${datarootdir}/doc/${PACKAGE_TARNAME}'
dvidir='${docdir}'
exec_prefix='${prefix}'
host='x86_64-pc-linux-gnu'
host_alias=''
host_cpu='x86_64'
host_os='linux-gnu'
host_vendor='pc'
htmldir='${docdir}'
includedir='${prefix}/include'
infodir='${datarootdir}/info'
install_sh='${SHELL} /home/rysilve/perftest-rvma/config/install-sh'
libdir='${exec_prefix}/lib'
libexecdir='${exec_prefix}/libexec'
localedir='${datarootdir}/locale'
localstatedir='${prefix}/var'
mandir='${datarootdir}/man'
mkdir_p='$(MKDIR_P)'
oldincludedir='/usr/include'
pdfdir='${docdir}'
prefix='/home/rysilve/perftest-rvma/install'
program_transform_name='s,x,x,'
psdir='${docdir}'
runstatedir='${localstatedir}/run'
sbindir='${exec_prefix}/sbin'
sharedstatedir='${prefix}/com'
sysconfdir='${prefix}/etc'
target_alias=''

## ----------- ##
## confdefs.h. ##
## ----------- ##

/* confdefs.h */
#define PACKAGE_NAME "perftest"
#define PACKAGE_TARNAME "perftest"
#define PACKAGE_VERSION "6.20"
#define PACKAGE_STRING "perftest 6.20"
#define PACKAGE_BUGREPORT "linux-rdma@vger.kernel.org"
#define PACKAGE_URL ""
#define PACKAGE "perftest"
#define VERSION "6.20"
#define HAVE_STDIO_H 1
#define HAVE_STDLIB_H 1
#define HAVE_STRING_H 1
#define HAVE_INTTYPES_H 1
#define HAVE_STDINT_H 1
#define HAVE_STRINGS_H 1
#define HAVE_SYS_STAT_H 1
#define HAVE_SYS_TYPES_H 1
#define HAVE_UNISTD_H 1
#define STDC_HEADERS 1
#define HAVE_DLFCN_H 1
#define LT_OBJDIR ".libs/"
#define HAVE_INFINIBAND_VERBS_H 1
#define HAVE_LIBIBVERBS 1
#define HAVE_LIBRDMACM 1
#define HAVE_REG_DMABUF_MR 1
#define HAVE_RAW_ETH_REG 1
#define HAVE_RAW_ETH 1
#define HAVE_XRCD 1
#define HAVE_ENDIAN 1
#define HAVE_GID_TYPE 1
#define HAVE_IBV_WR_API 1
#define HAVE_MLX5_DEVX 1
#define HAVE_DCS 1
#define HAVE_AES_XTS 1
#define HAVE_GID_TYPE_DECLARED 1
#define HAVE_IPV6 1
#define HAVE_IPV4_EXT 1
#define HAVE_SNIFFER 1
#define HAVE_PCI_PCI_H 1
#define HAVE_RO 1
#define HAVE_EX 1
#define HAVE_EX_ODP 1
#define HAVE_PACKET_PACING 1
#define HAVE_SRD_WITH_RDMA_READ 1
#define HAVE_SRD 1
#define HAVE_MLX5DV 1

configure: exit 0

## ---------------------- ##
## Running config.status. ##
## ---------------------- ##

This file was extended by perftest config.status 6.20, which was
generated by GNU Autoconf 2.71.  Invocation command line was

  CONFIG_FILES    = 
  CONFIG_HEADERS  = 
  CONFIG_LINKS    = 
  CONFIG_COMMANDS = 
  $ ./config.status config.h

on narval1

config.status:1236: creating config.h
config.status:1417: config.h is unchanged
